[0.380s] DEBUG:colcon:Command line arguments: ['/usr/bin/colcon', 'build', '--symlink-install', '--packages-select', 'atm_simulation']
[0.380s] DEBUG:colcon:Parsed command line arguments: Namespace(log_base=None, log_level=None, verb_name='build', build_base='build', install_base='install', merge_install=False, symlink_install=True, test_result_base=None, continue_on_error=False, executor='parallel', parallel_workers=12, event_handlers=None, ignore_user_meta=False, metas=['./colcon.meta'], base_paths=['.'], packages_ignore=None, packages_ignore_regex=None, paths=None, packages_up_to=None, packages_up_to_regex=None, packages_above=None, packages_above_and_dependencies=None, packages_above_depth=None, packages_select_by_dep=None, packages_skip_by_dep=None, packages_skip_up_to=None, packages_select_build_failed=False, packages_skip_build_finished=False, packages_select_test_failures=False, packages_skip_test_passed=False, packages_select=['atm_simulation'], packages_skip=None, packages_select_regex=None, packages_skip_regex=None, packages_start=None, packages_end=None, cmake_args=None, cmake_target=None, cmake_target_skip_unavailable=False, cmake_clean_cache=False, cmake_clean_first=False, cmake_force_configure=False, ament_cmake_args=None, catkin_cmake_args=None, catkin_skip_building_tests=False, verb_parser=<colcon_defaults.argument_parser.defaults.DefaultArgumentsDecorator object at 0x7fca53ff53a0>, verb_extension=<colcon_core.verb.build.BuildVerb object at 0x7fca53ff5100>, main=<bound method BuildVerb.main of <colcon_core.verb.build.BuildVerb object at 0x7fca53ff5100>>)
[0.469s] Level 1:colcon.colcon_core.package_discovery:discover_packages(colcon_meta) check parameters
[0.470s] Level 1:colcon.colcon_core.package_discovery:discover_packages(recursive) check parameters
[0.470s] Level 1:colcon.colcon_core.package_discovery:discover_packages(ignore) check parameters
[0.470s] Level 1:colcon.colcon_core.package_discovery:discover_packages(path) check parameters
[0.470s] Level 1:colcon.colcon_core.package_discovery:discover_packages(colcon_meta) discover
[0.470s] Level 1:colcon.colcon_core.package_discovery:discover_packages(recursive) discover
[0.470s] INFO:colcon.colcon_core.package_discovery:Crawling recursively for packages in '/home/gonzalo/grodi_atm'
[0.470s] Level 1:colcon.colcon_core.package_identification:_identify(.) by extensions ['ignore', 'ignore_ament_install']
[0.470s] Level 1:colcon.colcon_core.package_identification:_identify(.) by extension 'ignore'
[0.470s] Level 1:colcon.colcon_core.package_identification:_identify(.) by extension 'ignore_ament_install'
[0.470s] Level 1:colcon.colcon_core.package_identification:_identify(.) by extensions ['colcon_pkg']
[0.470s] Level 1:colcon.colcon_core.package_identification:_identify(.) by extension 'colcon_pkg'
[0.470s] Level 1:colcon.colcon_core.package_identification:_identify(.) by extensions ['colcon_meta']
[0.470s] Level 1:colcon.colcon_core.package_identification:_identify(.) by extension 'colcon_meta'
[0.470s] Level 1:colcon.colcon_core.package_identification:_identify(.) by extensions ['ros']
[0.470s] Level 1:colcon.colcon_core.package_identification:_identify(.) by extension 'ros'
[0.515s] Level 1:colcon.colcon_core.package_identification:_identify(.) by extensions ['cmake', 'python']
[0.515s] Level 1:colcon.colcon_core.package_identification:_identify(.) by extension 'cmake'
[0.515s] Level 1:colcon.colcon_core.package_identification:_identify(.) by extension 'python'
[0.515s] Level 1:colcon.colcon_core.package_identification:_identify(.) by extensions ['python_setup_py']
[0.515s] Level 1:colcon.colcon_core.package_identification:_identify(.) by extension 'python_setup_py'
[0.515s] Level 1:colcon.colcon_core.package_identification:_identify(build) by extensions ['ignore', 'ignore_ament_install']
[0.516s] Level 1:colcon.colcon_core.package_identification:_identify(build) by extension 'ignore'
[0.516s] Level 1:colcon.colcon_core.package_identification:_identify(build) ignored
[0.516s] Level 1:colcon.colcon_core.package_identification:_identify(docs) by extensions ['ignore', 'ignore_ament_install']
[0.516s] Level 1:colcon.colcon_core.package_identification:_identify(docs) by extension 'ignore'
[0.516s] Level 1:colcon.colcon_core.package_identification:_identify(docs) by extension 'ignore_ament_install'
[0.516s] Level 1:colcon.colcon_core.package_identification:_identify(docs) by extensions ['colcon_pkg']
[0.516s] Level 1:colcon.colcon_core.package_identification:_identify(docs) by extension 'colcon_pkg'
[0.516s] Level 1:colcon.colcon_core.package_identification:_identify(docs) by extensions ['colcon_meta']
[0.516s] Level 1:colcon.colcon_core.package_identification:_identify(docs) by extension 'colcon_meta'
[0.516s] Level 1:colcon.colcon_core.package_identification:_identify(docs) by extensions ['ros']
[0.516s] Level 1:colcon.colcon_core.package_identification:_identify(docs) by extension 'ros'
[0.517s] Level 1:colcon.colcon_core.package_identification:_identify(docs) by extensions ['cmake', 'python']
[0.517s] Level 1:colcon.colcon_core.package_identification:_identify(docs) by extension 'cmake'
[0.517s] Level 1:colcon.colcon_core.package_identification:_identify(docs) by extension 'python'
[0.517s] Level 1:colcon.colcon_core.package_identification:_identify(docs) by extensions ['python_setup_py']
[0.517s] Level 1:colcon.colcon_core.package_identification:_identify(docs) by extension 'python_setup_py'
[0.517s] Level 1:colcon.colcon_core.package_identification:_identify(install) by extensions ['ignore', 'ignore_ament_install']
[0.517s] Level 1:colcon.colcon_core.package_identification:_identify(install) by extension 'ignore'
[0.517s] Level 1:colcon.colcon_core.package_identification:_identify(install) ignored
[0.518s] Level 1:colcon.colcon_core.package_identification:_identify(log) by extensions ['ignore', 'ignore_ament_install']
[0.518s] Level 1:colcon.colcon_core.package_identification:_identify(log) by extension 'ignore'
[0.518s] Level 1:colcon.colcon_core.package_identification:_identify(log) ignored
[0.519s] Level 1:colcon.colcon_core.package_identification:_identify(src) by extensions ['ignore', 'ignore_ament_install']
[0.519s] Level 1:colcon.colcon_core.package_identification:_identify(src) by extension 'ignore'
[0.519s] Level 1:colcon.colcon_core.package_identification:_identify(src) by extension 'ignore_ament_install'
[0.519s] Level 1:colcon.colcon_core.package_identification:_identify(src) by extensions ['colcon_pkg']
[0.519s] Level 1:colcon.colcon_core.package_identification:_identify(src) by extension 'colcon_pkg'
[0.519s] Level 1:colcon.colcon_core.package_identification:_identify(src) by extensions ['colcon_meta']
[0.519s] Level 1:colcon.colcon_core.package_identification:_identify(src) by extension 'colcon_meta'
[0.519s] Level 1:colcon.colcon_core.package_identification:_identify(src) by extensions ['ros']
[0.519s] Level 1:colcon.colcon_core.package_identification:_identify(src) by extension 'ros'
[0.520s] Level 1:colcon.colcon_core.package_identification:_identify(src) by extensions ['cmake', 'python']
[0.520s] Level 1:colcon.colcon_core.package_identification:_identify(src) by extension 'cmake'
[0.520s] Level 1:colcon.colcon_core.package_identification:_identify(src) by extension 'python'
[0.520s] Level 1:colcon.colcon_core.package_identification:_identify(src) by extensions ['python_setup_py']
[0.520s] Level 1:colcon.colcon_core.package_identification:_identify(src) by extension 'python_setup_py'
[0.520s] Level 1:colcon.colcon_core.package_identification:_identify(src/atm_bringup) by extensions ['ignore', 'ignore_ament_install']
[0.520s] Level 1:colcon.colcon_core.package_identification:_identify(src/atm_bringup) by extension 'ignore'
[0.521s] Level 1:colcon.colcon_core.package_identification:_identify(src/atm_bringup) by extension 'ignore_ament_install'
[0.521s] Level 1:colcon.colcon_core.package_identification:_identify(src/atm_bringup) by extensions ['colcon_pkg']
[0.521s] Level 1:colcon.colcon_core.package_identification:_identify(src/atm_bringup) by extension 'colcon_pkg'
[0.521s] Level 1:colcon.colcon_core.package_identification:_identify(src/atm_bringup) by extensions ['colcon_meta']
[0.521s] Level 1:colcon.colcon_core.package_identification:_identify(src/atm_bringup) by extension 'colcon_meta'
[0.521s] Level 1:colcon.colcon_core.package_identification:_identify(src/atm_bringup) by extensions ['ros']
[0.521s] Level 1:colcon.colcon_core.package_identification:_identify(src/atm_bringup) by extension 'ros'
[0.526s] DEBUG:colcon.colcon_core.package_identification:Package 'src/atm_bringup' with type 'ros.ament_python' and name 'atm_bringup'
[0.526s] Level 1:colcon.colcon_core.package_identification:_identify(src/atm_interfaces) by extensions ['ignore', 'ignore_ament_install']
[0.526s] Level 1:colcon.colcon_core.package_identification:_identify(src/atm_interfaces) by extension 'ignore'
[0.526s] Level 1:colcon.colcon_core.package_identification:_identify(src/atm_interfaces) by extension 'ignore_ament_install'
[0.526s] Level 1:colcon.colcon_core.package_identification:_identify(src/atm_interfaces) by extensions ['colcon_pkg']
[0.526s] Level 1:colcon.colcon_core.package_identification:_identify(src/atm_interfaces) by extension 'colcon_pkg'
[0.526s] Level 1:colcon.colcon_core.package_identification:_identify(src/atm_interfaces) by extensions ['colcon_meta']
[0.526s] Level 1:colcon.colcon_core.package_identification:_identify(src/atm_interfaces) by extension 'colcon_meta'
[0.526s] Level 1:colcon.colcon_core.package_identification:_identify(src/atm_interfaces) by extensions ['ros']
[0.527s] Level 1:colcon.colcon_core.package_identification:_identify(src/atm_interfaces) by extension 'ros'
[0.528s] DEBUG:colcon.colcon_core.package_identification:Package 'src/atm_interfaces' with type 'ros.ament_cmake' and name 'atm_interfaces'
[0.528s] Level 1:colcon.colcon_core.package_identification:_identify(src/atm_link) by extensions ['ignore', 'ignore_ament_install']
[0.528s] Level 1:colcon.colcon_core.package_identification:_identify(src/atm_link) by extension 'ignore'
[0.528s] Level 1:colcon.colcon_core.package_identification:_identify(src/atm_link) by extension 'ignore_ament_install'
[0.528s] Level 1:colcon.colcon_core.package_identification:_identify(src/atm_link) by extensions ['colcon_pkg']
[0.528s] Level 1:colcon.colcon_core.package_identification:_identify(src/atm_link) by extension 'colcon_pkg'
[0.528s] Level 1:colcon.colcon_core.package_identification:_identify(src/atm_link) by extensions ['colcon_meta']
[0.528s] Level 1:colcon.colcon_core.package_identification:_identify(src/atm_link) by extension 'colcon_meta'
[0.528s] Level 1:colcon.colcon_core.package_identification:_identify(src/atm_link) by extensions ['ros']
[0.528s] Level 1:colcon.colcon_core.package_identification:_identify(src/atm_link) by extension 'ros'
[0.529s] DEBUG:colcon.colcon_core.package_identification:Package 'src/atm_link' with type 'ros.ament_python' and name 'atm_link'
[0.530s] Level 1:colcon.colcon_core.package_identification:_identify(src/atm_logging) by extensions ['ignore', 'ignore_ament_install']
[0.530s] Level 1:colcon.colcon_core.package_identification:_identify(src/atm_logging) by extension 'ignore'
[0.530s] Level 1:colcon.colcon_core.package_identification:_identify(src/atm_logging) by extension 'ignore_ament_install'
[0.530s] Level 1:colcon.colcon_core.package_identification:_identify(src/atm_logging) by extensions ['colcon_pkg']
[0.530s] Level 1:colcon.colcon_core.package_identification:_identify(src/atm_logging) by extension 'colcon_pkg'
[0.530s] Level 1:colcon.colcon_core.package_identification:_identify(src/atm_logging) by extensions ['colcon_meta']
[0.530s] Level 1:colcon.colcon_core.package_identification:_identify(src/atm_logging) by extension 'colcon_meta'
[0.530s] Level 1:colcon.colcon_core.package_identification:_identify(src/atm_logging) by extensions ['ros']
[0.530s] Level 1:colcon.colcon_core.package_identification:_identify(src/atm_logging) by extension 'ros'
[0.532s] DEBUG:colcon.colcon_core.package_identification:Package 'src/atm_logging' with type 'ros.ament_python' and name 'atm_logging'
[0.532s] Level 1:colcon.colcon_core.package_identification:_identify(src/atm_master) by extensions ['ignore', 'ignore_ament_install']
[0.532s] Level 1:colcon.colcon_core.package_identification:_identify(src/atm_master) by extension 'ignore'
[0.532s] Level 1:colcon.colcon_core.package_identification:_identify(src/atm_master) by extension 'ignore_ament_install'
[0.533s] Level 1:colcon.colcon_core.package_identification:_identify(src/atm_master) by extensions ['colcon_pkg']
[0.533s] Level 1:colcon.colcon_core.package_identification:_identify(src/atm_master) by extension 'colcon_pkg'
[0.533s] Level 1:colcon.colcon_core.package_identification:_identify(src/atm_master) by extensions ['colcon_meta']
[0.533s] Level 1:colcon.colcon_core.package_identification:_identify(src/atm_master) by extension 'colcon_meta'
[0.533s] Level 1:colcon.colcon_core.package_identification:_identify(src/atm_master) by extensions ['ros']
[0.533s] Level 1:colcon.colcon_core.package_identification:_identify(src/atm_master) by extension 'ros'
[0.534s] DEBUG:colcon.colcon_core.package_identification:Package 'src/atm_master' with type 'ros.ament_python' and name 'atm_master'
[0.535s] Level 1:colcon.colcon_core.package_identification:_identify(src/atm_simulation) by extensions ['ignore', 'ignore_ament_install']
[0.535s] Level 1:colcon.colcon_core.package_identification:_identify(src/atm_simulation) by extension 'ignore'
[0.536s] Level 1:colcon.colcon_core.package_identification:_identify(src/atm_simulation) by extension 'ignore_ament_install'
[0.536s] Level 1:colcon.colcon_core.package_identification:_identify(src/atm_simulation) by extensions ['colcon_pkg']
[0.536s] Level 1:colcon.colcon_core.package_identification:_identify(src/atm_simulation) by extension 'colcon_pkg'
[0.536s] Level 1:colcon.colcon_core.package_identification:_identify(src/atm_simulation) by extensions ['colcon_meta']
[0.536s] Level 1:colcon.colcon_core.package_identification:_identify(src/atm_simulation) by extension 'colcon_meta'
[0.536s] Level 1:colcon.colcon_core.package_identification:_identify(src/atm_simulation) by extensions ['ros']
[0.536s] Level 1:colcon.colcon_core.package_identification:_identify(src/atm_simulation) by extension 'ros'
[0.537s] DEBUG:colcon.colcon_core.package_identification:Package 'src/atm_simulation' with type 'ros.ament_python' and name 'atm_simulation'
[0.538s] Level 1:colcon.colcon_core.package_identification:_identify(src/atm_slave) by extensions ['ignore', 'ignore_ament_install']
[0.538s] Level 1:colcon.colcon_core.package_identification:_identify(src/atm_slave) by extension 'ignore'
[0.538s] Level 1:colcon.colcon_core.package_identification:_identify(src/atm_slave) by extension 'ignore_ament_install'
[0.539s] Level 1:colcon.colcon_core.package_identification:_identify(src/atm_slave) by extensions ['colcon_pkg']
[0.539s] Level 1:colcon.colcon_core.package_identification:_identify(src/atm_slave) by extension 'colcon_pkg'
[0.539s] Level 1:colcon.colcon_core.package_identification:_identify(src/atm_slave) by extensions ['colcon_meta']
[0.539s] Level 1:colcon.colcon_core.package_identification:_identify(src/atm_slave) by extension 'colcon_meta'
[0.539s] Level 1:colcon.colcon_core.package_identification:_identify(src/atm_slave) by extensions ['ros']
[0.539s] Level 1:colcon.colcon_core.package_identification:_identify(src/atm_slave) by extension 'ros'
[0.542s] DEBUG:colcon.colcon_core.package_identification:Package 'src/atm_slave' with type 'ros.ament_python' and name 'atm_slave'
[0.542s] Level 1:colcon.colcon_core.package_discovery:discover_packages(recursive) using defaults
[0.542s] Level 1:colcon.colcon_core.package_discovery:discover_packages(ignore) discover
[0.542s] Level 1:colcon.colcon_core.package_discovery:discover_packages(ignore) using defaults
[0.542s] Level 1:colcon.colcon_core.package_discovery:discover_packages(path) discover
[0.542s] Level 1:colcon.colcon_core.package_discovery:discover_packages(path) using defaults
[0.594s] INFO:colcon.colcon_core.package_selection:Skipping not selected package 'atm_interfaces' in 'src/atm_interfaces'
[0.594s] INFO:colcon.colcon_core.package_selection:Skipping not selected package 'atm_link' in 'src/atm_link'
[0.594s] INFO:colcon.colcon_core.package_selection:Skipping not selected package 'atm_logging' in 'src/atm_logging'
[0.594s] INFO:colcon.colcon_core.package_selection:Skipping not selected package 'atm_master' in 'src/atm_master'
[0.594s] INFO:colcon.colcon_core.package_selection:Skipping not selected package 'atm_slave' in 'src/atm_slave'
[0.594s] INFO:colcon.colcon_core.package_selection:Skipping not selected package 'atm_bringup' in 'src/atm_bringup'
[0.595s] Level 5:colcon.colcon_core.verb:set package 'atm_simulation' build argument 'cmake_args' from command line to 'None'
[0.595s] Level 5:colcon.colcon_core.verb:set package 'atm_simulation' build argument 'cmake_target' from command line to 'None'
[0.595s] Level 5:colcon.colcon_core.verb:set package 'atm_simulation' build argument 'cmake_target_skip_unavailable' from command line to 'False'
[0.595s] Level 5:colcon.colcon_core.verb:set package 'atm_simulation' build argument 'cmake_clean_cache' from command line to 'False'
[0.595s] Level 5:colcon.colcon_core.verb:set package 'atm_simulation' build argument 'cmake_clean_first' from command line to 'False'
[0.595s] Level 5:colcon.colcon_core.verb:set package 'atm_simulation' build argument 'cmake_force_configure' from command line to 'False'
[0.595s] Level 5:colcon.colcon_core.verb:set package 'atm_simulation' build argument 'ament_cmake_args' from command line to 'None'
[0.595s] Level 5:colcon.colcon_core.verb:set package 'atm_simulation' build argument 'catkin_cmake_args' from command line to 'None'
[0.595s] Level 5:colcon.colcon_core.verb:set package 'atm_simulation' build argument 'catkin_skip_building_tests' from command line to 'False'
[0.595s] DEBUG:colcon.colcon_core.verb:Building package 'atm_simulation' with the following arguments: {'ament_cmake_args': None, 'build_base': '/home/gonzalo/grodi_atm/build/atm_simulation', 'catkin_cmake_args': None, 'catkin_skip_building_tests': False, 'cmake_args': None, 'cmake_clean_cache': False, 'cmake_clean_first': False, 'cmake_force_configure': False, 'cmake_target': None, 'cmake_target_skip_unavailable': False, 'install_base': '/home/gonzalo/grodi_atm/install/atm_simulation', 'merge_install': False, 'path': '/home/gonzalo/grodi_atm/src/atm_simulation', 'symlink_install': True, 'test_result_base': None}
[0.595s] INFO:colcon.colcon_core.executor:Executing jobs using 'parallel' executor
[0.597s] DEBUG:colcon.colcon_parallel_executor.executor.parallel:run_until_complete
[0.597s] INFO:colcon.colcon_ros.task.ament_python.build:Building ROS package in '/home/gonzalo/grodi_atm/src/atm_simulation' with build type 'ament_python'
[0.597s] Level 1:colcon.colcon_core.shell:create_environment_hook('atm_simulation', 'ament_prefix_path')
[0.605s] INFO:colcon.colcon_core.plugin_system:Skipping extension 'colcon_core.shell.bat': Not used on non-Windows systems
[0.606s] INFO:colcon.colcon_core.shell:Creating environment descriptor '/home/gonzalo/grodi_atm/install/atm_simulation/share/atm_simulation/hook/ament_prefix_path.dsv'
[0.607s] INFO:colcon.colcon_core.shell:Creating environment hook '/home/gonzalo/grodi_atm/install/atm_simulation/share/atm_simulation/hook/ament_prefix_path.sh'
[0.608s] DEBUG:colcon.colcon_core.shell:Skip shell extension 'dsv' for command environment
[0.968s] INFO:colcon.colcon_core.task.python.build:Building Python package in '/home/gonzalo/grodi_atm/src/atm_simulation'
[0.968s] DEBUG:colcon.colcon_core.shell:Skip shell extension 'dsv' for command environment
[2.119s] DEBUG:colcon.colcon_core.task.python.build:While undoing a previous installation files outside the Python library path are being ignored: /home/gonzalo/grodi_atm/install/atm_simulation/share/ament_index/resource_index/packages/atm_simulation
[2.120s] DEBUG:colcon.colcon_core.task.python.build:While undoing a previous installation files outside the Python library path are being ignored: /home/gonzalo/grodi_atm/install/atm_simulation/share/atm_simulation/package.xml
[2.120s] DEBUG:colcon.colcon_core.task.python.build:While undoing a previous installation files outside the Python library path are being ignored: /home/gonzalo/grodi_atm/install/atm_simulation/share/atm_simulation/launch/atomizer_world.launch.py
[2.120s] DEBUG:colcon.colcon_core.task.python.build:While undoing a previous installation files outside the Python library path are being ignored: /home/gonzalo/grodi_atm/install/atm_simulation/share/atm_simulation/launch/atomizer_demo.launch.py
[2.120s] DEBUG:colcon.colcon_core.task.python.build:While undoing a previous installation files outside the Python library path are being ignored: /home/gonzalo/grodi_atm/install/atm_simulation/share/atm_simulation/worlds/atomizer_greenhouse.sdf
[2.121s] DEBUG:colcon.colcon_core.task.python.build:While undoing a previous installation files outside the Python library path are being ignored: /home/gonzalo/grodi_atm/install/atm_simulation/lib/atm_simulation/atomizer_demo_sequence_node
[2.121s] DEBUG:colcon.colcon_core.task.python.build:While undoing a previous installation files outside the Python library path are being ignored: /home/gonzalo/grodi_atm/install/atm_simulation/lib/atm_simulation/gazebo_atomizer_controller_node
[2.126s] DEBUG:colcon.colcon_core.event_handler.log_command:Invoking command in '/home/gonzalo/grodi_atm/build/atm_simulation': PYTHONPATH=/home/gonzalo/grodi_atm/build/atm_simulation/prefix_override:/usr/lib/python3/dist-packages/colcon_core/task/python/colcon_distutils_commands:/home/gonzalo/grodi_atm/install/atm_simulation/lib/python3.12/site-packages:${PYTHONPATH} /usr/bin/python3 -W ignore:setup.py install is deprecated -W ignore:easy_install command is deprecated setup.py develop --editable --build-directory /home/gonzalo/grodi_atm/build/atm_simulation/build --no-deps symlink_data --force
[2.822s] DEBUG:colcon.colcon_core.event_handler.log_command:Invoked command in '/home/gonzalo/grodi_atm/build/atm_simulation' returned '1': PYTHONPATH=/home/gonzalo/grodi_atm/build/atm_simulation/prefix_override:/usr/lib/python3/dist-packages/colcon_core/task/python/colcon_distutils_commands:/home/gonzalo/grodi_atm/install/atm_simulation/lib/python3.12/site-packages:${PYTHONPATH} /usr/bin/python3 -W ignore:setup.py install is deprecated -W ignore:easy_install command is deprecated setup.py develop --editable --build-directory /home/gonzalo/grodi_atm/build/atm_simulation/build --no-deps symlink_data --force
[2.832s] DEBUG:colcon.colcon_parallel_executor.executor.parallel:closing loop
[2.832s] DEBUG:colcon.colcon_parallel_executor.executor.parallel:loop closed
[2.832s] DEBUG:colcon.colcon_parallel_executor.executor.parallel:run_until_complete finished with '1'
[2.832s] DEBUG:colcon.colcon_core.event_reactor:joining thread
[2.927s] INFO:colcon.colcon_core.plugin_system:Skipping extension 'colcon_notification.desktop_notification.notify_send': Could not find 'notify-send'
[2.927s] INFO:colcon.colcon_core.plugin_system:Skipping extension 'colcon_notification.desktop_notification.terminal_notifier': Not used on non-Darwin systems
[2.927s] INFO:colcon.colcon_core.plugin_system:Skipping extension 'colcon_notification.desktop_notification.win32': Not used on non-Windows systems
[2.927s] INFO:colcon.colcon_notification.desktop_notification:Sending desktop notification using 'notify2'
[2.937s] DEBUG:colcon.colcon_notification.desktop_notification.notify2:Failed to initialize notify2: org.freedesktop.DBus.Error.ServiceUnknown: The name org.freedesktop.Notifications was not provided by any .service files
[2.937s] DEBUG:colcon.colcon_core.event_reactor:joined thread
[2.937s] INFO:colcon.colcon_core.shell:Creating prefix script '/home/gonzalo/grodi_atm/install/local_setup.sh'
[2.940s] INFO:colcon.colcon_core.shell:Creating prefix util module '/home/gonzalo/grodi_atm/install/_local_setup_util_sh.py'
[2.942s] INFO:colcon.colcon_core.shell:Creating prefix chain script '/home/gonzalo/grodi_atm/install/setup.sh'
[2.944s] INFO:colcon.colcon_core.shell:Creating prefix script '/home/gonzalo/grodi_atm/install/local_setup.bash'
[2.945s] INFO:colcon.colcon_core.shell:Creating prefix chain script '/home/gonzalo/grodi_atm/install/setup.bash'
[2.947s] INFO:colcon.colcon_core.shell:Creating prefix script '/home/gonzalo/grodi_atm/install/local_setup.zsh'
[2.948s] INFO:colcon.colcon_core.shell:Creating prefix chain script '/home/gonzalo/grodi_atm/install/setup.zsh'
