[0.023s] Invoking command in '/home/gonzalo/grodi_atm/build/atm_interfaces': CMAKE_PREFIX_PATH=${CMAKE_PREFIX_PATH}:/home/gonzalo/grodi_atm/install/atm_bringup:/home/gonzalo/grodi_atm/install/atm_slave:/home/gonzalo/grodi_atm/install/atm_simulation:/home/gonzalo/grodi_atm/install/atm_master:/home/gonzalo/grodi_atm/install/atm_logging:/home/gonzalo/grodi_atm/install/atm_link:/opt/ros/jazzy /usr/bin/cmake /home/gonzalo/grodi_atm/src/atm_interfaces -DCMAKE_INSTALL_PREFIX=/home/gonzalo/grodi_atm/install/atm_interfaces
[0.078s] -- Found ament_cmake: 2.5.6 (/opt/ros/jazzy/share/ament_cmake/cmake)
[0.193s] -- Override CMake install command with custom implementation using symlinks instead of copying resources
[0.219s] -- Found rosidl_default_generators: 1.6.0 (/opt/ros/jazzy/share/rosidl_default_generators/cmake)
[0.228s] -- Using all available rosidl_typesupport_c: rosidl_typesupport_fastrtps_c;rosidl_typesupport_introspection_c
[0.399s] -- Using all available rosidl_typesupport_cpp: rosidl_typesupport_fastrtps_cpp;rosidl_typesupport_introspection_cpp
[0.448s] -- Found rosidl_adapter: 4.6.7 (/opt/ros/jazzy/share/rosidl_adapter/cmake)
[0.453s] -- Found builtin_interfaces: 2.0.3 (/opt/ros/jazzy/share/builtin_interfaces/cmake)
[0.931s] -- Found ament_cmake_ros: 0.12.0 (/opt/ros/jazzy/share/ament_cmake_ros/cmake)
[1.042s] -- Using all available rosidl_typesupport_c: rosidl_typesupport_fastrtps_c;rosidl_typesupport_introspection_c
[1.178s] -- Using all available rosidl_typesupport_cpp: rosidl_typesupport_fastrtps_cpp;rosidl_typesupport_introspection_cpp
[1.180s] -- Found python_cmake_module: 0.11.1 (/opt/ros/jazzy/share/python_cmake_module/cmake)
[1.444s] -- Found Python3: /usr/bin/python3 (found version "3.12.3") found components: Interpreter Development NumPy Development.Module Development.Embed 
[1.496s] -- Found Python3: /usr/bin/python3 (found version "3.12.3") found components: Interpreter 
[1.508s] -- Found ament_lint_auto: 0.17.5 (/opt/ros/jazzy/share/ament_lint_auto/cmake)
[1.539s] -- Added test 'lint_cmake' to check CMake code style
[1.541s] -- Added test 'xmllint' to check XML markup files
[1.548s] -- Configuring done (1.5s)
[1.671s] -- Generating done (0.1s)
[1.688s] -- Build files have been written to: /home/gonzalo/grodi_atm/build/atm_interfaces
[1.698s] Invoked command in '/home/gonzalo/grodi_atm/build/atm_interfaces' returned '0': CMAKE_PREFIX_PATH=${CMAKE_PREFIX_PATH}:/home/gonzalo/grodi_atm/install/atm_bringup:/home/gonzalo/grodi_atm/install/atm_slave:/home/gonzalo/grodi_atm/install/atm_simulation:/home/gonzalo/grodi_atm/install/atm_master:/home/gonzalo/grodi_atm/install/atm_logging:/home/gonzalo/grodi_atm/install/atm_link:/opt/ros/jazzy /usr/bin/cmake /home/gonzalo/grodi_atm/src/atm_interfaces -DCMAKE_INSTALL_PREFIX=/home/gonzalo/grodi_atm/install/atm_interfaces
[1.699s] Invoking command in '/home/gonzalo/grodi_atm/build/atm_interfaces': CMAKE_PREFIX_PATH=${CMAKE_PREFIX_PATH}:/home/gonzalo/grodi_atm/install/atm_bringup:/home/gonzalo/grodi_atm/install/atm_slave:/home/gonzalo/grodi_atm/install/atm_simulation:/home/gonzalo/grodi_atm/install/atm_master:/home/gonzalo/grodi_atm/install/atm_logging:/home/gonzalo/grodi_atm/install/atm_link:/opt/ros/jazzy /usr/bin/cmake --build /home/gonzalo/grodi_atm/build/atm_interfaces -- -j12 -l12
[1.767s] [  1%] Built target atm_interfaces__rosidl_generator_type_description
[1.769s] [  1%] Built target atm_interfaces__rs
[1.779s] [  1%] Built target ament_cmake_python_symlink_atm_interfaces
[1.791s] [  1%] Built target atm_interfaces__cpp
[1.843s] [ 29%] Built target atm_interfaces__rosidl_generator_c
[1.898s] [ 39%] Built target atm_interfaces__rosidl_typesupport_c
[1.899s] [ 49%] Built target atm_interfaces__rosidl_typesupport_introspection_c
[1.913s] [ 59%] Built target atm_interfaces__rosidl_typesupport_introspection_cpp
[1.914s] [ 68%] Built target atm_interfaces__rosidl_typesupport_cpp
[1.920s] [ 78%] Built target atm_interfaces__rosidl_typesupport_fastrtps_c
[1.921s] [ 88%] Built target atm_interfaces__rosidl_typesupport_fastrtps_cpp
[1.948s] [ 88%] Built target atm_interfaces
[1.972s] [ 88%] Built target atm_interfaces__py
[2.023s] [ 97%] Built target atm_interfaces__rosidl_generator_py
[2.049s] [100%] Built target atm_interfaces_s__rosidl_typesupport_c
[2.049s] [100%] Built target atm_interfaces_s__rosidl_typesupport_introspection_c
[2.050s] [100%] Built target atm_interfaces_s__rosidl_typesupport_fastrtps_c
[2.051s] running egg_info
[2.071s] writing atm_interfaces.egg-info/PKG-INFO
[2.071s] writing dependency_links to atm_interfaces.egg-info/dependency_links.txt
[2.071s] writing top-level names to atm_interfaces.egg-info/top_level.txt
[2.128s] reading manifest file 'atm_interfaces.egg-info/SOURCES.txt'
[2.129s] writing manifest file 'atm_interfaces.egg-info/SOURCES.txt'
[2.152s] [100%] Built target ament_cmake_python_build_atm_interfaces_egg
[2.165s] Invoked command in '/home/gonzalo/grodi_atm/build/atm_interfaces' returned '0': CMAKE_PREFIX_PATH=${CMAKE_PREFIX_PATH}:/home/gonzalo/grodi_atm/install/atm_bringup:/home/gonzalo/grodi_atm/install/atm_slave:/home/gonzalo/grodi_atm/install/atm_simulation:/home/gonzalo/grodi_atm/install/atm_master:/home/gonzalo/grodi_atm/install/atm_logging:/home/gonzalo/grodi_atm/install/atm_link:/opt/ros/jazzy /usr/bin/cmake --build /home/gonzalo/grodi_atm/build/atm_interfaces -- -j12 -l12
[2.174s] Invoking command in '/home/gonzalo/grodi_atm/build/atm_interfaces': CMAKE_PREFIX_PATH=${CMAKE_PREFIX_PATH}:/home/gonzalo/grodi_atm/install/atm_bringup:/home/gonzalo/grodi_atm/install/atm_slave:/home/gonzalo/grodi_atm/install/atm_simulation:/home/gonzalo/grodi_atm/install/atm_master:/home/gonzalo/grodi_atm/install/atm_logging:/home/gonzalo/grodi_atm/install/atm_link:/opt/ros/jazzy /usr/bin/cmake --install /home/gonzalo/grodi_atm/build/atm_interfaces
[2.183s] -- Install configuration: ""
[2.184s] -- Execute custom install script
[2.184s] -- Up-to-date symlink: /home/gonzalo/grodi_atm/install/atm_interfaces/share/ament_index/resource_index/rosidl_interfaces/atm_interfaces
[2.185s] -- Up-to-date symlink: /home/gonzalo/grodi_atm/install/atm_interfaces/share/atm_interfaces/msg/Heartbeat.json
[2.185s] -- Up-to-date symlink: /home/gonzalo/grodi_atm/install/atm_interfaces/share/atm_interfaces/msg/MissionState.json
[2.186s] -- Up-to-date symlink: /home/gonzalo/grodi_atm/install/atm_interfaces/share/atm_interfaces/msg/MissionEvent.json
[2.186s] -- Up-to-date symlink: /home/gonzalo/grodi_atm/install/atm_interfaces/share/atm_interfaces/msg/FaultReport.json
[2.187s] -- Up-to-date symlink: /home/gonzalo/grodi_atm/install/atm_interfaces/share/atm_interfaces/msg/LineTarget.json
[2.187s] -- Up-to-date symlink: /home/gonzalo/grodi_atm/install/atm_interfaces/share/atm_interfaces/msg/StopDetection.json
[2.188s] -- Up-to-date symlink: /home/gonzalo/grodi_atm/install/atm_interfaces/share/atm_interfaces/msg/MasterStatus.json
[2.188s] -- Up-to-date symlink: /home/gonzalo/grodi_atm/install/atm_interfaces/share/atm_interfaces/msg/SlaveStatus.json
[2.188s] -- Up-to-date symlink: /home/gonzalo/grodi_atm/install/atm_interfaces/share/atm_interfaces/msg/SprayReport.json
[2.189s] -- Up-to-date symlink: /home/gonzalo/grodi_atm/install/atm_interfaces/share/atm_interfaces/srv/ArmSystem.json
[2.189s] -- Up-to-date symlink: /home/gonzalo/grodi_atm/install/atm_interfaces/share/atm_interfaces/srv/ResetFault.json
[2.190s] -- Up-to-date symlink: /home/gonzalo/grodi_atm/install/atm_interfaces/share/atm_interfaces/srv/StartPump.json
[2.190s] -- Up-to-date symlink: /home/gonzalo/grodi_atm/install/atm_interfaces/share/atm_interfaces/srv/StopPump.json
[2.191s] -- Up-to-date symlink: /home/gonzalo/grodi_atm/install/atm_interfaces/share/atm_interfaces/srv/SetAdmissionReelMode.json
[2.191s] -- Up-to-date symlink: /home/gonzalo/grodi_atm/install/atm_interfaces/share/atm_interfaces/srv/SetZoneSelection.json
[2.191s] -- Up-to-date symlink: /home/gonzalo/grodi_atm/install/atm_interfaces/share/atm_interfaces/srv/GetSystemState.json
[2.192s] -- Up-to-date symlink: /home/gonzalo/grodi_atm/install/atm_interfaces/share/atm_interfaces/action/ExecuteMission.json
[2.192s] -- Up-to-date symlink: /home/gonzalo/grodi_atm/install/atm_interfaces/share/atm_interfaces/action/NavigateToStop.json
[2.193s] -- Up-to-date symlink: /home/gonzalo/grodi_atm/install/atm_interfaces/share/atm_interfaces/action/SprayAtStop.json
[2.193s] -- Up-to-date symlink: /home/gonzalo/grodi_atm/install/atm_interfaces/share/atm_interfaces/action/ReturnToBase.json
[2.193s] -- Up-to-date symlink: /home/gonzalo/grodi_atm/install/atm_interfaces/share/atm_interfaces/action/RunPurge.json
[2.196s] -- Up-to-date symlink: /home/gonzalo/grodi_atm/install/atm_interfaces/include/atm_interfaces/atm_interfaces/action/detail/execute_mission__functions.h
[2.196s] -- Up-to-date symlink: /home/gonzalo/grodi_atm/install/atm_interfaces/include/atm_interfaces/atm_interfaces/action/detail/execute_mission__struct.h
[2.196s] -- Up-to-date symlink: /home/gonzalo/grodi_atm/install/atm_interfaces/include/atm_interfaces/atm_interfaces/action/detail/execute_mission__type_support.h
[2.197s] -- Up-to-date symlink: /home/gonzalo/grodi_atm/install/atm_interfaces/include/atm_interfaces/atm_interfaces/action/detail/navigate_to_stop__functions.h
[2.197s] -- Up-to-date symlink: /home/gonzalo/grodi_atm/install/atm_interfaces/include/atm_interfaces/atm_interfaces/action/detail/navigate_to_stop__struct.h
[2.197s] -- Up-to-date symlink: /home/gonzalo/grodi_atm/install/atm_interfaces/include/atm_interfaces/atm_interfaces/action/detail/navigate_to_stop__type_support.h
[2.198s] -- Up-to-date symlink: /home/gonzalo/grodi_atm/install/atm_interfaces/include/atm_interfaces/atm_interfaces/action/detail/return_to_base__functions.h
[2.198s] -- Up-to-date symlink: /home/gonzalo/grodi_atm/install/atm_interfaces/include/atm_interfaces/atm_interfaces/action/detail/return_to_base__struct.h
[2.199s] -- Up-to-date symlink: /home/gonzalo/grodi_atm/install/atm_interfaces/include/atm_interfaces/atm_interfaces/action/detail/return_to_base__type_support.h
[2.199s] -- Up-to-date symlink: /home/gonzalo/grodi_atm/install/atm_interfaces/include/atm_interfaces/atm_interfaces/action/detail/run_purge__functions.h
[2.199s] -- Up-to-date symlink: /home/gonzalo/grodi_atm/install/atm_interfaces/include/atm_interfaces/atm_interfaces/action/detail/run_purge__struct.h
[2.200s] -- Up-to-date symlink: /home/gonzalo/grodi_atm/install/atm_interfaces/include/atm_interfaces/atm_interfaces/action/detail/run_purge__type_support.h
[2.200s] -- Up-to-date symlink: /home/gonzalo/grodi_atm/install/atm_interfaces/include/atm_interfaces/atm_interfaces/action/detail/spray_at_stop__functions.h
[2.200s] -- Up-to-date symlink: /home/gonzalo/grodi_atm/install/atm_interfaces/include/atm_interfaces/atm_interfaces/action/detail/spray_at_stop__struct.h
[2.201s] -- Up-to-date symlink: /home/gonzalo/grodi_atm/install/atm_interfaces/include/atm_interfaces/atm_interfaces/action/detail/spray_at_stop__type_support.h
[2.201s] -- Up-to-date symlink: /home/gonzalo/grodi_atm/install/atm_interfaces/include/atm_interfaces/atm_interfaces/action/execute_mission.h
[2.201s] -- Up-to-date symlink: /home/gonzalo/grodi_atm/install/atm_interfaces/include/atm_interfaces/atm_interfaces/action/navigate_to_stop.h
[2.202s] -- Up-to-date symlink: /home/gonzalo/grodi_atm/install/atm_interfaces/include/atm_interfaces/atm_interfaces/action/return_to_base.h
[2.202s] -- Up-to-date symlink: /home/gonzalo/grodi_atm/install/atm_interfaces/include/atm_interfaces/atm_interfaces/action/run_purge.h
[2.202s] -- Up-to-date symlink: /home/gonzalo/grodi_atm/install/atm_interfaces/include/atm_interfaces/atm_interfaces/action/spray_at_stop.h
[2.203s] -- Up-to-date symlink: /home/gonzalo/grodi_atm/install/atm_interfaces/include/atm_interfaces/atm_interfaces/msg/detail/fault_report__functions.h
[2.203s] -- Up-to-date symlink: /home/gonzalo/grodi_atm/install/atm_interfaces/include/atm_interfaces/atm_interfaces/msg/detail/fault_report__struct.h
[2.203s] -- Up-to-date symlink: /home/gonzalo/grodi_atm/install/atm_interfaces/include/atm_interfaces/atm_interfaces/msg/detail/fault_report__type_support.h
[2.204s] -- Up-to-date symlink: /home/gonzalo/grodi_atm/install/atm_interfaces/include/atm_interfaces/atm_interfaces/msg/detail/heartbeat__functions.h
[2.204s] -- Up-to-date symlink: /home/gonzalo/grodi_atm/install/atm_interfaces/include/atm_interfaces/atm_interfaces/msg/detail/heartbeat__struct.h
[2.204s] -- Up-to-date symlink: /home/gonzalo/grodi_atm/install/atm_interfaces/include/atm_interfaces/atm_interfaces/msg/detail/heartbeat__type_support.h
[2.205s] -- Up-to-date symlink: /home/gonzalo/grodi_atm/install/atm_interfaces/include/atm_interfaces/atm_interfaces/msg/detail/line_target__functions.h
[2.205s] -- Up-to-date symlink: /home/gonzalo/grodi_atm/install/atm_interfaces/include/atm_interfaces/atm_interfaces/msg/detail/line_target__struct.h
[2.205s] -- Up-to-date symlink: /home/gonzalo/grodi_atm/install/atm_interfaces/include/atm_interfaces/atm_interfaces/msg/detail/line_target__type_support.h
[2.206s] -- Up-to-date symlink: /home/gonzalo/grodi_atm/install/atm_interfaces/include/atm_interfaces/atm_interfaces/msg/detail/master_status__functions.h
[2.206s] -- Up-to-date symlink: /home/gonzalo/grodi_atm/install/atm_interfaces/include/atm_interfaces/atm_interfaces/msg/detail/master_status__struct.h
[2.206s] -- Up-to-date symlink: /home/gonzalo/grodi_atm/install/atm_interfaces/include/atm_interfaces/atm_interfaces/msg/detail/master_status__type_support.h
[2.207s] -- Up-to-date symlink: /home/gonzalo/grodi_atm/install/atm_interfaces/include/atm_interfaces/atm_interfaces/msg/detail/mission_event__functions.h
[2.207s] -- Up-to-date symlink: /home/gonzalo/grodi_atm/install/atm_interfaces/include/atm_interfaces/atm_interfaces/msg/detail/mission_event__struct.h
[2.207s] -- Up-to-date symlink: /home/gonzalo/grodi_atm/install/atm_interfaces/include/atm_interfaces/atm_interfaces/msg/detail/mission_event__type_support.h
[2.208s] -- Up-to-date symlink: /home/gonzalo/grodi_atm/install/atm_interfaces/include/atm_interfaces/atm_interfaces/msg/detail/mission_state__functions.h
[2.208s] -- Up-to-date symlink: /home/gonzalo/grodi_atm/install/atm_interfaces/include/atm_interfaces/atm_interfaces/msg/detail/mission_state__struct.h
[2.208s] -- Up-to-date symlink: /home/gonzalo/grodi_atm/install/atm_interfaces/include/atm_interfaces/atm_interfaces/msg/detail/mission_state__type_support.h
[2.209s] -- Up-to-date symlink: /home/gonzalo/grodi_atm/install/atm_interfaces/include/atm_interfaces/atm_interfaces/msg/detail/slave_status__functions.h
[2.209s] -- Up-to-date symlink: /home/gonzalo/grodi_atm/install/atm_interfaces/include/atm_interfaces/atm_interfaces/msg/detail/slave_status__struct.h
[2.209s] -- Up-to-date symlink: /home/gonzalo/grodi_atm/install/atm_interfaces/include/atm_interfaces/atm_interfaces/msg/detail/slave_status__type_support.h
[2.210s] -- Up-to-date symlink: /home/gonzalo/grodi_atm/install/atm_interfaces/include/atm_interfaces/atm_interfaces/msg/detail/spray_report__functions.h
[2.210s] -- Up-to-date symlink: /home/gonzalo/grodi_atm/install/atm_interfaces/include/atm_interfaces/atm_interfaces/msg/detail/spray_report__struct.h
[2.210s] -- Up-to-date symlink: /home/gonzalo/grodi_atm/install/atm_interfaces/include/atm_interfaces/atm_interfaces/msg/detail/spray_report__type_support.h
[2.211s] -- Up-to-date symlink: /home/gonzalo/grodi_atm/install/atm_interfaces/include/atm_interfaces/atm_interfaces/msg/detail/stop_detection__functions.h
[2.211s] -- Up-to-date symlink: /home/gonzalo/grodi_atm/install/atm_interfaces/include/atm_interfaces/atm_interfaces/msg/detail/stop_detection__struct.h
[2.211s] -- Up-to-date symlink: /home/gonzalo/grodi_atm/install/atm_interfaces/include/atm_interfaces/atm_interfaces/msg/detail/stop_detection__type_support.h
[2.212s] -- Up-to-date symlink: /home/gonzalo/grodi_atm/install/atm_interfaces/include/atm_interfaces/atm_interfaces/msg/fault_report.h
[2.212s] -- Up-to-date symlink: /home/gonzalo/grodi_atm/install/atm_interfaces/include/atm_interfaces/atm_interfaces/msg/heartbeat.h
[2.212s] -- Up-to-date symlink: /home/gonzalo/grodi_atm/install/atm_interfaces/include/atm_interfaces/atm_interfaces/msg/line_target.h
[2.213s] -- Up-to-date symlink: /home/gonzalo/grodi_atm/install/atm_interfaces/include/atm_interfaces/atm_interfaces/msg/master_status.h
[2.213s] -- Up-to-date symlink: /home/gonzalo/grodi_atm/install/atm_interfaces/include/atm_interfaces/atm_interfaces/msg/mission_event.h
[2.213s] -- Up-to-date symlink: /home/gonzalo/grodi_atm/install/atm_interfaces/include/atm_interfaces/atm_interfaces/msg/mission_state.h
[2.214s] -- Up-to-date symlink: /home/gonzalo/grodi_atm/install/atm_interfaces/include/atm_interfaces/atm_interfaces/msg/rosidl_generator_c__visibility_control.h
[2.214s] -- Up-to-date symlink: /home/gonzalo/grodi_atm/install/atm_interfaces/include/atm_interfaces/atm_interfaces/msg/slave_status.h
[2.214s] -- Up-to-date symlink: /home/gonzalo/grodi_atm/install/atm_interfaces/include/atm_interfaces/atm_interfaces/msg/spray_report.h
[2.215s] -- Up-to-date symlink: /home/gonzalo/grodi_atm/install/atm_interfaces/include/atm_interfaces/atm_interfaces/msg/stop_detection.h
[2.215s] -- Up-to-date symlink: /home/gonzalo/grodi_atm/install/atm_interfaces/include/atm_interfaces/atm_interfaces/srv/arm_system.h
[2.215s] -- Up-to-date symlink: /home/gonzalo/grodi_atm/install/atm_interfaces/include/atm_interfaces/atm_interfaces/srv/detail/arm_system__functions.h
[2.216s] -- Up-to-date symlink: /home/gonzalo/grodi_atm/install/atm_interfaces/include/atm_interfaces/atm_interfaces/srv/detail/arm_system__struct.h
[2.216s] -- Up-to-date symlink: /home/gonzalo/grodi_atm/install/atm_interfaces/include/atm_interfaces/atm_interfaces/srv/detail/arm_system__type_support.h
[2.216s] -- Up-to-date symlink: /home/gonzalo/grodi_atm/install/atm_interfaces/include/atm_interfaces/atm_interfaces/srv/detail/get_system_state__functions.h
[2.216s] -- Up-to-date symlink: /home/gonzalo/grodi_atm/install/atm_interfaces/include/atm_interfaces/atm_interfaces/srv/detail/get_system_state__struct.h
[2.217s] -- Up-to-date symlink: /home/gonzalo/grodi_atm/install/atm_interfaces/include/atm_interfaces/atm_interfaces/srv/detail/get_system_state__type_support.h
[2.217s] -- Up-to-date symlink: /home/gonzalo/grodi_atm/install/atm_interfaces/include/atm_interfaces/atm_interfaces/srv/detail/reset_fault__functions.h
[2.217s] -- Up-to-date symlink: /home/gonzalo/grodi_atm/install/atm_interfaces/include/atm_interfaces/atm_interfaces/srv/detail/reset_fault__struct.h
[2.218s] -- Up-to-date symlink: /home/gonzalo/grodi_atm/install/atm_interfaces/include/atm_interfaces/atm_interfaces/srv/detail/reset_fault__type_support.h
[2.218s] -- Up-to-date symlink: /home/gonzalo/grodi_atm/install/atm_interfaces/include/atm_interfaces/atm_interfaces/srv/detail/set_admission_reel_mode__functions.h
[2.218s] -- Up-to-date symlink: /home/gonzalo/grodi_atm/install/atm_interfaces/include/atm_interfaces/atm_interfaces/srv/detail/set_admission_reel_mode__struct.h
[2.219s] -- Up-to-date symlink: /home/gonzalo/grodi_atm/install/atm_interfaces/include/atm_interfaces/atm_interfaces/srv/detail/set_admission_reel_mode__type_support.h
[2.219s] -- Up-to-date symlink: /home/gonzalo/grodi_atm/install/atm_interfaces/include/atm_interfaces/atm_interfaces/srv/detail/set_zone_selection__functions.h
[2.219s] -- Up-to-date symlink: /home/gonzalo/grodi_atm/install/atm_interfaces/include/atm_interfaces/atm_interfaces/srv/detail/set_zone_selection__struct.h
[2.220s] -- Up-to-date symlink: /home/gonzalo/grodi_atm/install/atm_interfaces/include/atm_interfaces/atm_interfaces/srv/detail/set_zone_selection__type_support.h
[2.220s] -- Up-to-date symlink: /home/gonzalo/grodi_atm/install/atm_interfaces/include/atm_interfaces/atm_interfaces/srv/detail/start_pump__functions.h
[2.220s] -- Up-to-date symlink: /home/gonzalo/grodi_atm/install/atm_interfaces/include/atm_interfaces/atm_interfaces/srv/detail/start_pump__struct.h
[2.221s] -- Up-to-date symlink: /home/gonzalo/grodi_atm/install/atm_interfaces/include/atm_interfaces/atm_interfaces/srv/detail/start_pump__type_support.h
[2.221s] -- Up-to-date symlink: /home/gonzalo/grodi_atm/install/atm_interfaces/include/atm_interfaces/atm_interfaces/srv/detail/stop_pump__functions.h
[2.221s] -- Up-to-date symlink: /home/gonzalo/grodi_atm/install/atm_interfaces/include/atm_interfaces/atm_interfaces/srv/detail/stop_pump__struct.h
[2.222s] -- Up-to-date symlink: /home/gonzalo/grodi_atm/install/atm_interfaces/include/atm_interfaces/atm_interfaces/srv/detail/stop_pump__type_support.h
[2.222s] -- Up-to-date symlink: /home/gonzalo/grodi_atm/install/atm_interfaces/include/atm_interfaces/atm_interfaces/srv/get_system_state.h
[2.222s] -- Up-to-date symlink: /home/gonzalo/grodi_atm/install/atm_interfaces/include/atm_interfaces/atm_interfaces/srv/reset_fault.h
[2.223s] -- Up-to-date symlink: /home/gonzalo/grodi_atm/install/atm_interfaces/include/atm_interfaces/atm_interfaces/srv/set_admission_reel_mode.h
[2.223s] -- Up-to-date symlink: /home/gonzalo/grodi_atm/install/atm_interfaces/include/atm_interfaces/atm_interfaces/srv/set_zone_selection.h
[2.223s] -- Up-to-date symlink: /home/gonzalo/grodi_atm/install/atm_interfaces/include/atm_interfaces/atm_interfaces/srv/start_pump.h
[2.224s] -- Up-to-date symlink: /home/gonzalo/grodi_atm/install/atm_interfaces/include/atm_interfaces/atm_interfaces/srv/stop_pump.h
[2.224s] -- Up-to-date symlink: /home/gonzalo/grodi_atm/install/atm_interfaces/share/atm_interfaces/environment/library_path.sh
[2.224s] -- Up-to-date symlink: /home/gonzalo/grodi_atm/install/atm_interfaces/share/atm_interfaces/environment/library_path.dsv
[2.226s] -- Up-to-date symlink: /home/gonzalo/grodi_atm/install/atm_interfaces/include/atm_interfaces/atm_interfaces/action/detail/execute_mission__rosidl_typesupport_fastrtps_c.h
[2.226s] -- Up-to-date symlink: /home/gonzalo/grodi_atm/install/atm_interfaces/include/atm_interfaces/atm_interfaces/action/detail/navigate_to_stop__rosidl_typesupport_fastrtps_c.h
[2.227s] -- Up-to-date symlink: /home/gonzalo/grodi_atm/install/atm_interfaces/include/atm_interfaces/atm_interfaces/action/detail/return_to_base__rosidl_typesupport_fastrtps_c.h
[2.227s] -- Up-to-date symlink: /home/gonzalo/grodi_atm/install/atm_interfaces/include/atm_interfaces/atm_interfaces/action/detail/run_purge__rosidl_typesupport_fastrtps_c.h
[2.228s] -- Up-to-date symlink: /home/gonzalo/grodi_atm/install/atm_interfaces/include/atm_interfaces/atm_interfaces/action/detail/spray_at_stop__rosidl_typesupport_fastrtps_c.h
[2.228s] -- Up-to-date symlink: /home/gonzalo/grodi_atm/install/atm_interfaces/include/atm_interfaces/atm_interfaces/msg/detail/fault_report__rosidl_typesupport_fastrtps_c.h
[2.228s] -- Up-to-date symlink: /home/gonzalo/grodi_atm/install/atm_interfaces/include/atm_interfaces/atm_interfaces/msg/detail/heartbeat__rosidl_typesupport_fastrtps_c.h
[2.228s] -- Up-to-date symlink: /home/gonzalo/grodi_atm/install/atm_interfaces/include/atm_interfaces/atm_interfaces/msg/detail/line_target__rosidl_typesupport_fastrtps_c.h
[2.229s] -- Up-to-date symlink: /home/gonzalo/grodi_atm/install/atm_interfaces/include/atm_interfaces/atm_interfaces/msg/detail/master_status__rosidl_typesupport_fastrtps_c.h
[2.229s] -- Up-to-date symlink: /home/gonzalo/grodi_atm/install/atm_interfaces/include/atm_interfaces/atm_interfaces/msg/detail/mission_event__rosidl_typesupport_fastrtps_c.h
[2.229s] -- Up-to-date symlink: /home/gonzalo/grodi_atm/install/atm_interfaces/include/atm_interfaces/atm_interfaces/msg/detail/mission_state__rosidl_typesupport_fastrtps_c.h
[2.230s] -- Up-to-date symlink: /home/gonzalo/grodi_atm/install/atm_interfaces/include/atm_interfaces/atm_interfaces/msg/detail/slave_status__rosidl_typesupport_fastrtps_c.h
[2.230s] -- Up-to-date symlink: /home/gonzalo/grodi_atm/install/atm_interfaces/include/atm_interfaces/atm_interfaces/msg/detail/spray_report__rosidl_typesupport_fastrtps_c.h
[2.230s] -- Up-to-date symlink: /home/gonzalo/grodi_atm/install/atm_interfaces/include/atm_interfaces/atm_interfaces/msg/detail/stop_detection__rosidl_typesupport_fastrtps_c.h
[2.231s] -- Up-to-date symlink: /home/gonzalo/grodi_atm/install/atm_interfaces/include/atm_interfaces/atm_interfaces/msg/rosidl_typesupport_fastrtps_c__visibility_control.h
[2.231s] -- Up-to-date symlink: /home/gonzalo/grodi_atm/install/atm_interfaces/include/atm_interfaces/atm_interfaces/srv/detail/arm_system__rosidl_typesupport_fastrtps_c.h
[2.231s] -- Up-to-date symlink: /home/gonzalo/grodi_atm/install/atm_interfaces/include/atm_interfaces/atm_interfaces/srv/detail/get_system_state__rosidl_typesupport_fastrtps_c.h
[2.232s] -- Up-to-date symlink: /home/gonzalo/grodi_atm/install/atm_interfaces/include/atm_interfaces/atm_interfaces/srv/detail/reset_fault__rosidl_typesupport_fastrtps_c.h
[2.232s] -- Up-to-date symlink: /home/gonzalo/grodi_atm/install/atm_interfaces/include/atm_interfaces/atm_interfaces/srv/detail/set_admission_reel_mode__rosidl_typesupport_fastrtps_c.h
[2.232s] -- Up-to-date symlink: /home/gonzalo/grodi_atm/install/atm_interfaces/include/atm_interfaces/atm_interfaces/srv/detail/set_zone_selection__rosidl_typesupport_fastrtps_c.h
[2.233s] -- Up-to-date symlink: /home/gonzalo/grodi_atm/install/atm_interfaces/include/atm_interfaces/atm_interfaces/srv/detail/start_pump__rosidl_typesupport_fastrtps_c.h
[2.233s] -- Up-to-date symlink: /home/gonzalo/grodi_atm/install/atm_interfaces/include/atm_interfaces/atm_interfaces/srv/detail/stop_pump__rosidl_typesupport_fastrtps_c.h
[2.235s] -- Up-to-date symlink: /home/gonzalo/grodi_atm/install/atm_interfaces/include/atm_interfaces/atm_interfaces/action/detail/execute_mission__rosidl_typesupport_introspection_c.h
[2.235s] -- Up-to-date symlink: /home/gonzalo/grodi_atm/install/atm_interfaces/include/atm_interfaces/atm_interfaces/action/detail/navigate_to_stop__rosidl_typesupport_introspection_c.h
[2.235s] -- Up-to-date symlink: /home/gonzalo/grodi_atm/install/atm_interfaces/include/atm_interfaces/atm_interfaces/action/detail/return_to_base__rosidl_typesupport_introspection_c.h
[2.236s] -- Up-to-date symlink: /home/gonzalo/grodi_atm/install/atm_interfaces/include/atm_interfaces/atm_interfaces/action/detail/run_purge__rosidl_typesupport_introspection_c.h
[2.236s] -- Up-to-date symlink: /home/gonzalo/grodi_atm/install/atm_interfaces/include/atm_interfaces/atm_interfaces/action/detail/spray_at_stop__rosidl_typesupport_introspection_c.h
[2.236s] -- Up-to-date symlink: /home/gonzalo/grodi_atm/install/atm_interfaces/include/atm_interfaces/atm_interfaces/msg/detail/fault_report__rosidl_typesupport_introspection_c.h
[2.237s] -- Up-to-date symlink: /home/gonzalo/grodi_atm/install/atm_interfaces/include/atm_interfaces/atm_interfaces/msg/detail/heartbeat__rosidl_typesupport_introspection_c.h
[2.237s] -- Up-to-date symlink: /home/gonzalo/grodi_atm/install/atm_interfaces/include/atm_interfaces/atm_interfaces/msg/detail/line_target__rosidl_typesupport_introspection_c.h
[2.237s] -- Up-to-date symlink: /home/gonzalo/grodi_atm/install/atm_interfaces/include/atm_interfaces/atm_interfaces/msg/detail/master_status__rosidl_typesupport_introspection_c.h
[2.238s] -- Up-to-date symlink: /home/gonzalo/grodi_atm/install/atm_interfaces/include/atm_interfaces/atm_interfaces/msg/detail/mission_event__rosidl_typesupport_introspection_c.h
[2.238s] -- Up-to-date symlink: /home/gonzalo/grodi_atm/install/atm_interfaces/include/atm_interfaces/atm_interfaces/msg/detail/mission_state__rosidl_typesupport_introspection_c.h
[2.238s] -- Up-to-date symlink: /home/gonzalo/grodi_atm/install/atm_interfaces/include/atm_interfaces/atm_interfaces/msg/detail/slave_status__rosidl_typesupport_introspection_c.h
[2.239s] -- Up-to-date symlink: /home/gonzalo/grodi_atm/install/atm_interfaces/include/atm_interfaces/atm_interfaces/msg/detail/spray_report__rosidl_typesupport_introspection_c.h
[2.239s] -- Up-to-date symlink: /home/gonzalo/grodi_atm/install/atm_interfaces/include/atm_interfaces/atm_interfaces/msg/detail/stop_detection__rosidl_typesupport_introspection_c.h
[2.239s] -- Up-to-date symlink: /home/gonzalo/grodi_atm/install/atm_interfaces/include/atm_interfaces/atm_interfaces/msg/rosidl_typesupport_introspection_c__visibility_control.h
[2.240s] -- Up-to-date symlink: /home/gonzalo/grodi_atm/install/atm_interfaces/include/atm_interfaces/atm_interfaces/srv/detail/arm_system__rosidl_typesupport_introspection_c.h
[2.240s] -- Up-to-date symlink: /home/gonzalo/grodi_atm/install/atm_interfaces/include/atm_interfaces/atm_interfaces/srv/detail/get_system_state__rosidl_typesupport_introspection_c.h
[2.240s] -- Up-to-date symlink: /home/gonzalo/grodi_atm/install/atm_interfaces/include/atm_interfaces/atm_interfaces/srv/detail/reset_fault__rosidl_typesupport_introspection_c.h
[2.241s] -- Up-to-date symlink: /home/gonzalo/grodi_atm/install/atm_interfaces/include/atm_interfaces/atm_interfaces/srv/detail/set_admission_reel_mode__rosidl_typesupport_introspection_c.h
[2.241s] -- Up-to-date symlink: /home/gonzalo/grodi_atm/install/atm_interfaces/include/atm_interfaces/atm_interfaces/srv/detail/set_zone_selection__rosidl_typesupport_introspection_c.h
[2.241s] -- Up-to-date symlink: /home/gonzalo/grodi_atm/install/atm_interfaces/include/atm_interfaces/atm_interfaces/srv/detail/start_pump__rosidl_typesupport_introspection_c.h
[2.242s] -- Up-to-date symlink: /home/gonzalo/grodi_atm/install/atm_interfaces/include/atm_interfaces/atm_interfaces/srv/detail/stop_pump__rosidl_typesupport_introspection_c.h
[2.244s] -- Up-to-date symlink: /home/gonzalo/grodi_atm/install/atm_interfaces/include/atm_interfaces/atm_interfaces/action/detail/execute_mission__builder.hpp
[2.244s] -- Up-to-date symlink: /home/gonzalo/grodi_atm/install/atm_interfaces/include/atm_interfaces/atm_interfaces/action/detail/execute_mission__struct.hpp
[2.245s] -- Up-to-date symlink: /home/gonzalo/grodi_atm/install/atm_interfaces/include/atm_interfaces/atm_interfaces/action/detail/execute_mission__traits.hpp
[2.245s] -- Up-to-date symlink: /home/gonzalo/grodi_atm/install/atm_interfaces/include/atm_interfaces/atm_interfaces/action/detail/execute_mission__type_support.hpp
[2.246s] -- Up-to-date symlink: /home/gonzalo/grodi_atm/install/atm_interfaces/include/atm_interfaces/atm_interfaces/action/detail/navigate_to_stop__builder.hpp
[2.246s] -- Up-to-date symlink: /home/gonzalo/grodi_atm/install/atm_interfaces/include/atm_interfaces/atm_interfaces/action/detail/navigate_to_stop__struct.hpp
[2.246s] -- Up-to-date symlink: /home/gonzalo/grodi_atm/install/atm_interfaces/include/atm_interfaces/atm_interfaces/action/detail/navigate_to_stop__traits.hpp
[2.247s] -- Up-to-date symlink: /home/gonzalo/grodi_atm/install/atm_interfaces/include/atm_interfaces/atm_interfaces/action/detail/navigate_to_stop__type_support.hpp
[2.247s] -- Up-to-date symlink: /home/gonzalo/grodi_atm/install/atm_interfaces/include/atm_interfaces/atm_interfaces/action/detail/return_to_base__builder.hpp
[2.248s] -- Up-to-date symlink: /home/gonzalo/grodi_atm/install/atm_interfaces/include/atm_interfaces/atm_interfaces/action/detail/return_to_base__struct.hpp
[2.248s] -- Up-to-date symlink: /home/gonzalo/grodi_atm/install/atm_interfaces/include/atm_interfaces/atm_interfaces/action/detail/return_to_base__traits.hpp
[2.248s] -- Up-to-date symlink: /home/gonzalo/grodi_atm/install/atm_interfaces/include/atm_interfaces/atm_interfaces/action/detail/return_to_base__type_support.hpp
[2.249s] -- Up-to-date symlink: /home/gonzalo/grodi_atm/install/atm_interfaces/include/atm_interfaces/atm_interfaces/action/detail/run_purge__builder.hpp
[2.249s] -- Up-to-date symlink: /home/gonzalo/grodi_atm/install/atm_interfaces/include/atm_interfaces/atm_interfaces/action/detail/run_purge__struct.hpp
[2.249s] -- Up-to-date symlink: /home/gonzalo/grodi_atm/install/atm_interfaces/include/atm_interfaces/atm_interfaces/action/detail/run_purge__traits.hpp
[2.250s] -- Up-to-date symlink: /home/gonzalo/grodi_atm/install/atm_interfaces/include/atm_interfaces/atm_interfaces/action/detail/run_purge__type_support.hpp
[2.250s] -- Up-to-date symlink: /home/gonzalo/grodi_atm/install/atm_interfaces/include/atm_interfaces/atm_interfaces/action/detail/spray_at_stop__builder.hpp
[2.250s] -- Up-to-date symlink: /home/gonzalo/grodi_atm/install/atm_interfaces/include/atm_interfaces/atm_interfaces/action/detail/spray_at_stop__struct.hpp
[2.251s] -- Up-to-date symlink: /home/gonzalo/grodi_atm/install/atm_interfaces/include/atm_interfaces/atm_interfaces/action/detail/spray_at_stop__traits.hpp
[2.251s] -- Up-to-date symlink: /home/gonzalo/grodi_atm/install/atm_interfaces/include/atm_interfaces/atm_interfaces/action/detail/spray_at_stop__type_support.hpp
[2.251s] -- Up-to-date symlink: /home/gonzalo/grodi_atm/install/atm_interfaces/include/atm_interfaces/atm_interfaces/action/execute_mission.hpp
[2.252s] -- Up-to-date symlink: /home/gonzalo/grodi_atm/install/atm_interfaces/include/atm_interfaces/atm_interfaces/action/navigate_to_stop.hpp
[2.252s] -- Up-to-date symlink: /home/gonzalo/grodi_atm/install/atm_interfaces/include/atm_interfaces/atm_interfaces/action/return_to_base.hpp
[2.253s] -- Up-to-date symlink: /home/gonzalo/grodi_atm/install/atm_interfaces/include/atm_interfaces/atm_interfaces/action/run_purge.hpp
[2.253s] -- Up-to-date symlink: /home/gonzalo/grodi_atm/install/atm_interfaces/include/atm_interfaces/atm_interfaces/action/spray_at_stop.hpp
[2.254s] -- Up-to-date symlink: /home/gonzalo/grodi_atm/install/atm_interfaces/include/atm_interfaces/atm_interfaces/msg/detail/fault_report__builder.hpp
[2.254s] -- Up-to-date symlink: /home/gonzalo/grodi_atm/install/atm_interfaces/include/atm_interfaces/atm_interfaces/msg/detail/fault_report__struct.hpp
[2.254s] -- Up-to-date symlink: /home/gonzalo/grodi_atm/install/atm_interfaces/include/atm_interfaces/atm_interfaces/msg/detail/fault_report__traits.hpp
[2.255s] -- Up-to-date symlink: /home/gonzalo/grodi_atm/install/atm_interfaces/include/atm_interfaces/atm_interfaces/msg/detail/fault_report__type_support.hpp
[2.255s] -- Up-to-date symlink: /home/gonzalo/grodi_atm/install/atm_interfaces/include/atm_interfaces/atm_interfaces/msg/detail/heartbeat__builder.hpp
[2.255s] -- Up-to-date symlink: /home/gonzalo/grodi_atm/install/atm_interfaces/include/atm_interfaces/atm_interfaces/msg/detail/heartbeat__struct.hpp
[2.256s] -- Up-to-date symlink: /home/gonzalo/grodi_atm/install/atm_interfaces/include/atm_interfaces/atm_interfaces/msg/detail/heartbeat__traits.hpp
[2.256s] -- Up-to-date symlink: /home/gonzalo/grodi_atm/install/atm_interfaces/include/atm_interfaces/atm_interfaces/msg/detail/heartbeat__type_support.hpp
[2.257s] -- Up-to-date symlink: /home/gonzalo/grodi_atm/install/atm_interfaces/include/atm_interfaces/atm_interfaces/msg/detail/line_target__builder.hpp
[2.257s] -- Up-to-date symlink: /home/gonzalo/grodi_atm/install/atm_interfaces/include/atm_interfaces/atm_interfaces/msg/detail/line_target__struct.hpp
[2.257s] -- Up-to-date symlink: /home/gonzalo/grodi_atm/install/atm_interfaces/include/atm_interfaces/atm_interfaces/msg/detail/line_target__traits.hpp
[2.258s] -- Up-to-date symlink: /home/gonzalo/grodi_atm/install/atm_interfaces/include/atm_interfaces/atm_interfaces/msg/detail/line_target__type_support.hpp
[2.258s] -- Up-to-date symlink: /home/gonzalo/grodi_atm/install/atm_interfaces/include/atm_interfaces/atm_interfaces/msg/detail/master_status__builder.hpp
[2.258s] -- Up-to-date symlink: /home/gonzalo/grodi_atm/install/atm_interfaces/include/atm_interfaces/atm_interfaces/msg/detail/master_status__struct.hpp
[2.259s] -- Up-to-date symlink: /home/gonzalo/grodi_atm/install/atm_interfaces/include/atm_interfaces/atm_interfaces/msg/detail/master_status__traits.hpp
[2.259s] -- Up-to-date symlink: /home/gonzalo/grodi_atm/install/atm_interfaces/include/atm_interfaces/atm_interfaces/msg/detail/master_status__type_support.hpp
[2.259s] -- Up-to-date symlink: /home/gonzalo/grodi_atm/install/atm_interfaces/include/atm_interfaces/atm_interfaces/msg/detail/mission_event__builder.hpp
[2.260s] -- Up-to-date symlink: /home/gonzalo/grodi_atm/install/atm_interfaces/include/atm_interfaces/atm_interfaces/msg/detail/mission_event__struct.hpp
[2.260s] -- Up-to-date symlink: /home/gonzalo/grodi_atm/install/atm_interfaces/include/atm_interfaces/atm_interfaces/msg/detail/mission_event__traits.hpp
[2.261s] -- Up-to-date symlink: /home/gonzalo/grodi_atm/install/atm_interfaces/include/atm_interfaces/atm_interfaces/msg/detail/mission_event__type_support.hpp
[2.261s] -- Up-to-date symlink: /home/gonzalo/grodi_atm/install/atm_interfaces/include/atm_interfaces/atm_interfaces/msg/detail/mission_state__builder.hpp
[2.262s] -- Up-to-date symlink: /home/gonzalo/grodi_atm/install/atm_interfaces/include/atm_interfaces/atm_interfaces/msg/detail/mission_state__struct.hpp
[2.262s] -- Up-to-date symlink: /home/gonzalo/grodi_atm/install/atm_interfaces/include/atm_interfaces/atm_interfaces/msg/detail/mission_state__traits.hpp
[2.262s] -- Up-to-date symlink: /home/gonzalo/grodi_atm/install/atm_interfaces/include/atm_interfaces/atm_interfaces/msg/detail/mission_state__type_support.hpp
[2.263s] -- Up-to-date symlink: /home/gonzalo/grodi_atm/install/atm_interfaces/include/atm_interfaces/atm_interfaces/msg/detail/slave_status__builder.hpp
[2.263s] -- Up-to-date symlink: /home/gonzalo/grodi_atm/install/atm_interfaces/include/atm_interfaces/atm_interfaces/msg/detail/slave_status__struct.hpp
[2.263s] -- Up-to-date symlink: /home/gonzalo/grodi_atm/install/atm_interfaces/include/atm_interfaces/atm_interfaces/msg/detail/slave_status__traits.hpp
[2.264s] -- Up-to-date symlink: /home/gonzalo/grodi_atm/install/atm_interfaces/include/atm_interfaces/atm_interfaces/msg/detail/slave_status__type_support.hpp
[2.264s] -- Up-to-date symlink: /home/gonzalo/grodi_atm/install/atm_interfaces/include/atm_interfaces/atm_interfaces/msg/detail/spray_report__builder.hpp
[2.265s] -- Up-to-date symlink: /home/gonzalo/grodi_atm/install/atm_interfaces/include/atm_interfaces/atm_interfaces/msg/detail/spray_report__struct.hpp
[2.265s] -- Up-to-date symlink: /home/gonzalo/grodi_atm/install/atm_interfaces/include/atm_interfaces/atm_interfaces/msg/detail/spray_report__traits.hpp
[2.265s] -- Up-to-date symlink: /home/gonzalo/grodi_atm/install/atm_interfaces/include/atm_interfaces/atm_interfaces/msg/detail/spray_report__type_support.hpp
[2.266s] -- Up-to-date symlink: /home/gonzalo/grodi_atm/install/atm_interfaces/include/atm_interfaces/atm_interfaces/msg/detail/stop_detection__builder.hpp
[2.266s] -- Up-to-date symlink: /home/gonzalo/grodi_atm/install/atm_interfaces/include/atm_interfaces/atm_interfaces/msg/detail/stop_detection__struct.hpp
[2.266s] -- Up-to-date symlink: /home/gonzalo/grodi_atm/install/atm_interfaces/include/atm_interfaces/atm_interfaces/msg/detail/stop_detection__traits.hpp
[2.267s] -- Up-to-date symlink: /home/gonzalo/grodi_atm/install/atm_interfaces/include/atm_interfaces/atm_interfaces/msg/detail/stop_detection__type_support.hpp
[2.267s] -- Up-to-date symlink: /home/gonzalo/grodi_atm/install/atm_interfaces/include/atm_interfaces/atm_interfaces/msg/fault_report.hpp
[2.268s] -- Up-to-date symlink: /home/gonzalo/grodi_atm/install/atm_interfaces/include/atm_interfaces/atm_interfaces/msg/heartbeat.hpp
[2.268s] -- Up-to-date symlink: /home/gonzalo/grodi_atm/install/atm_interfaces/include/atm_interfaces/atm_interfaces/msg/line_target.hpp
[2.268s] -- Up-to-date symlink: /home/gonzalo/grodi_atm/install/atm_interfaces/include/atm_interfaces/atm_interfaces/msg/master_status.hpp
[2.269s] -- Up-to-date symlink: /home/gonzalo/grodi_atm/install/atm_interfaces/include/atm_interfaces/atm_interfaces/msg/mission_event.hpp
[2.269s] -- Up-to-date symlink: /home/gonzalo/grodi_atm/install/atm_interfaces/include/atm_interfaces/atm_interfaces/msg/mission_state.hpp
[2.270s] -- Up-to-date symlink: /home/gonzalo/grodi_atm/install/atm_interfaces/include/atm_interfaces/atm_interfaces/msg/rosidl_generator_cpp__visibility_control.hpp
[2.270s] -- Up-to-date symlink: /home/gonzalo/grodi_atm/install/atm_interfaces/include/atm_interfaces/atm_interfaces/msg/slave_status.hpp
[2.270s] -- Up-to-date symlink: /home/gonzalo/grodi_atm/install/atm_interfaces/include/atm_interfaces/atm_interfaces/msg/spray_report.hpp
[2.271s] -- Up-to-date symlink: /home/gonzalo/grodi_atm/install/atm_interfaces/include/atm_interfaces/atm_interfaces/msg/stop_detection.hpp
[2.271s] -- Up-to-date symlink: /home/gonzalo/grodi_atm/install/atm_interfaces/include/atm_interfaces/atm_interfaces/srv/arm_system.hpp
[2.272s] -- Up-to-date symlink: /home/gonzalo/grodi_atm/install/atm_interfaces/include/atm_interfaces/atm_interfaces/srv/detail/arm_system__builder.hpp
[2.272s] -- Up-to-date symlink: /home/gonzalo/grodi_atm/install/atm_interfaces/include/atm_interfaces/atm_interfaces/srv/detail/arm_system__struct.hpp
[2.272s] -- Up-to-date symlink: /home/gonzalo/grodi_atm/install/atm_interfaces/include/atm_interfaces/atm_interfaces/srv/detail/arm_system__traits.hpp
[2.273s] -- Up-to-date symlink: /home/gonzalo/grodi_atm/install/atm_interfaces/include/atm_interfaces/atm_interfaces/srv/detail/arm_system__type_support.hpp
[2.273s] -- Up-to-date symlink: /home/gonzalo/grodi_atm/install/atm_interfaces/include/atm_interfaces/atm_interfaces/srv/detail/get_system_state__builder.hpp
[2.274s] -- Up-to-date symlink: /home/gonzalo/grodi_atm/install/atm_interfaces/include/atm_interfaces/atm_interfaces/srv/detail/get_system_state__struct.hpp
[2.274s] -- Up-to-date symlink: /home/gonzalo/grodi_atm/install/atm_interfaces/include/atm_interfaces/atm_interfaces/srv/detail/get_system_state__traits.hpp
[2.274s] -- Up-to-date symlink: /home/gonzalo/grodi_atm/install/atm_interfaces/include/atm_interfaces/atm_interfaces/srv/detail/get_system_state__type_support.hpp
[2.275s] -- Up-to-date symlink: /home/gonzalo/grodi_atm/install/atm_interfaces/include/atm_interfaces/atm_interfaces/srv/detail/reset_fault__builder.hpp
[2.275s] -- Up-to-date symlink: /home/gonzalo/grodi_atm/install/atm_interfaces/include/atm_interfaces/atm_interfaces/srv/detail/reset_fault__struct.hpp
[2.276s] -- Up-to-date symlink: /home/gonzalo/grodi_atm/install/atm_interfaces/include/atm_interfaces/atm_interfaces/srv/detail/reset_fault__traits.hpp
[2.276s] -- Up-to-date symlink: /home/gonzalo/grodi_atm/install/atm_interfaces/include/atm_interfaces/atm_interfaces/srv/detail/reset_fault__type_support.hpp
[2.276s] -- Up-to-date symlink: /home/gonzalo/grodi_atm/install/atm_interfaces/include/atm_interfaces/atm_interfaces/srv/detail/set_admission_reel_mode__builder.hpp
[2.277s] -- Up-to-date symlink: /home/gonzalo/grodi_atm/install/atm_interfaces/include/atm_interfaces/atm_interfaces/srv/detail/set_admission_reel_mode__struct.hpp
[2.277s] -- Up-to-date symlink: /home/gonzalo/grodi_atm/install/atm_interfaces/include/atm_interfaces/atm_interfaces/srv/detail/set_admission_reel_mode__traits.hpp
[2.278s] -- Up-to-date symlink: /home/gonzalo/grodi_atm/install/atm_interfaces/include/atm_interfaces/atm_interfaces/srv/detail/set_admission_reel_mode__type_support.hpp
[2.278s] -- Up-to-date symlink: /home/gonzalo/grodi_atm/install/atm_interfaces/include/atm_interfaces/atm_interfaces/srv/detail/set_zone_selection__builder.hpp
[2.278s] -- Up-to-date symlink: /home/gonzalo/grodi_atm/install/atm_interfaces/include/atm_interfaces/atm_interfaces/srv/detail/set_zone_selection__struct.hpp
[2.279s] -- Up-to-date symlink: /home/gonzalo/grodi_atm/install/atm_interfaces/include/atm_interfaces/atm_interfaces/srv/detail/set_zone_selection__traits.hpp
[2.279s] -- Up-to-date symlink: /home/gonzalo/grodi_atm/install/atm_interfaces/include/atm_interfaces/atm_interfaces/srv/detail/set_zone_selection__type_support.hpp
[2.279s] -- Up-to-date symlink: /home/gonzalo/grodi_atm/install/atm_interfaces/include/atm_interfaces/atm_interfaces/srv/detail/start_pump__builder.hpp
[2.280s] -- Up-to-date symlink: /home/gonzalo/grodi_atm/install/atm_interfaces/include/atm_interfaces/atm_interfaces/srv/detail/start_pump__struct.hpp
[2.280s] -- Up-to-date symlink: /home/gonzalo/grodi_atm/install/atm_interfaces/include/atm_interfaces/atm_interfaces/srv/detail/start_pump__traits.hpp
[2.281s] -- Up-to-date symlink: /home/gonzalo/grodi_atm/install/atm_interfaces/include/atm_interfaces/atm_interfaces/srv/detail/start_pump__type_support.hpp
[2.281s] -- Up-to-date symlink: /home/gonzalo/grodi_atm/install/atm_interfaces/include/atm_interfaces/atm_interfaces/srv/detail/stop_pump__builder.hpp
[2.281s] -- Up-to-date symlink: /home/gonzalo/grodi_atm/install/atm_interfaces/include/atm_interfaces/atm_interfaces/srv/detail/stop_pump__struct.hpp
[2.282s] -- Up-to-date symlink: /home/gonzalo/grodi_atm/install/atm_interfaces/include/atm_interfaces/atm_interfaces/srv/detail/stop_pump__traits.hpp
[2.282s] -- Up-to-date symlink: /home/gonzalo/grodi_atm/install/atm_interfaces/include/atm_interfaces/atm_interfaces/srv/detail/stop_pump__type_support.hpp
[2.283s] -- Up-to-date symlink: /home/gonzalo/grodi_atm/install/atm_interfaces/include/atm_interfaces/atm_interfaces/srv/get_system_state.hpp
[2.283s] -- Up-to-date symlink: /home/gonzalo/grodi_atm/install/atm_interfaces/include/atm_interfaces/atm_interfaces/srv/reset_fault.hpp
[2.283s] -- Up-to-date symlink: /home/gonzalo/grodi_atm/install/atm_interfaces/include/atm_interfaces/atm_interfaces/srv/set_admission_reel_mode.hpp
[2.284s] -- Up-to-date symlink: /home/gonzalo/grodi_atm/install/atm_interfaces/include/atm_interfaces/atm_interfaces/srv/set_zone_selection.hpp
[2.284s] -- Up-to-date symlink: /home/gonzalo/grodi_atm/install/atm_interfaces/include/atm_interfaces/atm_interfaces/srv/start_pump.hpp
[2.284s] -- Up-to-date symlink: /home/gonzalo/grodi_atm/install/atm_interfaces/include/atm_interfaces/atm_interfaces/srv/stop_pump.hpp
[2.287s] -- Up-to-date symlink: /home/gonzalo/grodi_atm/install/atm_interfaces/include/atm_interfaces/atm_interfaces/action/detail/execute_mission__rosidl_typesupport_fastrtps_cpp.hpp
[2.287s] -- Up-to-date symlink: /home/gonzalo/grodi_atm/install/atm_interfaces/include/atm_interfaces/atm_interfaces/action/detail/navigate_to_stop__rosidl_typesupport_fastrtps_cpp.hpp
[2.288s] -- Up-to-date symlink: /home/gonzalo/grodi_atm/install/atm_interfaces/include/atm_interfaces/atm_interfaces/action/detail/return_to_base__rosidl_typesupport_fastrtps_cpp.hpp
[2.288s] -- Up-to-date symlink: /home/gonzalo/grodi_atm/install/atm_interfaces/include/atm_interfaces/atm_interfaces/action/detail/run_purge__rosidl_typesupport_fastrtps_cpp.hpp
[2.288s] -- Up-to-date symlink: /home/gonzalo/grodi_atm/install/atm_interfaces/include/atm_interfaces/atm_interfaces/action/detail/spray_at_stop__rosidl_typesupport_fastrtps_cpp.hpp
[2.289s] -- Up-to-date symlink: /home/gonzalo/grodi_atm/install/atm_interfaces/include/atm_interfaces/atm_interfaces/msg/detail/fault_report__rosidl_typesupport_fastrtps_cpp.hpp
[2.289s] -- Up-to-date symlink: /home/gonzalo/grodi_atm/install/atm_interfaces/include/atm_interfaces/atm_interfaces/msg/detail/heartbeat__rosidl_typesupport_fastrtps_cpp.hpp
[2.290s] -- Up-to-date symlink: /home/gonzalo/grodi_atm/install/atm_interfaces/include/atm_interfaces/atm_interfaces/msg/detail/line_target__rosidl_typesupport_fastrtps_cpp.hpp
[2.290s] -- Up-to-date symlink: /home/gonzalo/grodi_atm/install/atm_interfaces/include/atm_interfaces/atm_interfaces/msg/detail/master_status__rosidl_typesupport_fastrtps_cpp.hpp
[2.290s] -- Up-to-date symlink: /home/gonzalo/grodi_atm/install/atm_interfaces/include/atm_interfaces/atm_interfaces/msg/detail/mission_event__rosidl_typesupport_fastrtps_cpp.hpp
[2.291s] -- Up-to-date symlink: /home/gonzalo/grodi_atm/install/atm_interfaces/include/atm_interfaces/atm_interfaces/msg/detail/mission_state__rosidl_typesupport_fastrtps_cpp.hpp
[2.291s] -- Up-to-date symlink: /home/gonzalo/grodi_atm/install/atm_interfaces/include/atm_interfaces/atm_interfaces/msg/detail/slave_status__rosidl_typesupport_fastrtps_cpp.hpp
[2.292s] -- Up-to-date symlink: /home/gonzalo/grodi_atm/install/atm_interfaces/include/atm_interfaces/atm_interfaces/msg/detail/spray_report__rosidl_typesupport_fastrtps_cpp.hpp
[2.292s] -- Up-to-date symlink: /home/gonzalo/grodi_atm/install/atm_interfaces/include/atm_interfaces/atm_interfaces/msg/detail/stop_detection__rosidl_typesupport_fastrtps_cpp.hpp
[2.293s] -- Up-to-date symlink: /home/gonzalo/grodi_atm/install/atm_interfaces/include/atm_interfaces/atm_interfaces/msg/rosidl_typesupport_fastrtps_cpp__visibility_control.h
[2.293s] -- Up-to-date symlink: /home/gonzalo/grodi_atm/install/atm_interfaces/include/atm_interfaces/atm_interfaces/srv/detail/arm_system__rosidl_typesupport_fastrtps_cpp.hpp
[2.293s] -- Up-to-date symlink: /home/gonzalo/grodi_atm/install/atm_interfaces/include/atm_interfaces/atm_interfaces/srv/detail/get_system_state__rosidl_typesupport_fastrtps_cpp.hpp
[2.294s] -- Up-to-date symlink: /home/gonzalo/grodi_atm/install/atm_interfaces/include/atm_interfaces/atm_interfaces/srv/detail/reset_fault__rosidl_typesupport_fastrtps_cpp.hpp
[2.294s] -- Up-to-date symlink: /home/gonzalo/grodi_atm/install/atm_interfaces/include/atm_interfaces/atm_interfaces/srv/detail/set_admission_reel_mode__rosidl_typesupport_fastrtps_cpp.hpp
[2.295s] -- Up-to-date symlink: /home/gonzalo/grodi_atm/install/atm_interfaces/include/atm_interfaces/atm_interfaces/srv/detail/set_zone_selection__rosidl_typesupport_fastrtps_cpp.hpp
[2.295s] -- Up-to-date symlink: /home/gonzalo/grodi_atm/install/atm_interfaces/include/atm_interfaces/atm_interfaces/srv/detail/start_pump__rosidl_typesupport_fastrtps_cpp.hpp
[2.296s] -- Up-to-date symlink: /home/gonzalo/grodi_atm/install/atm_interfaces/include/atm_interfaces/atm_interfaces/srv/detail/stop_pump__rosidl_typesupport_fastrtps_cpp.hpp
[2.298s] -- Up-to-date symlink: /home/gonzalo/grodi_atm/install/atm_interfaces/include/atm_interfaces/atm_interfaces/action/detail/execute_mission__rosidl_typesupport_introspection_cpp.hpp
[2.298s] -- Up-to-date symlink: /home/gonzalo/grodi_atm/install/atm_interfaces/include/atm_interfaces/atm_interfaces/action/detail/navigate_to_stop__rosidl_typesupport_introspection_cpp.hpp
[2.299s] -- Up-to-date symlink: /home/gonzalo/grodi_atm/install/atm_interfaces/include/atm_interfaces/atm_interfaces/action/detail/return_to_base__rosidl_typesupport_introspection_cpp.hpp
[2.299s] -- Up-to-date symlink: /home/gonzalo/grodi_atm/install/atm_interfaces/include/atm_interfaces/atm_interfaces/action/detail/run_purge__rosidl_typesupport_introspection_cpp.hpp
[2.299s] -- Up-to-date symlink: /home/gonzalo/grodi_atm/install/atm_interfaces/include/atm_interfaces/atm_interfaces/action/detail/spray_at_stop__rosidl_typesupport_introspection_cpp.hpp
[2.300s] -- Up-to-date symlink: /home/gonzalo/grodi_atm/install/atm_interfaces/include/atm_interfaces/atm_interfaces/msg/detail/fault_report__rosidl_typesupport_introspection_cpp.hpp
[2.300s] -- Up-to-date symlink: /home/gonzalo/grodi_atm/install/atm_interfaces/include/atm_interfaces/atm_interfaces/msg/detail/heartbeat__rosidl_typesupport_introspection_cpp.hpp
[2.301s] -- Up-to-date symlink: /home/gonzalo/grodi_atm/install/atm_interfaces/include/atm_interfaces/atm_interfaces/msg/detail/line_target__rosidl_typesupport_introspection_cpp.hpp
[2.301s] -- Up-to-date symlink: /home/gonzalo/grodi_atm/install/atm_interfaces/include/atm_interfaces/atm_interfaces/msg/detail/master_status__rosidl_typesupport_introspection_cpp.hpp
[2.302s] -- Up-to-date symlink: /home/gonzalo/grodi_atm/install/atm_interfaces/include/atm_interfaces/atm_interfaces/msg/detail/mission_event__rosidl_typesupport_introspection_cpp.hpp
[2.302s] -- Up-to-date symlink: /home/gonzalo/grodi_atm/install/atm_interfaces/include/atm_interfaces/atm_interfaces/msg/detail/mission_state__rosidl_typesupport_introspection_cpp.hpp
[2.303s] -- Up-to-date symlink: /home/gonzalo/grodi_atm/install/atm_interfaces/include/atm_interfaces/atm_interfaces/msg/detail/slave_status__rosidl_typesupport_introspection_cpp.hpp
[2.303s] -- Up-to-date symlink: /home/gonzalo/grodi_atm/install/atm_interfaces/include/atm_interfaces/atm_interfaces/msg/detail/spray_report__rosidl_typesupport_introspection_cpp.hpp
[2.303s] -- Up-to-date symlink: /home/gonzalo/grodi_atm/install/atm_interfaces/include/atm_interfaces/atm_interfaces/msg/detail/stop_detection__rosidl_typesupport_introspection_cpp.hpp
[2.304s] -- Up-to-date symlink: /home/gonzalo/grodi_atm/install/atm_interfaces/include/atm_interfaces/atm_interfaces/srv/detail/arm_system__rosidl_typesupport_introspection_cpp.hpp
[2.304s] -- Up-to-date symlink: /home/gonzalo/grodi_atm/install/atm_interfaces/include/atm_interfaces/atm_interfaces/srv/detail/get_system_state__rosidl_typesupport_introspection_cpp.hpp
[2.304s] -- Up-to-date symlink: /home/gonzalo/grodi_atm/install/atm_interfaces/include/atm_interfaces/atm_interfaces/srv/detail/reset_fault__rosidl_typesupport_introspection_cpp.hpp
[2.305s] -- Up-to-date symlink: /home/gonzalo/grodi_atm/install/atm_interfaces/include/atm_interfaces/atm_interfaces/srv/detail/set_admission_reel_mode__rosidl_typesupport_introspection_cpp.hpp
[2.305s] -- Up-to-date symlink: /home/gonzalo/grodi_atm/install/atm_interfaces/include/atm_interfaces/atm_interfaces/srv/detail/set_zone_selection__rosidl_typesupport_introspection_cpp.hpp
[2.305s] -- Up-to-date symlink: /home/gonzalo/grodi_atm/install/atm_interfaces/include/atm_interfaces/atm_interfaces/srv/detail/start_pump__rosidl_typesupport_introspection_cpp.hpp
[2.306s] -- Up-to-date symlink: /home/gonzalo/grodi_atm/install/atm_interfaces/include/atm_interfaces/atm_interfaces/srv/detail/stop_pump__rosidl_typesupport_introspection_cpp.hpp
[2.306s] -- Up-to-date symlink: /home/gonzalo/grodi_atm/install/atm_interfaces/share/atm_interfaces/environment/pythonpath.sh
[2.306s] -- Up-to-date symlink: /home/gonzalo/grodi_atm/install/atm_interfaces/share/atm_interfaces/environment/pythonpath.dsv
[2.306s] -- Up-to-date symlink: /home/gonzalo/grodi_atm/install/atm_interfaces/lib/python3.12/site-packages/atm_interfaces-0.0.0-py3.12.egg-info/PKG-INFO
[2.307s] -- Up-to-date symlink: /home/gonzalo/grodi_atm/install/atm_interfaces/lib/python3.12/site-packages/atm_interfaces-0.0.0-py3.12.egg-info/SOURCES.txt
[2.307s] -- Up-to-date symlink: /home/gonzalo/grodi_atm/install/atm_interfaces/lib/python3.12/site-packages/atm_interfaces-0.0.0-py3.12.egg-info/dependency_links.txt
[2.308s] -- Up-to-date symlink: /home/gonzalo/grodi_atm/install/atm_interfaces/lib/python3.12/site-packages/atm_interfaces-0.0.0-py3.12.egg-info/top_level.txt
[2.309s] -- Up-to-date symlink: /home/gonzalo/grodi_atm/install/atm_interfaces/lib/python3.12/site-packages/atm_interfaces/__init__.py
[2.309s] -- Up-to-date symlink: /home/gonzalo/grodi_atm/install/atm_interfaces/lib/python3.12/site-packages/atm_interfaces/_atm_interfaces_s.ep.rosidl_typesupport_c.c
[2.309s] -- Up-to-date symlink: /home/gonzalo/grodi_atm/install/atm_interfaces/lib/python3.12/site-packages/atm_interfaces/_atm_interfaces_s.ep.rosidl_typesupport_fastrtps_c.c
[2.310s] -- Up-to-date symlink: /home/gonzalo/grodi_atm/install/atm_interfaces/lib/python3.12/site-packages/atm_interfaces/_atm_interfaces_s.ep.rosidl_typesupport_introspection_c.c
[2.310s] -- Up-to-date symlink: /home/gonzalo/grodi_atm/install/atm_interfaces/lib/python3.12/site-packages/atm_interfaces/action/__init__.py
[2.311s] -- Up-to-date symlink: /home/gonzalo/grodi_atm/install/atm_interfaces/lib/python3.12/site-packages/atm_interfaces/action/_execute_mission.py
[2.311s] -- Up-to-date symlink: /home/gonzalo/grodi_atm/install/atm_interfaces/lib/python3.12/site-packages/atm_interfaces/action/_execute_mission_s.c
[2.311s] -- Up-to-date symlink: /home/gonzalo/grodi_atm/install/atm_interfaces/lib/python3.12/site-packages/atm_interfaces/action/_navigate_to_stop.py
[2.312s] -- Up-to-date symlink: /home/gonzalo/grodi_atm/install/atm_interfaces/lib/python3.12/site-packages/atm_interfaces/action/_navigate_to_stop_s.c
[2.312s] -- Up-to-date symlink: /home/gonzalo/grodi_atm/install/atm_interfaces/lib/python3.12/site-packages/atm_interfaces/action/_return_to_base.py
[2.312s] -- Up-to-date symlink: /home/gonzalo/grodi_atm/install/atm_interfaces/lib/python3.12/site-packages/atm_interfaces/action/_return_to_base_s.c
[2.313s] -- Up-to-date symlink: /home/gonzalo/grodi_atm/install/atm_interfaces/lib/python3.12/site-packages/atm_interfaces/action/_run_purge.py
[2.313s] -- Up-to-date symlink: /home/gonzalo/grodi_atm/install/atm_interfaces/lib/python3.12/site-packages/atm_interfaces/action/_run_purge_s.c
[2.313s] -- Up-to-date symlink: /home/gonzalo/grodi_atm/install/atm_interfaces/lib/python3.12/site-packages/atm_interfaces/action/_spray_at_stop.py
[2.313s] -- Up-to-date symlink: /home/gonzalo/grodi_atm/install/atm_interfaces/lib/python3.12/site-packages/atm_interfaces/action/_spray_at_stop_s.c
[2.314s] -- Up-to-date symlink: /home/gonzalo/grodi_atm/install/atm_interfaces/lib/python3.12/site-packages/atm_interfaces/atm_interfaces_s__rosidl_typesupport_c.so
[2.314s] -- Up-to-date symlink: /home/gonzalo/grodi_atm/install/atm_interfaces/lib/python3.12/site-packages/atm_interfaces/atm_interfaces_s__rosidl_typesupport_fastrtps_c.so
[2.315s] -- Up-to-date symlink: /home/gonzalo/grodi_atm/install/atm_interfaces/lib/python3.12/site-packages/atm_interfaces/atm_interfaces_s__rosidl_typesupport_introspection_c.so
[2.315s] -- Up-to-date symlink: /home/gonzalo/grodi_atm/install/atm_interfaces/lib/python3.12/site-packages/atm_interfaces/msg/__init__.py
[2.315s] -- Up-to-date symlink: /home/gonzalo/grodi_atm/install/atm_interfaces/lib/python3.12/site-packages/atm_interfaces/msg/_fault_report.py
[2.315s] -- Up-to-date symlink: /home/gonzalo/grodi_atm/install/atm_interfaces/lib/python3.12/site-packages/atm_interfaces/msg/_fault_report_s.c
[2.316s] -- Up-to-date symlink: /home/gonzalo/grodi_atm/install/atm_interfaces/lib/python3.12/site-packages/atm_interfaces/msg/_heartbeat.py
[2.316s] -- Up-to-date symlink: /home/gonzalo/grodi_atm/install/atm_interfaces/lib/python3.12/site-packages/atm_interfaces/msg/_heartbeat_s.c
[2.316s] -- Up-to-date symlink: /home/gonzalo/grodi_atm/install/atm_interfaces/lib/python3.12/site-packages/atm_interfaces/msg/_line_target.py
[2.317s] -- Up-to-date symlink: /home/gonzalo/grodi_atm/install/atm_interfaces/lib/python3.12/site-packages/atm_interfaces/msg/_line_target_s.c
[2.317s] -- Up-to-date symlink: /home/gonzalo/grodi_atm/install/atm_interfaces/lib/python3.12/site-packages/atm_interfaces/msg/_master_status.py
[2.317s] -- Up-to-date symlink: /home/gonzalo/grodi_atm/install/atm_interfaces/lib/python3.12/site-packages/atm_interfaces/msg/_master_status_s.c
[2.317s] -- Up-to-date symlink: /home/gonzalo/grodi_atm/install/atm_interfaces/lib/python3.12/site-packages/atm_interfaces/msg/_mission_event.py
[2.318s] -- Up-to-date symlink: /home/gonzalo/grodi_atm/install/atm_interfaces/lib/python3.12/site-packages/atm_interfaces/msg/_mission_event_s.c
[2.318s] -- Up-to-date symlink: /home/gonzalo/grodi_atm/install/atm_interfaces/lib/python3.12/site-packages/atm_interfaces/msg/_mission_state.py
[2.319s] -- Up-to-date symlink: /home/gonzalo/grodi_atm/install/atm_interfaces/lib/python3.12/site-packages/atm_interfaces/msg/_mission_state_s.c
[2.320s] -- Up-to-date symlink: /home/gonzalo/grodi_atm/install/atm_interfaces/lib/python3.12/site-packages/atm_interfaces/msg/_slave_status.py
[2.320s] -- Up-to-date symlink: /home/gonzalo/grodi_atm/install/atm_interfaces/lib/python3.12/site-packages/atm_interfaces/msg/_slave_status_s.c
[2.320s] -- Up-to-date symlink: /home/gonzalo/grodi_atm/install/atm_interfaces/lib/python3.12/site-packages/atm_interfaces/msg/_spray_report.py
[2.320s] -- Up-to-date symlink: /home/gonzalo/grodi_atm/install/atm_interfaces/lib/python3.12/site-packages/atm_interfaces/msg/_spray_report_s.c
[2.321s] -- Up-to-date symlink: /home/gonzalo/grodi_atm/install/atm_interfaces/lib/python3.12/site-packages/atm_interfaces/msg/_stop_detection.py
[2.321s] -- Up-to-date symlink: /home/gonzalo/grodi_atm/install/atm_interfaces/lib/python3.12/site-packages/atm_interfaces/msg/_stop_detection_s.c
[2.321s] -- Up-to-date symlink: /home/gonzalo/grodi_atm/install/atm_interfaces/lib/python3.12/site-packages/atm_interfaces/srv/__init__.py
[2.321s] -- Up-to-date symlink: /home/gonzalo/grodi_atm/install/atm_interfaces/lib/python3.12/site-packages/atm_interfaces/srv/_arm_system.py
[2.322s] -- Up-to-date symlink: /home/gonzalo/grodi_atm/install/atm_interfaces/lib/python3.12/site-packages/atm_interfaces/srv/_arm_system_s.c
[2.322s] -- Up-to-date symlink: /home/gonzalo/grodi_atm/install/atm_interfaces/lib/python3.12/site-packages/atm_interfaces/srv/_get_system_state.py
[2.322s] -- Up-to-date symlink: /home/gonzalo/grodi_atm/install/atm_interfaces/lib/python3.12/site-packages/atm_interfaces/srv/_get_system_state_s.c
[2.322s] -- Up-to-date symlink: /home/gonzalo/grodi_atm/install/atm_interfaces/lib/python3.12/site-packages/atm_interfaces/srv/_reset_fault.py
[2.323s] -- Up-to-date symlink: /home/gonzalo/grodi_atm/install/atm_interfaces/lib/python3.12/site-packages/atm_interfaces/srv/_reset_fault_s.c
[2.323s] -- Up-to-date symlink: /home/gonzalo/grodi_atm/install/atm_interfaces/lib/python3.12/site-packages/atm_interfaces/srv/_set_admission_reel_mode.py
[2.324s] -- Up-to-date symlink: /home/gonzalo/grodi_atm/install/atm_interfaces/lib/python3.12/site-packages/atm_interfaces/srv/_set_admission_reel_mode_s.c
[2.324s] -- Up-to-date symlink: /home/gonzalo/grodi_atm/install/atm_interfaces/lib/python3.12/site-packages/atm_interfaces/srv/_set_zone_selection.py
[2.324s] -- Up-to-date symlink: /home/gonzalo/grodi_atm/install/atm_interfaces/lib/python3.12/site-packages/atm_interfaces/srv/_set_zone_selection_s.c
[2.324s] -- Up-to-date symlink: /home/gonzalo/grodi_atm/install/atm_interfaces/lib/python3.12/site-packages/atm_interfaces/srv/_start_pump.py
[2.325s] -- Up-to-date symlink: /home/gonzalo/grodi_atm/install/atm_interfaces/lib/python3.12/site-packages/atm_interfaces/srv/_start_pump_s.c
[2.325s] -- Up-to-date symlink: /home/gonzalo/grodi_atm/install/atm_interfaces/lib/python3.12/site-packages/atm_interfaces/srv/_stop_pump.py
[2.325s] -- Up-to-date symlink: /home/gonzalo/grodi_atm/install/atm_interfaces/lib/python3.12/site-packages/atm_interfaces/srv/_stop_pump_s.c
[2.325s] -- Up-to-date symlink: /home/gonzalo/grodi_atm/install/atm_interfaces/lib/python3.12/site-packages/atm_interfaces/atm_interfaces_s__rosidl_typesupport_fastrtps_c.so
[2.326s] -- Up-to-date symlink: /home/gonzalo/grodi_atm/install/atm_interfaces/lib/python3.12/site-packages/atm_interfaces/atm_interfaces_s__rosidl_typesupport_introspection_c.so
[2.326s] -- Up-to-date symlink: /home/gonzalo/grodi_atm/install/atm_interfaces/lib/python3.12/site-packages/atm_interfaces/atm_interfaces_s__rosidl_typesupport_c.so
[2.326s] -- Up-to-date symlink: /home/gonzalo/grodi_atm/install/atm_interfaces/share/ament_index/resource_index/rust_packages/atm_interfaces
[2.328s] -- Up-to-date symlink: /home/gonzalo/grodi_atm/install/atm_interfaces/share/atm_interfaces/rust/Cargo.toml
[2.328s] -- Up-to-date symlink: /home/gonzalo/grodi_atm/install/atm_interfaces/share/atm_interfaces/rust/build.rs
[2.329s] -- Up-to-date symlink: /home/gonzalo/grodi_atm/install/atm_interfaces/share/atm_interfaces/rust/src/action.rs
[2.329s] -- Up-to-date symlink: /home/gonzalo/grodi_atm/install/atm_interfaces/share/atm_interfaces/rust/src/action/rmw.rs
[2.329s] -- Up-to-date symlink: /home/gonzalo/grodi_atm/install/atm_interfaces/share/atm_interfaces/rust/src/lib.rs
[2.330s] -- Up-to-date symlink: /home/gonzalo/grodi_atm/install/atm_interfaces/share/atm_interfaces/rust/src/msg.rs
[2.330s] -- Up-to-date symlink: /home/gonzalo/grodi_atm/install/atm_interfaces/share/atm_interfaces/rust/src/msg/rmw.rs
[2.330s] -- Up-to-date symlink: /home/gonzalo/grodi_atm/install/atm_interfaces/share/atm_interfaces/rust/src/srv.rs
[2.331s] -- Up-to-date symlink: /home/gonzalo/grodi_atm/install/atm_interfaces/share/atm_interfaces/rust/src/srv/rmw.rs
[2.331s] -- Up-to-date symlink: /home/gonzalo/grodi_atm/install/atm_interfaces/share/atm_interfaces/msg/Heartbeat.idl
[2.332s] -- Up-to-date symlink: /home/gonzalo/grodi_atm/install/atm_interfaces/share/atm_interfaces/msg/MissionState.idl
[2.332s] -- Up-to-date symlink: /home/gonzalo/grodi_atm/install/atm_interfaces/share/atm_interfaces/msg/MissionEvent.idl
[2.332s] -- Up-to-date symlink: /home/gonzalo/grodi_atm/install/atm_interfaces/share/atm_interfaces/msg/FaultReport.idl
[2.333s] -- Up-to-date symlink: /home/gonzalo/grodi_atm/install/atm_interfaces/share/atm_interfaces/msg/LineTarget.idl
[2.333s] -- Up-to-date symlink: /home/gonzalo/grodi_atm/install/atm_interfaces/share/atm_interfaces/msg/StopDetection.idl
[2.333s] -- Up-to-date symlink: /home/gonzalo/grodi_atm/install/atm_interfaces/share/atm_interfaces/msg/MasterStatus.idl
[2.334s] -- Up-to-date symlink: /home/gonzalo/grodi_atm/install/atm_interfaces/share/atm_interfaces/msg/SlaveStatus.idl
[2.334s] -- Up-to-date symlink: /home/gonzalo/grodi_atm/install/atm_interfaces/share/atm_interfaces/msg/SprayReport.idl
[2.335s] -- Up-to-date symlink: /home/gonzalo/grodi_atm/install/atm_interfaces/share/atm_interfaces/srv/ArmSystem.idl
[2.335s] -- Up-to-date symlink: /home/gonzalo/grodi_atm/install/atm_interfaces/share/atm_interfaces/srv/ResetFault.idl
[2.335s] -- Up-to-date symlink: /home/gonzalo/grodi_atm/install/atm_interfaces/share/atm_interfaces/srv/StartPump.idl
[2.336s] -- Up-to-date symlink: /home/gonzalo/grodi_atm/install/atm_interfaces/share/atm_interfaces/srv/StopPump.idl
[2.336s] -- Up-to-date symlink: /home/gonzalo/grodi_atm/install/atm_interfaces/share/atm_interfaces/srv/SetAdmissionReelMode.idl
[2.336s] -- Up-to-date symlink: /home/gonzalo/grodi_atm/install/atm_interfaces/share/atm_interfaces/srv/SetZoneSelection.idl
[2.337s] -- Up-to-date symlink: /home/gonzalo/grodi_atm/install/atm_interfaces/share/atm_interfaces/srv/GetSystemState.idl
[2.337s] -- Up-to-date symlink: /home/gonzalo/grodi_atm/install/atm_interfaces/share/atm_interfaces/action/ExecuteMission.idl
[2.337s] -- Up-to-date symlink: /home/gonzalo/grodi_atm/install/atm_interfaces/share/atm_interfaces/action/NavigateToStop.idl
[2.338s] -- Up-to-date symlink: /home/gonzalo/grodi_atm/install/atm_interfaces/share/atm_interfaces/action/SprayAtStop.idl
[2.338s] -- Up-to-date symlink: /home/gonzalo/grodi_atm/install/atm_interfaces/share/atm_interfaces/action/ReturnToBase.idl
[2.338s] -- Up-to-date symlink: /home/gonzalo/grodi_atm/install/atm_interfaces/share/atm_interfaces/action/RunPurge.idl
[2.339s] -- Up-to-date symlink: /home/gonzalo/grodi_atm/install/atm_interfaces/share/atm_interfaces/msg/Heartbeat.msg
[2.339s] -- Up-to-date symlink: /home/gonzalo/grodi_atm/install/atm_interfaces/share/atm_interfaces/msg/MissionState.msg
[2.339s] -- Up-to-date symlink: /home/gonzalo/grodi_atm/install/atm_interfaces/share/atm_interfaces/msg/MissionEvent.msg
[2.340s] -- Up-to-date symlink: /home/gonzalo/grodi_atm/install/atm_interfaces/share/atm_interfaces/msg/FaultReport.msg
[2.340s] -- Up-to-date symlink: /home/gonzalo/grodi_atm/install/atm_interfaces/share/atm_interfaces/msg/LineTarget.msg
[2.341s] -- Up-to-date symlink: /home/gonzalo/grodi_atm/install/atm_interfaces/share/atm_interfaces/msg/StopDetection.msg
[2.341s] -- Up-to-date symlink: /home/gonzalo/grodi_atm/install/atm_interfaces/share/atm_interfaces/msg/MasterStatus.msg
[2.341s] -- Up-to-date symlink: /home/gonzalo/grodi_atm/install/atm_interfaces/share/atm_interfaces/msg/SlaveStatus.msg
[2.342s] -- Up-to-date symlink: /home/gonzalo/grodi_atm/install/atm_interfaces/share/atm_interfaces/msg/SprayReport.msg
[2.342s] -- Up-to-date symlink: /home/gonzalo/grodi_atm/install/atm_interfaces/share/atm_interfaces/srv/ArmSystem.srv
[2.342s] -- Up-to-date symlink: /home/gonzalo/grodi_atm/install/atm_interfaces/share/atm_interfaces/srv/ResetFault.srv
[2.343s] -- Up-to-date symlink: /home/gonzalo/grodi_atm/install/atm_interfaces/share/atm_interfaces/srv/StartPump.srv
[2.343s] -- Up-to-date symlink: /home/gonzalo/grodi_atm/install/atm_interfaces/share/atm_interfaces/srv/StopPump.srv
[2.343s] -- Up-to-date symlink: /home/gonzalo/grodi_atm/install/atm_interfaces/share/atm_interfaces/srv/SetAdmissionReelMode.srv
[2.344s] -- Up-to-date symlink: /home/gonzalo/grodi_atm/install/atm_interfaces/share/atm_interfaces/srv/SetZoneSelection.srv
[2.344s] -- Up-to-date symlink: /home/gonzalo/grodi_atm/install/atm_interfaces/share/atm_interfaces/srv/GetSystemState.srv
[2.344s] -- Up-to-date symlink: /home/gonzalo/grodi_atm/install/atm_interfaces/share/atm_interfaces/action/ExecuteMission.action
[2.345s] -- Up-to-date symlink: /home/gonzalo/grodi_atm/install/atm_interfaces/share/atm_interfaces/action/NavigateToStop.action
[2.345s] -- Up-to-date symlink: /home/gonzalo/grodi_atm/install/atm_interfaces/share/atm_interfaces/action/SprayAtStop.action
[2.345s] -- Up-to-date symlink: /home/gonzalo/grodi_atm/install/atm_interfaces/share/atm_interfaces/action/ReturnToBase.action
[2.346s] -- Up-to-date symlink: /home/gonzalo/grodi_atm/install/atm_interfaces/share/atm_interfaces/action/RunPurge.action
[2.347s] -- Up-to-date symlink: /home/gonzalo/grodi_atm/install/atm_interfaces/share/ament_index/resource_index/package_run_dependencies/atm_interfaces
[2.347s] -- Up-to-date symlink: /home/gonzalo/grodi_atm/install/atm_interfaces/share/ament_index/resource_index/parent_prefix_path/atm_interfaces
[2.347s] -- Up-to-date symlink: /home/gonzalo/grodi_atm/install/atm_interfaces/share/atm_interfaces/environment/ament_prefix_path.sh
[2.348s] -- Up-to-date symlink: /home/gonzalo/grodi_atm/install/atm_interfaces/share/atm_interfaces/environment/ament_prefix_path.dsv
[2.348s] -- Up-to-date symlink: /home/gonzalo/grodi_atm/install/atm_interfaces/share/atm_interfaces/environment/path.sh
[2.348s] -- Up-to-date symlink: /home/gonzalo/grodi_atm/install/atm_interfaces/share/atm_interfaces/environment/path.dsv
[2.348s] -- Up-to-date symlink: /home/gonzalo/grodi_atm/install/atm_interfaces/share/atm_interfaces/local_setup.bash
[2.349s] -- Up-to-date symlink: /home/gonzalo/grodi_atm/install/atm_interfaces/share/atm_interfaces/local_setup.sh
[2.349s] -- Up-to-date symlink: /home/gonzalo/grodi_atm/install/atm_interfaces/share/atm_interfaces/local_setup.zsh
[2.349s] -- Up-to-date symlink: /home/gonzalo/grodi_atm/install/atm_interfaces/share/atm_interfaces/local_setup.dsv
[2.349s] -- Symlinking: /home/gonzalo/grodi_atm/install/atm_interfaces/share/atm_interfaces/package.dsv
[2.359s] -- Up-to-date symlink: /home/gonzalo/grodi_atm/install/atm_interfaces/share/ament_index/resource_index/packages/atm_interfaces
[2.359s] -- Up-to-date symlink: /home/gonzalo/grodi_atm/install/atm_interfaces/share/atm_interfaces/cmake/rosidl_cmake-extras.cmake
[2.360s] -- Up-to-date symlink: /home/gonzalo/grodi_atm/install/atm_interfaces/share/atm_interfaces/cmake/ament_cmake_export_dependencies-extras.cmake
[2.360s] -- Up-to-date symlink: /home/gonzalo/grodi_atm/install/atm_interfaces/share/atm_interfaces/cmake/ament_cmake_export_include_directories-extras.cmake
[2.360s] -- Up-to-date symlink: /home/gonzalo/grodi_atm/install/atm_interfaces/share/atm_interfaces/cmake/ament_cmake_export_libraries-extras.cmake
[2.361s] -- Up-to-date symlink: /home/gonzalo/grodi_atm/install/atm_interfaces/share/atm_interfaces/cmake/ament_cmake_export_targets-extras.cmake
[2.361s] -- Up-to-date symlink: /home/gonzalo/grodi_atm/install/atm_interfaces/share/atm_interfaces/cmake/rosidl_cmake_export_typesupport_targets-extras.cmake
[2.361s] -- Up-to-date symlink: /home/gonzalo/grodi_atm/install/atm_interfaces/share/atm_interfaces/cmake/rosidl_cmake_export_typesupport_libraries-extras.cmake
[2.362s] -- Up-to-date symlink: /home/gonzalo/grodi_atm/install/atm_interfaces/share/atm_interfaces/cmake/atm_interfacesConfig.cmake
[2.362s] -- Up-to-date symlink: /home/gonzalo/grodi_atm/install/atm_interfaces/share/atm_interfaces/cmake/atm_interfacesConfig-version.cmake
[2.362s] -- Up-to-date symlink: /home/gonzalo/grodi_atm/install/atm_interfaces/share/atm_interfaces/package.xml
[2.363s] -- Up-to-date: /home/gonzalo/grodi_atm/install/atm_interfaces/lib/libatm_interfaces__rosidl_generator_c.so
[2.364s] -- Up-to-date: /home/gonzalo/grodi_atm/install/atm_interfaces/lib/libatm_interfaces__rosidl_typesupport_fastrtps_c.so
[2.365s] -- Up-to-date: /home/gonzalo/grodi_atm/install/atm_interfaces/lib/libatm_interfaces__rosidl_typesupport_introspection_c.so
[2.366s] -- Up-to-date: /home/gonzalo/grodi_atm/install/atm_interfaces/lib/libatm_interfaces__rosidl_typesupport_c.so
[2.367s] -- Up-to-date: /home/gonzalo/grodi_atm/install/atm_interfaces/lib/libatm_interfaces__rosidl_typesupport_fastrtps_cpp.so
[2.368s] -- Up-to-date: /home/gonzalo/grodi_atm/install/atm_interfaces/lib/libatm_interfaces__rosidl_typesupport_introspection_cpp.so
[2.369s] -- Up-to-date: /home/gonzalo/grodi_atm/install/atm_interfaces/lib/libatm_interfaces__rosidl_typesupport_cpp.so
[2.414s] Listing '/home/gonzalo/grodi_atm/install/atm_interfaces/lib/python3.12/site-packages/atm_interfaces'...
[2.414s] Compiling '/home/gonzalo/grodi_atm/install/atm_interfaces/lib/python3.12/site-packages/atm_interfaces/__init__.py'...
[2.414s] Listing '/home/gonzalo/grodi_atm/install/atm_interfaces/lib/python3.12/site-packages/atm_interfaces/action'...
[2.414s] Listing '/home/gonzalo/grodi_atm/install/atm_interfaces/lib/python3.12/site-packages/atm_interfaces/msg'...
[2.414s] Listing '/home/gonzalo/grodi_atm/install/atm_interfaces/lib/python3.12/site-packages/atm_interfaces/srv'...
[2.419s] -- Up-to-date: /home/gonzalo/grodi_atm/install/atm_interfaces/lib/libatm_interfaces__rosidl_generator_py.so
[2.420s] -- Up-to-date: /home/gonzalo/grodi_atm/install/atm_interfaces/share/atm_interfaces/cmake/export_atm_interfaces__rosidl_generator_cExport.cmake
[2.420s] -- Up-to-date: /home/gonzalo/grodi_atm/install/atm_interfaces/share/atm_interfaces/cmake/export_atm_interfaces__rosidl_generator_cExport-noconfig.cmake
[2.420s] -- Up-to-date: /home/gonzalo/grodi_atm/install/atm_interfaces/share/atm_interfaces/cmake/export_atm_interfaces__rosidl_typesupport_fastrtps_cExport.cmake
[2.420s] -- Up-to-date: /home/gonzalo/grodi_atm/install/atm_interfaces/share/atm_interfaces/cmake/export_atm_interfaces__rosidl_typesupport_fastrtps_cExport-noconfig.cmake
[2.421s] -- Up-to-date: /home/gonzalo/grodi_atm/install/atm_interfaces/share/atm_interfaces/cmake/atm_interfaces__rosidl_typesupport_introspection_cExport.cmake
[2.421s] -- Up-to-date: /home/gonzalo/grodi_atm/install/atm_interfaces/share/atm_interfaces/cmake/atm_interfaces__rosidl_typesupport_introspection_cExport-noconfig.cmake
[2.421s] -- Up-to-date: /home/gonzalo/grodi_atm/install/atm_interfaces/share/atm_interfaces/cmake/atm_interfaces__rosidl_typesupport_cExport.cmake
[2.421s] -- Up-to-date: /home/gonzalo/grodi_atm/install/atm_interfaces/share/atm_interfaces/cmake/atm_interfaces__rosidl_typesupport_cExport-noconfig.cmake
[2.422s] -- Up-to-date: /home/gonzalo/grodi_atm/install/atm_interfaces/share/atm_interfaces/cmake/export_atm_interfaces__rosidl_generator_cppExport.cmake
[2.422s] -- Up-to-date: /home/gonzalo/grodi_atm/install/atm_interfaces/share/atm_interfaces/cmake/export_atm_interfaces__rosidl_typesupport_fastrtps_cppExport.cmake
[2.423s] -- Up-to-date: /home/gonzalo/grodi_atm/install/atm_interfaces/share/atm_interfaces/cmake/export_atm_interfaces__rosidl_typesupport_fastrtps_cppExport-noconfig.cmake
[2.423s] -- Up-to-date: /home/gonzalo/grodi_atm/install/atm_interfaces/share/atm_interfaces/cmake/atm_interfaces__rosidl_typesupport_introspection_cppExport.cmake
[2.423s] -- Up-to-date: /home/gonzalo/grodi_atm/install/atm_interfaces/share/atm_interfaces/cmake/atm_interfaces__rosidl_typesupport_introspection_cppExport-noconfig.cmake
[2.424s] -- Up-to-date: /home/gonzalo/grodi_atm/install/atm_interfaces/share/atm_interfaces/cmake/atm_interfaces__rosidl_typesupport_cppExport.cmake
[2.424s] -- Up-to-date: /home/gonzalo/grodi_atm/install/atm_interfaces/share/atm_interfaces/cmake/atm_interfaces__rosidl_typesupport_cppExport-noconfig.cmake
[2.424s] -- Up-to-date: /home/gonzalo/grodi_atm/install/atm_interfaces/share/atm_interfaces/cmake/export_atm_interfaces__rosidl_generator_pyExport.cmake
[2.425s] -- Up-to-date: /home/gonzalo/grodi_atm/install/atm_interfaces/share/atm_interfaces/cmake/export_atm_interfaces__rosidl_generator_pyExport-noconfig.cmake
[2.426s] Invoked command in '/home/gonzalo/grodi_atm/build/atm_interfaces' returned '0': CMAKE_PREFIX_PATH=${CMAKE_PREFIX_PATH}:/home/gonzalo/grodi_atm/install/atm_bringup:/home/gonzalo/grodi_atm/install/atm_slave:/home/gonzalo/grodi_atm/install/atm_simulation:/home/gonzalo/grodi_atm/install/atm_master:/home/gonzalo/grodi_atm/install/atm_logging:/home/gonzalo/grodi_atm/install/atm_link:/opt/ros/jazzy /usr/bin/cmake --install /home/gonzalo/grodi_atm/build/atm_interfaces
