running develop
Removing /home/gonzalo/grodi_atm/install/atm_logging/lib/python3.12/site-packages/atm-logging.egg-link (link to .)
running egg_info
writing ../../build/atm_logging/atm_logging.egg-info/PKG-INFO
writing dependency_links to ../../build/atm_logging/atm_logging.egg-info/dependency_links.txt
writing requirements to ../../build/atm_logging/atm_logging.egg-info/requires.txt
writing top-level names to ../../build/atm_logging/atm_logging.egg-info/top_level.txt
reading manifest file '../../build/atm_logging/atm_logging.egg-info/SOURCES.txt'
writing manifest file '../../build/atm_logging/atm_logging.egg-info/SOURCES.txt'
running build
running build_py
creating /home/gonzalo/grodi_atm/build/atm_logging/build
creating /home/gonzalo/grodi_atm/build/atm_logging/build/lib
creating /home/gonzalo/grodi_atm/build/atm_logging/build/lib/atm_logging
copying atm_logging/__init__.py -> /home/gonzalo/grodi_atm/build/atm_logging/build/lib/atm_logging
running install
running install_lib
creating /home/gonzalo/grodi_atm/install/atm_logging/lib/python3.12/site-packages/atm_logging
copying /home/gonzalo/grodi_atm/build/atm_logging/build/lib/atm_logging/__init__.py -> /home/gonzalo/grodi_atm/install/atm_logging/lib/python3.12/site-packages/atm_logging
byte-compiling /home/gonzalo/grodi_atm/install/atm_logging/lib/python3.12/site-packages/atm_logging/__init__.py to __init__.cpython-312.pyc
running install_data
copying resource/atm_logging -> /home/gonzalo/grodi_atm/install/atm_logging/share/ament_index/resource_index/packages
copying package.xml -> /home/gonzalo/grodi_atm/install/atm_logging/share/atm_logging
copying config/logging_params.yaml -> /home/gonzalo/grodi_atm/install/atm_logging/share/atm_logging/config
running install_egg_info
Copying ../../build/atm_logging/atm_logging.egg-info to /home/gonzalo/grodi_atm/install/atm_logging/lib/python3.12/site-packages/atm_logging-0.0.0-py3.12.egg-info
running install_scripts
writing list of installed files to '/home/gonzalo/grodi_atm/build/atm_logging/install.log'
