[1.202s] Invoking command in '/home/gonzalo/grodi_atm/build/atm_logging': PYTHONPATH=/home/gonzalo/grodi_atm/build/atm_logging/prefix_override:/usr/lib/python3/dist-packages/colcon_core/task/python/colcon_distutils_commands:/home/gonzalo/grodi_atm/install/atm_logging/lib/python3.12/site-packages:/home/gonzalo/grodi_atm/install/atm_interfaces/lib/python3.12/site-packages:/home/gonzalo/grodi_atm/build/atm_bringup:/home/gonzalo/grodi_atm/install/atm_bringup/lib/python3.12/site-packages:/home/gonzalo/grodi_atm/build/atm_slave:/home/gonzalo/grodi_atm/install/atm_slave/lib/python3.12/site-packages:/home/gonzalo/grodi_atm/build/atm_simulation:/home/gonzalo/grodi_atm/install/atm_simulation/lib/python3.12/site-packages:/home/gonzalo/grodi_atm/build/atm_master:/home/gonzalo/grodi_atm/install/atm_master/lib/python3.12/site-packages:/home/gonzalo/grodi_atm/build/atm_logging:/home/gonzalo/grodi_atm/install/atm_logging/lib/python3.12/site-packages:/home/gonzalo/grodi_atm/build/atm_link:/home/gonzalo/grodi_atm/install/atm_link/lib/python3.12/site-packages:/opt/ros/jazzy/lib/python3.12/site-packages /usr/bin/python3 -W ignore:setup.py install is deprecated -W ignore:easy_install command is deprecated setup.py develop --uninstall --editable --build-directory /home/gonzalo/grodi_atm/build/atm_logging/build
[1.500s] running develop
[1.702s] Removing /home/gonzalo/grodi_atm/install/atm_logging/lib/python3.12/site-packages/atm-logging.egg-link (link to .)
[1.729s] Invoked command in '/home/gonzalo/grodi_atm/build/atm_logging' returned '0': PYTHONPATH=/home/gonzalo/grodi_atm/build/atm_logging/prefix_override:/usr/lib/python3/dist-packages/colcon_core/task/python/colcon_distutils_commands:/home/gonzalo/grodi_atm/install/atm_logging/lib/python3.12/site-packages:/home/gonzalo/grodi_atm/install/atm_interfaces/lib/python3.12/site-packages:/home/gonzalo/grodi_atm/build/atm_bringup:/home/gonzalo/grodi_atm/install/atm_bringup/lib/python3.12/site-packages:/home/gonzalo/grodi_atm/build/atm_slave:/home/gonzalo/grodi_atm/install/atm_slave/lib/python3.12/site-packages:/home/gonzalo/grodi_atm/build/atm_simulation:/home/gonzalo/grodi_atm/install/atm_simulation/lib/python3.12/site-packages:/home/gonzalo/grodi_atm/build/atm_master:/home/gonzalo/grodi_atm/install/atm_master/lib/python3.12/site-packages:/home/gonzalo/grodi_atm/build/atm_logging:/home/gonzalo/grodi_atm/install/atm_logging/lib/python3.12/site-packages:/home/gonzalo/grodi_atm/build/atm_link:/home/gonzalo/grodi_atm/install/atm_link/lib/python3.12/site-packages:/opt/ros/jazzy/lib/python3.12/site-packages /usr/bin/python3 -W ignore:setup.py install is deprecated -W ignore:easy_install command is deprecated setup.py develop --uninstall --editable --build-directory /home/gonzalo/grodi_atm/build/atm_logging/build
[1.730s] Invoking command in '/home/gonzalo/grodi_atm/src/atm_logging': PYTHONPATH=/home/gonzalo/grodi_atm/build/atm_logging/prefix_override:/usr/lib/python3/dist-packages/colcon_core/task/python/colcon_distutils_commands:/home/gonzalo/grodi_atm/install/atm_logging/lib/python3.12/site-packages:/home/gonzalo/grodi_atm/install/atm_interfaces/lib/python3.12/site-packages:/home/gonzalo/grodi_atm/build/atm_bringup:/home/gonzalo/grodi_atm/install/atm_bringup/lib/python3.12/site-packages:/home/gonzalo/grodi_atm/build/atm_slave:/home/gonzalo/grodi_atm/install/atm_slave/lib/python3.12/site-packages:/home/gonzalo/grodi_atm/build/atm_simulation:/home/gonzalo/grodi_atm/install/atm_simulation/lib/python3.12/site-packages:/home/gonzalo/grodi_atm/build/atm_master:/home/gonzalo/grodi_atm/install/atm_master/lib/python3.12/site-packages:/home/gonzalo/grodi_atm/build/atm_logging:/home/gonzalo/grodi_atm/install/atm_logging/lib/python3.12/site-packages:/home/gonzalo/grodi_atm/build/atm_link:/home/gonzalo/grodi_atm/install/atm_link/lib/python3.12/site-packages:/opt/ros/jazzy/lib/python3.12/site-packages /usr/bin/python3 -W ignore:setup.py install is deprecated -W ignore:easy_install command is deprecated setup.py egg_info --egg-base ../../build/atm_logging build --build-base /home/gonzalo/grodi_atm/build/atm_logging/build install --record /home/gonzalo/grodi_atm/build/atm_logging/install.log --single-version-externally-managed install_data --force
[1.994s] running egg_info
[2.013s] writing ../../build/atm_logging/atm_logging.egg-info/PKG-INFO
[2.013s] writing dependency_links to ../../build/atm_logging/atm_logging.egg-info/dependency_links.txt
[2.013s] writing requirements to ../../build/atm_logging/atm_logging.egg-info/requires.txt
[2.013s] writing top-level names to ../../build/atm_logging/atm_logging.egg-info/top_level.txt
[2.054s] reading manifest file '../../build/atm_logging/atm_logging.egg-info/SOURCES.txt'
[2.055s] writing manifest file '../../build/atm_logging/atm_logging.egg-info/SOURCES.txt'
[2.056s] running build
[2.056s] running build_py
[2.056s] creating /home/gonzalo/grodi_atm/build/atm_logging/build
[2.056s] creating /home/gonzalo/grodi_atm/build/atm_logging/build/lib
[2.056s] creating /home/gonzalo/grodi_atm/build/atm_logging/build/lib/atm_logging
[2.057s] copying atm_logging/__init__.py -> /home/gonzalo/grodi_atm/build/atm_logging/build/lib/atm_logging
[2.057s] running install
[2.063s] running install_lib
[2.083s] creating /home/gonzalo/grodi_atm/install/atm_logging/lib/python3.12/site-packages/atm_logging
[2.083s] copying /home/gonzalo/grodi_atm/build/atm_logging/build/lib/atm_logging/__init__.py -> /home/gonzalo/grodi_atm/install/atm_logging/lib/python3.12/site-packages/atm_logging
[2.084s] byte-compiling /home/gonzalo/grodi_atm/install/atm_logging/lib/python3.12/site-packages/atm_logging/__init__.py to __init__.cpython-312.pyc
[2.084s] running install_data
[2.085s] copying resource/atm_logging -> /home/gonzalo/grodi_atm/install/atm_logging/share/ament_index/resource_index/packages
[2.085s] copying package.xml -> /home/gonzalo/grodi_atm/install/atm_logging/share/atm_logging
[2.085s] copying config/logging_params.yaml -> /home/gonzalo/grodi_atm/install/atm_logging/share/atm_logging/config
[2.086s] running install_egg_info
[2.108s] Copying ../../build/atm_logging/atm_logging.egg-info to /home/gonzalo/grodi_atm/install/atm_logging/lib/python3.12/site-packages/atm_logging-0.0.0-py3.12.egg-info
[2.109s] running install_scripts
[2.282s] writing list of installed files to '/home/gonzalo/grodi_atm/build/atm_logging/install.log'
[2.309s] Invoked command in '/home/gonzalo/grodi_atm/src/atm_logging' returned '0': PYTHONPATH=/home/gonzalo/grodi_atm/build/atm_logging/prefix_override:/usr/lib/python3/dist-packages/colcon_core/task/python/colcon_distutils_commands:/home/gonzalo/grodi_atm/install/atm_logging/lib/python3.12/site-packages:/home/gonzalo/grodi_atm/install/atm_interfaces/lib/python3.12/site-packages:/home/gonzalo/grodi_atm/build/atm_bringup:/home/gonzalo/grodi_atm/install/atm_bringup/lib/python3.12/site-packages:/home/gonzalo/grodi_atm/build/atm_slave:/home/gonzalo/grodi_atm/install/atm_slave/lib/python3.12/site-packages:/home/gonzalo/grodi_atm/build/atm_simulation:/home/gonzalo/grodi_atm/install/atm_simulation/lib/python3.12/site-packages:/home/gonzalo/grodi_atm/build/atm_master:/home/gonzalo/grodi_atm/install/atm_master/lib/python3.12/site-packages:/home/gonzalo/grodi_atm/build/atm_logging:/home/gonzalo/grodi_atm/install/atm_logging/lib/python3.12/site-packages:/home/gonzalo/grodi_atm/build/atm_link:/home/gonzalo/grodi_atm/install/atm_link/lib/python3.12/site-packages:/opt/ros/jazzy/lib/python3.12/site-packages /usr/bin/python3 -W ignore:setup.py install is deprecated -W ignore:easy_install command is deprecated setup.py egg_info --egg-base ../../build/atm_logging build --build-base /home/gonzalo/grodi_atm/build/atm_logging/build install --record /home/gonzalo/grodi_atm/build/atm_logging/install.log --single-version-externally-managed install_data --force
