[0.166s] DEBUG:colcon:Command line arguments: ['/usr/bin/colcon', 'build', '--symlink-install', '--packages-select', 'atm_simulation']
[0.166s] DEBUG:colcon:Parsed command line arguments: Namespace(log_base=None, log_level=None, verb_name='build', build_base='build', install_base='install', merge_install=False, symlink_install=True, test_result_base=None, continue_on_error=False, executor='parallel', parallel_workers=12, event_handlers=None, ignore_user_meta=False, metas=['./colcon.meta'], base_paths=['.'], packages_ignore=None, packages_ignore_regex=None, paths=None, packages_up_to=None, packages_up_to_regex=None, packages_above=None, packages_above_and_dependencies=None, packages_above_depth=None, packages_select_by_dep=None, packages_skip_by_dep=None, packages_skip_up_to=None, packages_select_build_failed=False, packages_skip_build_finished=False, packages_select_test_failures=False, packages_skip_test_passed=False, packages_select=['atm_simulation'], packages_skip=None, packages_select_regex=None, packages_skip_regex=None, packages_start=None, packages_end=None, cmake_args=None, cmake_target=None, cmake_target_skip_unavailable=False, cmake_clean_cache=False, cmake_clean_first=False, cmake_force_configure=False, ament_cmake_args=None, catkin_cmake_args=None, catkin_skip_building_tests=False, verb_parser=<colcon_defaults.argument_parser.defaults.DefaultArgumentsDecorator object at 0x7e6cc2cf8fb0>, verb_extension=<colcon_core.verb.build.BuildVerb object at 0x7e6cc2cf8ce0>, main=<bound method BuildVerb.main of <colcon_core.verb.build.BuildVerb object at 0x7e6cc2cf8ce0>>)
[0.207s] Level 1:colcon.colcon_core.package_discovery:discover_packages(colcon_meta) check parameters
[0.207s] Level 1:colcon.colcon_core.package_discovery:discover_packages(recursive) check parameters
[0.207s] Level 1:colcon.colcon_core.package_discovery:discover_packages(ignore) check parameters
[0.207s] Level 1:colcon.colcon_core.package_discovery:discover_packages(path) check parameters
[0.207s] Level 1:colcon.colcon_core.package_discovery:discover_packages(colcon_meta) discover
[0.207s] Level 1:colcon.colcon_core.package_discovery:discover_packages(recursive) discover
[0.207s] INFO:colcon.colcon_core.package_discovery:Crawling recursively for packages in '/home/gonzalo/grodi_atm'
[0.207s] Level 1:colcon.colcon_core.package_identification:_identify(.) by extensions ['ignore', 'ignore_ament_install']
[0.207s] Level 1:colcon.colcon_core.package_identification:_identify(.) by extension 'ignore'
[0.207s] Level 1:colcon.colcon_core.package_identification:_identify(.) by extension 'ignore_ament_install'
[0.207s] Level 1:colcon.colcon_core.package_identification:_identify(.) by extensions ['colcon_pkg']
[0.207s] Level 1:colcon.colcon_core.package_identification:_identify(.) by extension 'colcon_pkg'
[0.207s] Level 1:colcon.colcon_core.package_identification:_identify(.) by extensions ['colcon_meta']
[0.208s] Level 1:colcon.colcon_core.package_identification:_identify(.) by extension 'colcon_meta'
[0.208s] Level 1:colcon.colcon_core.package_identification:_identify(.) by extensions ['ros']
[0.208s] Level 1:colcon.colcon_core.package_identification:_identify(.) by extension 'ros'
[0.232s] Level 1:colcon.colcon_core.package_identification:_identify(.) by extensions ['cmake', 'python']
[0.232s] Level 1:colcon.colcon_core.package_identification:_identify(.) by extension 'cmake'
[0.232s] Level 1:colcon.colcon_core.package_identification:_identify(.) by extension 'python'
[0.232s] Level 1:colcon.colcon_core.package_identification:_identify(.) by extensions ['python_setup_py']
[0.232s] Level 1:colcon.colcon_core.package_identification:_identify(.) by extension 'python_setup_py'
[0.232s] Level 1:colcon.colcon_core.package_identification:_identify(build) by extensions ['ignore', 'ignore_ament_install']
[0.233s] Level 1:colcon.colcon_core.package_identification:_identify(build) by extension 'ignore'
[0.233s] Level 1:colcon.colcon_core.package_identification:_identify(build) ignored
[0.233s] Level 1:colcon.colcon_core.package_identification:_identify(docs) by extensions ['ignore', 'ignore_ament_install']
[0.233s] Level 1:colcon.colcon_core.package_identification:_identify(docs) by extension 'ignore'
[0.233s] Level 1:colcon.colcon_core.package_identification:_identify(docs) by extension 'ignore_ament_install'
[0.233s] Level 1:colcon.colcon_core.package_identification:_identify(docs) by extensions ['colcon_pkg']
[0.233s] Level 1:colcon.colcon_core.package_identification:_identify(docs) by extension 'colcon_pkg'
[0.233s] Level 1:colcon.colcon_core.package_identification:_identify(docs) by extensions ['colcon_meta']
[0.233s] Level 1:colcon.colcon_core.package_identification:_identify(docs) by extension 'colcon_meta'
[0.233s] Level 1:colcon.colcon_core.package_identification:_identify(docs) by extensions ['ros']
[0.233s] Level 1:colcon.colcon_core.package_identification:_identify(docs) by extension 'ros'
[0.233s] Level 1:colcon.colcon_core.package_identification:_identify(docs) by extensions ['cmake', 'python']
[0.233s] Level 1:colcon.colcon_core.package_identification:_identify(docs) by extension 'cmake'
[0.233s] Level 1:colcon.colcon_core.package_identification:_identify(docs) by extension 'python'
[0.233s] Level 1:colcon.colcon_core.package_identification:_identify(docs) by extensions ['python_setup_py']
[0.233s] Level 1:colcon.colcon_core.package_identification:_identify(docs) by extension 'python_setup_py'
[0.233s] Level 1:colcon.colcon_core.package_identification:_identify(install) by extensions ['ignore', 'ignore_ament_install']
[0.233s] Level 1:colcon.colcon_core.package_identification:_identify(install) by extension 'ignore'
[0.233s] Level 1:colcon.colcon_core.package_identification:_identify(install) ignored
[0.234s] Level 1:colcon.colcon_core.package_identification:_identify(log) by extensions ['ignore', 'ignore_ament_install']
[0.234s] Level 1:colcon.colcon_core.package_identification:_identify(log) by extension 'ignore'
[0.234s] Level 1:colcon.colcon_core.package_identification:_identify(log) ignored
[0.234s] Level 1:colcon.colcon_core.package_identification:_identify(src) by extensions ['ignore', 'ignore_ament_install']
[0.234s] Level 1:colcon.colcon_core.package_identification:_identify(src) by extension 'ignore'
[0.234s] Level 1:colcon.colcon_core.package_identification:_identify(src) by extension 'ignore_ament_install'
[0.234s] Level 1:colcon.colcon_core.package_identification:_identify(src) by extensions ['colcon_pkg']
[0.234s] Level 1:colcon.colcon_core.package_identification:_identify(src) by extension 'colcon_pkg'
[0.234s] Level 1:colcon.colcon_core.package_identification:_identify(src) by extensions ['colcon_meta']
[0.234s] Level 1:colcon.colcon_core.package_identification:_identify(src) by extension 'colcon_meta'
[0.234s] Level 1:colcon.colcon_core.package_identification:_identify(src) by extensions ['ros']
[0.234s] Level 1:colcon.colcon_core.package_identification:_identify(src) by extension 'ros'
[0.234s] Level 1:colcon.colcon_core.package_identification:_identify(src) by extensions ['cmake', 'python']
[0.234s] Level 1:colcon.colcon_core.package_identification:_identify(src) by extension 'cmake'
[0.234s] Level 1:colcon.colcon_core.package_identification:_identify(src) by extension 'python'
[0.234s] Level 1:colcon.colcon_core.package_identification:_identify(src) by extensions ['python_setup_py']
[0.234s] Level 1:colcon.colcon_core.package_identification:_identify(src) by extension 'python_setup_py'
[0.234s] Level 1:colcon.colcon_core.package_identification:_identify(src/atm_bringup) by extensions ['ignore', 'ignore_ament_install']
[0.234s] Level 1:colcon.colcon_core.package_identification:_identify(src/atm_bringup) by extension 'ignore'
[0.235s] Level 1:colcon.colcon_core.package_identification:_identify(src/atm_bringup) by extension 'ignore_ament_install'
[0.235s] Level 1:colcon.colcon_core.package_identification:_identify(src/atm_bringup) by extensions ['colcon_pkg']
[0.235s] Level 1:colcon.colcon_core.package_identification:_identify(src/atm_bringup) by extension 'colcon_pkg'
[0.235s] Level 1:colcon.colcon_core.package_identification:_identify(src/atm_bringup) by extensions ['colcon_meta']
[0.235s] Level 1:colcon.colcon_core.package_identification:_identify(src/atm_bringup) by extension 'colcon_meta'
[0.235s] Level 1:colcon.colcon_core.package_identification:_identify(src/atm_bringup) by extensions ['ros']
[0.235s] Level 1:colcon.colcon_core.package_identification:_identify(src/atm_bringup) by extension 'ros'
[0.237s] DEBUG:colcon.colcon_core.package_identification:Package 'src/atm_bringup' with type 'ros.ament_python' and name 'atm_bringup'
[0.237s] Level 1:colcon.colcon_core.package_identification:_identify(src/atm_interfaces) by extensions ['ignore', 'ignore_ament_install']
[0.237s] Level 1:colcon.colcon_core.package_identification:_identify(src/atm_interfaces) by extension 'ignore'
[0.237s] Level 1:colcon.colcon_core.package_identification:_identify(src/atm_interfaces) by extension 'ignore_ament_install'
[0.237s] Level 1:colcon.colcon_core.package_identification:_identify(src/atm_interfaces) by extensions ['colcon_pkg']
[0.237s] Level 1:colcon.colcon_core.package_identification:_identify(src/atm_interfaces) by extension 'colcon_pkg'
[0.238s] Level 1:colcon.colcon_core.package_identification:_identify(src/atm_interfaces) by extensions ['colcon_meta']
[0.238s] Level 1:colcon.colcon_core.package_identification:_identify(src/atm_interfaces) by extension 'colcon_meta'
[0.238s] Level 1:colcon.colcon_core.package_identification:_identify(src/atm_interfaces) by extensions ['ros']
[0.238s] Level 1:colcon.colcon_core.package_identification:_identify(src/atm_interfaces) by extension 'ros'
[0.238s] DEBUG:colcon.colcon_core.package_identification:Package 'src/atm_interfaces' with type 'ros.ament_cmake' and name 'atm_interfaces'
[0.238s] Level 1:colcon.colcon_core.package_identification:_identify(src/atm_link) by extensions ['ignore', 'ignore_ament_install']
[0.238s] Level 1:colcon.colcon_core.package_identification:_identify(src/atm_link) by extension 'ignore'
[0.238s] Level 1:colcon.colcon_core.package_identification:_identify(src/atm_link) by extension 'ignore_ament_install'
[0.238s] Level 1:colcon.colcon_core.package_identification:_identify(src/atm_link) by extensions ['colcon_pkg']
[0.238s] Level 1:colcon.colcon_core.package_identification:_identify(src/atm_link) by extension 'colcon_pkg'
[0.238s] Level 1:colcon.colcon_core.package_identification:_identify(src/atm_link) by extensions ['colcon_meta']
[0.238s] Level 1:colcon.colcon_core.package_identification:_identify(src/atm_link) by extension 'colcon_meta'
[0.238s] Level 1:colcon.colcon_core.package_identification:_identify(src/atm_link) by extensions ['ros']
[0.239s] Level 1:colcon.colcon_core.package_identification:_identify(src/atm_link) by extension 'ros'
[0.239s] DEBUG:colcon.colcon_core.package_identification:Package 'src/atm_link' with type 'ros.ament_python' and name 'atm_link'
[0.239s] Level 1:colcon.colcon_core.package_identification:_identify(src/atm_logging) by extensions ['ignore', 'ignore_ament_install']
[0.239s] Level 1:colcon.colcon_core.package_identification:_identify(src/atm_logging) by extension 'ignore'
[0.239s] Level 1:colcon.colcon_core.package_identification:_identify(src/atm_logging) by extension 'ignore_ament_install'
[0.239s] Level 1:colcon.colcon_core.package_identification:_identify(src/atm_logging) by extensions ['colcon_pkg']
[0.239s] Level 1:colcon.colcon_core.package_identification:_identify(src/atm_logging) by extension 'colcon_pkg'
[0.239s] Level 1:colcon.colcon_core.package_identification:_identify(src/atm_logging) by extensions ['colcon_meta']
[0.239s] Level 1:colcon.colcon_core.package_identification:_identify(src/atm_logging) by extension 'colcon_meta'
[0.240s] Level 1:colcon.colcon_core.package_identification:_identify(src/atm_logging) by extensions ['ros']
[0.240s] Level 1:colcon.colcon_core.package_identification:_identify(src/atm_logging) by extension 'ros'
[0.241s] DEBUG:colcon.colcon_core.package_identification:Package 'src/atm_logging' with type 'ros.ament_python' and name 'atm_logging'
[0.241s] Level 1:colcon.colcon_core.package_identification:_identify(src/atm_master) by extensions ['ignore', 'ignore_ament_install']
[0.241s] Level 1:colcon.colcon_core.package_identification:_identify(src/atm_master) by extension 'ignore'
[0.241s] Level 1:colcon.colcon_core.package_identification:_identify(src/atm_master) by extension 'ignore_ament_install'
[0.241s] Level 1:colcon.colcon_core.package_identification:_identify(src/atm_master) by extensions ['colcon_pkg']
[0.241s] Level 1:colcon.colcon_core.package_identification:_identify(src/atm_master) by extension 'colcon_pkg'
[0.241s] Level 1:colcon.colcon_core.package_identification:_identify(src/atm_master) by extensions ['colcon_meta']
[0.241s] Level 1:colcon.colcon_core.package_identification:_identify(src/atm_master) by extension 'colcon_meta'
[0.241s] Level 1:colcon.colcon_core.package_identification:_identify(src/atm_master) by extensions ['ros']
[0.241s] Level 1:colcon.colcon_core.package_identification:_identify(src/atm_master) by extension 'ros'
[0.242s] DEBUG:colcon.colcon_core.package_identification:Package 'src/atm_master' with type 'ros.ament_python' and name 'atm_master'
[0.242s] Level 1:colcon.colcon_core.package_identification:_identify(src/atm_simulation) by extensions ['ignore', 'ignore_ament_install']
[0.242s] Level 1:colcon.colcon_core.package_identification:_identify(src/atm_simulation) by extension 'ignore'
[0.242s] Level 1:colcon.colcon_core.package_identification:_identify(src/atm_simulation) by extension 'ignore_ament_install'
[0.242s] Level 1:colcon.colcon_core.package_identification:_identify(src/atm_simulation) by extensions ['colcon_pkg']
[0.242s] Level 1:colcon.colcon_core.package_identification:_identify(src/atm_simulation) by extension 'colcon_pkg'
[0.242s] Level 1:colcon.colcon_core.package_identification:_identify(src/atm_simulation) by extensions ['colcon_meta']
[0.242s] Level 1:colcon.colcon_core.package_identification:_identify(src/atm_simulation) by extension 'colcon_meta'
[0.242s] Level 1:colcon.colcon_core.package_identification:_identify(src/atm_simulation) by extensions ['ros']
[0.242s] Level 1:colcon.colcon_core.package_identification:_identify(src/atm_simulation) by extension 'ros'
[0.243s] DEBUG:colcon.colcon_core.package_identification:Package 'src/atm_simulation' with type 'ros.ament_python' and name 'atm_simulation'
[0.243s] Level 1:colcon.colcon_core.package_identification:_identify(src/atm_slave) by extensions ['ignore', 'ignore_ament_install']
[0.243s] Level 1:colcon.colcon_core.package_identification:_identify(src/atm_slave) by extension 'ignore'
[0.243s] Level 1:colcon.colcon_core.package_identification:_identify(src/atm_slave) by extension 'ignore_ament_install'
[0.243s] Level 1:colcon.colcon_core.package_identification:_identify(src/atm_slave) by extensions ['colcon_pkg']
[0.243s] Level 1:colcon.colcon_core.package_identification:_identify(src/atm_slave) by extension 'colcon_pkg'
[0.243s] Level 1:colcon.colcon_core.package_identification:_identify(src/atm_slave) by extensions ['colcon_meta']
[0.243s] Level 1:colcon.colcon_core.package_identification:_identify(src/atm_slave) by extension 'colcon_meta'
[0.244s] Level 1:colcon.colcon_core.package_identification:_identify(src/atm_slave) by extensions ['ros']
[0.244s] Level 1:colcon.colcon_core.package_identification:_identify(src/atm_slave) by extension 'ros'
[0.244s] DEBUG:colcon.colcon_core.package_identification:Package 'src/atm_slave' with type 'ros.ament_python' and name 'atm_slave'
[0.244s] Level 1:colcon.colcon_core.package_discovery:discover_packages(recursive) using defaults
[0.244s] Level 1:colcon.colcon_core.package_discovery:discover_packages(ignore) discover
[0.244s] Level 1:colcon.colcon_core.package_discovery:discover_packages(ignore) using defaults
[0.244s] Level 1:colcon.colcon_core.package_discovery:discover_packages(path) discover
[0.244s] Level 1:colcon.colcon_core.package_discovery:discover_packages(path) using defaults
[0.263s] INFO:colcon.colcon_core.package_selection:Skipping not selected package 'atm_interfaces' in 'src/atm_interfaces'
[0.263s] INFO:colcon.colcon_core.package_selection:Skipping not selected package 'atm_link' in 'src/atm_link'
[0.263s] INFO:colcon.colcon_core.package_selection:Skipping not selected package 'atm_logging' in 'src/atm_logging'
[0.263s] INFO:colcon.colcon_core.package_selection:Skipping not selected package 'atm_master' in 'src/atm_master'
[0.263s] INFO:colcon.colcon_core.package_selection:Skipping not selected package 'atm_slave' in 'src/atm_slave'
[0.263s] INFO:colcon.colcon_core.package_selection:Skipping not selected package 'atm_bringup' in 'src/atm_bringup'
[0.264s] Level 5:colcon.colcon_core.verb:set package 'atm_simulation' build argument 'cmake_args' from command line to 'None'
[0.264s] Level 5:colcon.colcon_core.verb:set package 'atm_simulation' build argument 'cmake_target' from command line to 'None'
[0.264s] Level 5:colcon.colcon_core.verb:set package 'atm_simulation' build argument 'cmake_target_skip_unavailable' from command line to 'False'
[0.264s] Level 5:colcon.colcon_core.verb:set package 'atm_simulation' build argument 'cmake_clean_cache' from command line to 'False'
[0.264s] Level 5:colcon.colcon_core.verb:set package 'atm_simulation' build argument 'cmake_clean_first' from command line to 'False'
[0.264s] Level 5:colcon.colcon_core.verb:set package 'atm_simulation' build argument 'cmake_force_configure' from command line to 'False'
[0.264s] Level 5:colcon.colcon_core.verb:set package 'atm_simulation' build argument 'ament_cmake_args' from command line to 'None'
[0.264s] Level 5:colcon.colcon_core.verb:set package 'atm_simulation' build argument 'catkin_cmake_args' from command line to 'None'
[0.264s] Level 5:colcon.colcon_core.verb:set package 'atm_simulation' build argument 'catkin_skip_building_tests' from command line to 'False'
[0.264s] DEBUG:colcon.colcon_core.verb:Building package 'atm_simulation' with the following arguments: {'ament_cmake_args': None, 'build_base': '/home/gonzalo/grodi_atm/build/atm_simulation', 'catkin_cmake_args': None, 'catkin_skip_building_tests': False, 'cmake_args': None, 'cmake_clean_cache': False, 'cmake_clean_first': False, 'cmake_force_configure': False, 'cmake_target': None, 'cmake_target_skip_unavailable': False, 'install_base': '/home/gonzalo/grodi_atm/install/atm_simulation', 'merge_install': False, 'path': '/home/gonzalo/grodi_atm/src/atm_simulation', 'symlink_install': True, 'test_result_base': None}
[0.265s] INFO:colcon.colcon_core.executor:Executing jobs using 'parallel' executor
[0.266s] DEBUG:colcon.colcon_parallel_executor.executor.parallel:run_until_complete
[0.266s] INFO:colcon.colcon_ros.task.ament_python.build:Building ROS package in '/home/gonzalo/grodi_atm/src/atm_simulation' with build type 'ament_python'
[0.267s] Level 1:colcon.colcon_core.shell:create_environment_hook('atm_simulation', 'ament_prefix_path')
[0.269s] INFO:colcon.colcon_core.plugin_system:Skipping extension 'colcon_core.shell.bat': Not used on non-Windows systems
[0.269s] INFO:colcon.colcon_core.shell:Creating environment descriptor '/home/gonzalo/grodi_atm/install/atm_simulation/share/atm_simulation/hook/ament_prefix_path.dsv'
[0.269s] INFO:colcon.colcon_core.shell:Creating environment hook '/home/gonzalo/grodi_atm/install/atm_simulation/share/atm_simulation/hook/ament_prefix_path.sh'
[0.270s] DEBUG:colcon.colcon_core.shell:Skip shell extension 'dsv' for command environment
[0.515s] INFO:colcon.colcon_core.task.python.build:Building Python package in '/home/gonzalo/grodi_atm/src/atm_simulation'
[0.515s] DEBUG:colcon.colcon_core.shell:Skip shell extension 'dsv' for command environment
[1.187s] DEBUG:colcon.colcon_core.event_handler.log_command:Invoking command in '/home/gonzalo/grodi_atm/build/atm_simulation': PYTHONPATH=/home/gonzalo/grodi_atm/build/atm_simulation/prefix_override:/usr/lib/python3/dist-packages/colcon_core/task/python/colcon_distutils_commands:/home/gonzalo/grodi_atm/install/atm_simulation/lib/python3.12/site-packages:${PYTHONPATH} /usr/bin/python3 -W ignore:setup.py install is deprecated -W ignore:easy_install command is deprecated setup.py develop --editable --build-directory /home/gonzalo/grodi_atm/build/atm_simulation/build --no-deps symlink_data
[1.793s] Level 1:colcon.colcon_core.shell:create_environment_hook('atm_simulation', 'pythonpath_develop')
[1.793s] INFO:colcon.colcon_core.shell:Creating environment descriptor '/home/gonzalo/grodi_atm/build/atm_simulation/share/atm_simulation/hook/pythonpath_develop.dsv'
[1.794s] DEBUG:colcon.colcon_core.event_handler.log_command:Invoked command in '/home/gonzalo/grodi_atm/build/atm_simulation' returned '0': PYTHONPATH=/home/gonzalo/grodi_atm/build/atm_simulation/prefix_override:/usr/lib/python3/dist-packages/colcon_core/task/python/colcon_distutils_commands:/home/gonzalo/grodi_atm/install/atm_simulation/lib/python3.12/site-packages:${PYTHONPATH} /usr/bin/python3 -W ignore:setup.py install is deprecated -W ignore:easy_install command is deprecated setup.py develop --editable --build-directory /home/gonzalo/grodi_atm/build/atm_simulation/build --no-deps symlink_data
[1.794s] INFO:colcon.colcon_core.shell:Creating environment hook '/home/gonzalo/grodi_atm/build/atm_simulation/share/atm_simulation/hook/pythonpath_develop.sh'
[1.796s] Level 1:colcon.colcon_core.environment:checking '/home/gonzalo/grodi_atm/install/atm_simulation' for CMake module files
[1.796s] Level 1:colcon.colcon_core.environment:checking '/home/gonzalo/grodi_atm/install/atm_simulation' for CMake config files
[1.797s] Level 1:colcon.colcon_core.environment:checking '/home/gonzalo/grodi_atm/install/atm_simulation/lib'
[1.797s] Level 1:colcon.colcon_core.environment:checking '/home/gonzalo/grodi_atm/install/atm_simulation/bin'
[1.797s] Level 1:colcon.colcon_core.environment:checking '/home/gonzalo/grodi_atm/install/atm_simulation/lib/pkgconfig/atm_simulation.pc'
[1.797s] Level 1:colcon.colcon_core.environment:checking '/home/gonzalo/grodi_atm/install/atm_simulation/lib/python3.12/site-packages'
[1.797s] Level 1:colcon.colcon_core.shell:create_environment_hook('atm_simulation', 'pythonpath')
[1.798s] INFO:colcon.colcon_core.shell:Creating environment descriptor '/home/gonzalo/grodi_atm/install/atm_simulation/share/atm_simulation/hook/pythonpath.dsv'
[1.798s] INFO:colcon.colcon_core.shell:Creating environment hook '/home/gonzalo/grodi_atm/install/atm_simulation/share/atm_simulation/hook/pythonpath.sh'
[1.798s] Level 1:colcon.colcon_core.environment:checking '/home/gonzalo/grodi_atm/install/atm_simulation/bin'
[1.799s] Level 1:colcon.colcon_core.environment:create_environment_scripts_only(atm_simulation)
[1.799s] INFO:colcon.colcon_core.shell:Creating package descriptor '/home/gonzalo/grodi_atm/install/atm_simulation/share/atm_simulation/package.dsv'
[1.799s] INFO:colcon.colcon_core.shell:Creating package script '/home/gonzalo/grodi_atm/install/atm_simulation/share/atm_simulation/package.sh'
[1.800s] INFO:colcon.colcon_core.shell:Creating package script '/home/gonzalo/grodi_atm/install/atm_simulation/share/atm_simulation/package.bash'
[1.800s] INFO:colcon.colcon_core.shell:Creating package script '/home/gonzalo/grodi_atm/install/atm_simulation/share/atm_simulation/package.zsh'
[1.801s] Level 1:colcon.colcon_core.environment:create_file_with_runtime_dependencies(/home/gonzalo/grodi_atm/install/atm_simulation/share/colcon-core/packages/atm_simulation)
[1.801s] DEBUG:colcon.colcon_parallel_executor.executor.parallel:closing loop
[1.802s] DEBUG:colcon.colcon_parallel_executor.executor.parallel:loop closed
[1.802s] DEBUG:colcon.colcon_parallel_executor.executor.parallel:run_until_complete finished with '0'
[1.802s] DEBUG:colcon.colcon_core.event_reactor:joining thread
[1.840s] INFO:colcon.colcon_core.plugin_system:Skipping extension 'colcon_notification.desktop_notification.notify_send': Could not find 'notify-send'
[1.840s] INFO:colcon.colcon_core.plugin_system:Skipping extension 'colcon_notification.desktop_notification.terminal_notifier': Not used on non-Darwin systems
[1.840s] INFO:colcon.colcon_core.plugin_system:Skipping extension 'colcon_notification.desktop_notification.win32': Not used on non-Windows systems
[1.840s] INFO:colcon.colcon_notification.desktop_notification:Sending desktop notification using 'notify2'
[1.841s] DEBUG:colcon.colcon_notification.desktop_notification.notify2:Failed to initialize notify2: org.freedesktop.DBus.Error.ServiceUnknown: The name org.freedesktop.Notifications was not provided by any .service files
[1.841s] DEBUG:colcon.colcon_core.event_reactor:joined thread
[1.842s] INFO:colcon.colcon_core.shell:Creating prefix script '/home/gonzalo/grodi_atm/install/local_setup.sh'
[1.842s] INFO:colcon.colcon_core.shell:Creating prefix util module '/home/gonzalo/grodi_atm/install/_local_setup_util_sh.py'
[1.843s] INFO:colcon.colcon_core.shell:Creating prefix chain script '/home/gonzalo/grodi_atm/install/setup.sh'
[1.844s] INFO:colcon.colcon_core.shell:Creating prefix script '/home/gonzalo/grodi_atm/install/local_setup.bash'
[1.844s] INFO:colcon.colcon_core.shell:Creating prefix chain script '/home/gonzalo/grodi_atm/install/setup.bash'
[1.845s] INFO:colcon.colcon_core.shell:Creating prefix script '/home/gonzalo/grodi_atm/install/local_setup.zsh'
[1.845s] INFO:colcon.colcon_core.shell:Creating prefix chain script '/home/gonzalo/grodi_atm/install/setup.zsh'
