running develop
running egg_info
creating atm_slave.egg-info
writing atm_slave.egg-info/PKG-INFO
writing dependency_links to atm_slave.egg-info/dependency_links.txt
writing requirements to atm_slave.egg-info/requires.txt
writing top-level names to atm_slave.egg-info/top_level.txt
writing manifest file 'atm_slave.egg-info/SOURCES.txt'
reading manifest file 'atm_slave.egg-info/SOURCES.txt'
writing manifest file 'atm_slave.egg-info/SOURCES.txt'
running build_ext
Creating /home/gonzalo/grodi_atm/install/atm_slave/lib/python3.12/site-packages/atm-slave.egg-link (link to .)

Installed /home/gonzalo/grodi_atm/build/atm_slave
running symlink_data
creating /home/gonzalo/grodi_atm/install/atm_slave/share/ament_index
creating /home/gonzalo/grodi_atm/install/atm_slave/share/ament_index/resource_index
creating /home/gonzalo/grodi_atm/install/atm_slave/share/ament_index/resource_index/packages
symbolically linking /home/gonzalo/grodi_atm/build/atm_slave/resource/atm_slave -> /home/gonzalo/grodi_atm/install/atm_slave/share/ament_index/resource_index/packages
symbolically linking /home/gonzalo/grodi_atm/build/atm_slave/package.xml -> /home/gonzalo/grodi_atm/install/atm_slave/share/atm_slave
creating /home/gonzalo/grodi_atm/install/atm_slave/share/atm_slave/launch
symbolically linking /home/gonzalo/grodi_atm/build/atm_slave/launch/slave.launch.py -> /home/gonzalo/grodi_atm/install/atm_slave/share/atm_slave/launch
creating /home/gonzalo/grodi_atm/install/atm_slave/share/atm_slave/config
symbolically linking /home/gonzalo/grodi_atm/build/atm_slave/config/slave_params.yaml -> /home/gonzalo/grodi_atm/install/atm_slave/share/atm_slave/config
