[2.969s] Invoking command in '/home/gonzalo/grodi_atm/build/atm_slave': AMENT_PREFIX_PATH=/home/gonzalo/grodi_atm/install/atm_link:/home/gonzalo/grodi_atm/install/atm_interfaces:${AMENT_PREFIX_PATH} CMAKE_PREFIX_PATH=/home/gonzalo/grodi_atm/install/atm_interfaces:${CMAKE_PREFIX_PATH} LD_LIBRARY_PATH=/home/gonzalo/grodi_atm/install/atm_interfaces/lib:${LD_LIBRARY_PATH} PYTHONPATH=/home/gonzalo/grodi_atm/build/atm_slave/prefix_override:/usr/lib/python3/dist-packages/colcon_core/task/python/colcon_distutils_commands:/home/gonzalo/grodi_atm/install/atm_slave/lib/python3.12/site-packages:/home/gonzalo/grodi_atm/build/atm_link:/home/gonzalo/grodi_atm/install/atm_link/lib/python3.12/site-packages:/home/gonzalo/grodi_atm/install/atm_interfaces/lib/python3.12/site-packages:${PYTHONPATH} /usr/bin/python3 -W ignore:setup.py install is deprecated -W ignore:easy_install command is deprecated setup.py develop --editable --build-directory /home/gonzalo/grodi_atm/build/atm_slave/build --no-deps symlink_data --force
[3.724s] running develop
[4.226s] running egg_info
[4.267s] writing atm_slave.egg-info/PKG-INFO
[4.267s] writing dependency_links to atm_slave.egg-info/dependency_links.txt
[4.268s] writing entry points to atm_slave.egg-info/entry_points.txt
[4.269s] writing requirements to atm_slave.egg-info/requires.txt
[4.270s] writing top-level names to atm_slave.egg-info/top_level.txt
[4.357s] reading manifest file 'atm_slave.egg-info/SOURCES.txt'
[4.360s] writing manifest file 'atm_slave.egg-info/SOURCES.txt'
[4.411s] running build_ext
[4.412s] Creating /home/gonzalo/grodi_atm/install/atm_slave/lib/python3.12/site-packages/atm-slave.egg-link (link to .)
[4.413s] Installing navigation_executor_node script to /home/gonzalo/grodi_atm/install/atm_slave/lib/atm_slave
[4.414s] Installing slave_health_publisher_node script to /home/gonzalo/grodi_atm/install/atm_slave/lib/atm_slave
[4.416s] Installing slave_state_manager_node script to /home/gonzalo/grodi_atm/install/atm_slave/lib/atm_slave
[4.417s] Installing spray_controller_node script to /home/gonzalo/grodi_atm/install/atm_slave/lib/atm_slave
[4.417s] Installing vertical_atomizer_controller_node script to /home/gonzalo/grodi_atm/install/atm_slave/lib/atm_slave
[4.418s] 
[4.418s] Installed /home/gonzalo/grodi_atm/build/atm_slave
[4.418s] running symlink_data
[4.419s] symbolically linking /home/gonzalo/grodi_atm/build/atm_slave/resource/atm_slave -> /home/gonzalo/grodi_atm/install/atm_slave/share/ament_index/resource_index/packages
[4.420s] symbolically linking /home/gonzalo/grodi_atm/build/atm_slave/package.xml -> /home/gonzalo/grodi_atm/install/atm_slave/share/atm_slave
[4.421s] symbolically linking /home/gonzalo/grodi_atm/build/atm_slave/launch/slave.launch.py -> /home/gonzalo/grodi_atm/install/atm_slave/share/atm_slave/launch
[4.422s] symbolically linking /home/gonzalo/grodi_atm/build/atm_slave/config/slave_params.yaml -> /home/gonzalo/grodi_atm/install/atm_slave/share/atm_slave/config
[4.490s] Invoked command in '/home/gonzalo/grodi_atm/build/atm_slave' returned '0': AMENT_PREFIX_PATH=/home/gonzalo/grodi_atm/install/atm_link:/home/gonzalo/grodi_atm/install/atm_interfaces:${AMENT_PREFIX_PATH} CMAKE_PREFIX_PATH=/home/gonzalo/grodi_atm/install/atm_interfaces:${CMAKE_PREFIX_PATH} LD_LIBRARY_PATH=/home/gonzalo/grodi_atm/install/atm_interfaces/lib:${LD_LIBRARY_PATH} PYTHONPATH=/home/gonzalo/grodi_atm/build/atm_slave/prefix_override:/usr/lib/python3/dist-packages/colcon_core/task/python/colcon_distutils_commands:/home/gonzalo/grodi_atm/install/atm_slave/lib/python3.12/site-packages:/home/gonzalo/grodi_atm/build/atm_link:/home/gonzalo/grodi_atm/install/atm_link/lib/python3.12/site-packages:/home/gonzalo/grodi_atm/install/atm_interfaces/lib/python3.12/site-packages:${PYTHONPATH} /usr/bin/python3 -W ignore:setup.py install is deprecated -W ignore:easy_install command is deprecated setup.py develop --editable --build-directory /home/gonzalo/grodi_atm/build/atm_slave/build --no-deps symlink_data --force
