[1.280s] Invoking command in '/home/gonzalo/grodi_atm/build/atm_master': AMENT_PREFIX_PATH=/home/gonzalo/grodi_atm/install/atm_link:/home/gonzalo/grodi_atm/install/atm_bringup:/home/gonzalo/grodi_atm/install/atm_slave:/home/gonzalo/grodi_atm/install/atm_simulation:/home/gonzalo/grodi_atm/install/atm_master:/home/gonzalo/grodi_atm/install/atm_logging:/home/gonzalo/grodi_atm/install/atm_interfaces:/opt/ros/jazzy PYTHONPATH=/home/gonzalo/grodi_atm/build/atm_master/prefix_override:/usr/lib/python3/dist-packages/colcon_core/task/python/colcon_distutils_commands:/home/gonzalo/grodi_atm/install/atm_master/lib/python3.12/site-packages:/home/gonzalo/grodi_atm/install/atm_link/lib/python3.12/site-packages:/home/gonzalo/grodi_atm/install/atm_interfaces/lib/python3.12/site-packages:/home/gonzalo/grodi_atm/build/atm_bringup:/home/gonzalo/grodi_atm/install/atm_bringup/lib/python3.12/site-packages:/home/gonzalo/grodi_atm/build/atm_slave:/home/gonzalo/grodi_atm/install/atm_slave/lib/python3.12/site-packages:/home/gonzalo/grodi_atm/build/atm_simulation:/home/gonzalo/grodi_atm/install/atm_simulation/lib/python3.12/site-packages:/home/gonzalo/grodi_atm/build/atm_master:/home/gonzalo/grodi_atm/install/atm_master/lib/python3.12/site-packages:/home/gonzalo/grodi_atm/build/atm_logging:/home/gonzalo/grodi_atm/install/atm_logging/lib/python3.12/site-packages:/home/gonzalo/grodi_atm/build/atm_link:/opt/ros/jazzy/lib/python3.12/site-packages /usr/bin/python3 -W ignore:setup.py install is deprecated -W ignore:easy_install command is deprecated setup.py develop --uninstall --editable --build-directory /home/gonzalo/grodi_atm/build/atm_master/build
[1.575s] running develop
[1.779s] Removing /home/gonzalo/grodi_atm/install/atm_master/lib/python3.12/site-packages/atm-master.egg-link (link to .)
[1.805s] Invoked command in '/home/gonzalo/grodi_atm/build/atm_master' returned '0': AMENT_PREFIX_PATH=/home/gonzalo/grodi_atm/install/atm_link:/home/gonzalo/grodi_atm/install/atm_bringup:/home/gonzalo/grodi_atm/install/atm_slave:/home/gonzalo/grodi_atm/install/atm_simulation:/home/gonzalo/grodi_atm/install/atm_master:/home/gonzalo/grodi_atm/install/atm_logging:/home/gonzalo/grodi_atm/install/atm_interfaces:/opt/ros/jazzy PYTHONPATH=/home/gonzalo/grodi_atm/build/atm_master/prefix_override:/usr/lib/python3/dist-packages/colcon_core/task/python/colcon_distutils_commands:/home/gonzalo/grodi_atm/install/atm_master/lib/python3.12/site-packages:/home/gonzalo/grodi_atm/install/atm_link/lib/python3.12/site-packages:/home/gonzalo/grodi_atm/install/atm_interfaces/lib/python3.12/site-packages:/home/gonzalo/grodi_atm/build/atm_bringup:/home/gonzalo/grodi_atm/install/atm_bringup/lib/python3.12/site-packages:/home/gonzalo/grodi_atm/build/atm_slave:/home/gonzalo/grodi_atm/install/atm_slave/lib/python3.12/site-packages:/home/gonzalo/grodi_atm/build/atm_simulation:/home/gonzalo/grodi_atm/install/atm_simulation/lib/python3.12/site-packages:/home/gonzalo/grodi_atm/build/atm_master:/home/gonzalo/grodi_atm/install/atm_master/lib/python3.12/site-packages:/home/gonzalo/grodi_atm/build/atm_logging:/home/gonzalo/grodi_atm/install/atm_logging/lib/python3.12/site-packages:/home/gonzalo/grodi_atm/build/atm_link:/opt/ros/jazzy/lib/python3.12/site-packages /usr/bin/python3 -W ignore:setup.py install is deprecated -W ignore:easy_install command is deprecated setup.py develop --uninstall --editable --build-directory /home/gonzalo/grodi_atm/build/atm_master/build
[1.806s] Invoking command in '/home/gonzalo/grodi_atm/src/atm_master': AMENT_PREFIX_PATH=/home/gonzalo/grodi_atm/install/atm_link:/home/gonzalo/grodi_atm/install/atm_bringup:/home/gonzalo/grodi_atm/install/atm_slave:/home/gonzalo/grodi_atm/install/atm_simulation:/home/gonzalo/grodi_atm/install/atm_master:/home/gonzalo/grodi_atm/install/atm_logging:/home/gonzalo/grodi_atm/install/atm_interfaces:/opt/ros/jazzy PYTHONPATH=/home/gonzalo/grodi_atm/build/atm_master/prefix_override:/usr/lib/python3/dist-packages/colcon_core/task/python/colcon_distutils_commands:/home/gonzalo/grodi_atm/install/atm_master/lib/python3.12/site-packages:/home/gonzalo/grodi_atm/install/atm_link/lib/python3.12/site-packages:/home/gonzalo/grodi_atm/install/atm_interfaces/lib/python3.12/site-packages:/home/gonzalo/grodi_atm/build/atm_bringup:/home/gonzalo/grodi_atm/install/atm_bringup/lib/python3.12/site-packages:/home/gonzalo/grodi_atm/build/atm_slave:/home/gonzalo/grodi_atm/install/atm_slave/lib/python3.12/site-packages:/home/gonzalo/grodi_atm/build/atm_simulation:/home/gonzalo/grodi_atm/install/atm_simulation/lib/python3.12/site-packages:/home/gonzalo/grodi_atm/build/atm_master:/home/gonzalo/grodi_atm/install/atm_master/lib/python3.12/site-packages:/home/gonzalo/grodi_atm/build/atm_logging:/home/gonzalo/grodi_atm/install/atm_logging/lib/python3.12/site-packages:/home/gonzalo/grodi_atm/build/atm_link:/opt/ros/jazzy/lib/python3.12/site-packages /usr/bin/python3 -W ignore:setup.py install is deprecated -W ignore:easy_install command is deprecated setup.py egg_info --egg-base ../../build/atm_master build --build-base /home/gonzalo/grodi_atm/build/atm_master/build install --record /home/gonzalo/grodi_atm/build/atm_master/install.log --single-version-externally-managed install_data --force
[2.070s] running egg_info
[2.090s] writing ../../build/atm_master/atm_master.egg-info/PKG-INFO
[2.090s] writing dependency_links to ../../build/atm_master/atm_master.egg-info/dependency_links.txt
[2.090s] writing entry points to ../../build/atm_master/atm_master.egg-info/entry_points.txt
[2.091s] writing requirements to ../../build/atm_master/atm_master.egg-info/requires.txt
[2.091s] writing top-level names to ../../build/atm_master/atm_master.egg-info/top_level.txt
[2.131s] reading manifest file '../../build/atm_master/atm_master.egg-info/SOURCES.txt'
[2.132s] writing manifest file '../../build/atm_master/atm_master.egg-info/SOURCES.txt'
[2.133s] running build
[2.133s] running build_py
[2.133s] creating /home/gonzalo/grodi_atm/build/atm_master/build
[2.133s] creating /home/gonzalo/grodi_atm/build/atm_master/build/lib
[2.133s] creating /home/gonzalo/grodi_atm/build/atm_master/build/lib/atm_master
[2.134s] copying atm_master/__init__.py -> /home/gonzalo/grodi_atm/build/atm_master/build/lib/atm_master
[2.134s] copying atm_master/mission_event_logger_node.py -> /home/gonzalo/grodi_atm/build/atm_master/build/lib/atm_master
[2.134s] copying atm_master/admission_reel_controller_node.py -> /home/gonzalo/grodi_atm/build/atm_master/build/lib/atm_master
[2.135s] copying atm_master/mission_manager_node.py -> /home/gonzalo/grodi_atm/build/atm_master/build/lib/atm_master
[2.135s] copying atm_master/master_health_publisher_node.py -> /home/gonzalo/grodi_atm/build/atm_master/build/lib/atm_master
[2.136s] copying atm_master/pump_controller_node.py -> /home/gonzalo/grodi_atm/build/atm_master/build/lib/atm_master
[2.136s] copying atm_master/common.py -> /home/gonzalo/grodi_atm/build/atm_master/build/lib/atm_master
[2.136s] copying atm_master/master_watchdog_node.py -> /home/gonzalo/grodi_atm/build/atm_master/build/lib/atm_master
[2.137s] running install
[2.143s] running install_lib
[2.163s] creating /home/gonzalo/grodi_atm/install/atm_master/lib/python3.12/site-packages/atm_master
[2.163s] copying /home/gonzalo/grodi_atm/build/atm_master/build/lib/atm_master/__init__.py -> /home/gonzalo/grodi_atm/install/atm_master/lib/python3.12/site-packages/atm_master
[2.163s] copying /home/gonzalo/grodi_atm/build/atm_master/build/lib/atm_master/mission_event_logger_node.py -> /home/gonzalo/grodi_atm/install/atm_master/lib/python3.12/site-packages/atm_master
[2.164s] copying /home/gonzalo/grodi_atm/build/atm_master/build/lib/atm_master/admission_reel_controller_node.py -> /home/gonzalo/grodi_atm/install/atm_master/lib/python3.12/site-packages/atm_master
[2.164s] copying /home/gonzalo/grodi_atm/build/atm_master/build/lib/atm_master/mission_manager_node.py -> /home/gonzalo/grodi_atm/install/atm_master/lib/python3.12/site-packages/atm_master
[2.164s] copying /home/gonzalo/grodi_atm/build/atm_master/build/lib/atm_master/master_health_publisher_node.py -> /home/gonzalo/grodi_atm/install/atm_master/lib/python3.12/site-packages/atm_master
[2.164s] copying /home/gonzalo/grodi_atm/build/atm_master/build/lib/atm_master/pump_controller_node.py -> /home/gonzalo/grodi_atm/install/atm_master/lib/python3.12/site-packages/atm_master
[2.164s] copying /home/gonzalo/grodi_atm/build/atm_master/build/lib/atm_master/common.py -> /home/gonzalo/grodi_atm/install/atm_master/lib/python3.12/site-packages/atm_master
[2.164s] copying /home/gonzalo/grodi_atm/build/atm_master/build/lib/atm_master/master_watchdog_node.py -> /home/gonzalo/grodi_atm/install/atm_master/lib/python3.12/site-packages/atm_master
[2.165s] byte-compiling /home/gonzalo/grodi_atm/install/atm_master/lib/python3.12/site-packages/atm_master/__init__.py to __init__.cpython-312.pyc
[2.165s] byte-compiling /home/gonzalo/grodi_atm/install/atm_master/lib/python3.12/site-packages/atm_master/mission_event_logger_node.py to mission_event_logger_node.cpython-312.pyc
[2.166s] byte-compiling /home/gonzalo/grodi_atm/install/atm_master/lib/python3.12/site-packages/atm_master/admission_reel_controller_node.py to admission_reel_controller_node.cpython-312.pyc
[2.167s] byte-compiling /home/gonzalo/grodi_atm/install/atm_master/lib/python3.12/site-packages/atm_master/mission_manager_node.py to mission_manager_node.cpython-312.pyc
[2.170s] byte-compiling /home/gonzalo/grodi_atm/install/atm_master/lib/python3.12/site-packages/atm_master/master_health_publisher_node.py to master_health_publisher_node.cpython-312.pyc
[2.171s] byte-compiling /home/gonzalo/grodi_atm/install/atm_master/lib/python3.12/site-packages/atm_master/pump_controller_node.py to pump_controller_node.cpython-312.pyc
[2.171s] byte-compiling /home/gonzalo/grodi_atm/install/atm_master/lib/python3.12/site-packages/atm_master/common.py to common.cpython-312.pyc
[2.171s] byte-compiling /home/gonzalo/grodi_atm/install/atm_master/lib/python3.12/site-packages/atm_master/master_watchdog_node.py to master_watchdog_node.cpython-312.pyc
[2.172s] running install_data
[2.172s] copying resource/atm_master -> /home/gonzalo/grodi_atm/install/atm_master/share/ament_index/resource_index/packages
[2.172s] copying package.xml -> /home/gonzalo/grodi_atm/install/atm_master/share/atm_master
[2.173s] copying launch/master.launch.py -> /home/gonzalo/grodi_atm/install/atm_master/share/atm_master/launch
[2.174s] copying config/master_params.yaml -> /home/gonzalo/grodi_atm/install/atm_master/share/atm_master/config
[2.175s] running install_egg_info
[2.196s] Copying ../../build/atm_master/atm_master.egg-info to /home/gonzalo/grodi_atm/install/atm_master/lib/python3.12/site-packages/atm_master-0.0.0-py3.12.egg-info
[2.197s] running install_scripts
[2.321s] Installing admission_reel_controller_node script to /home/gonzalo/grodi_atm/install/atm_master/lib/atm_master
[2.321s] Installing master_health_publisher_node script to /home/gonzalo/grodi_atm/install/atm_master/lib/atm_master
[2.322s] Installing master_watchdog_node script to /home/gonzalo/grodi_atm/install/atm_master/lib/atm_master
[2.322s] Installing mission_event_logger_node script to /home/gonzalo/grodi_atm/install/atm_master/lib/atm_master
[2.322s] Installing mission_manager_node script to /home/gonzalo/grodi_atm/install/atm_master/lib/atm_master
[2.322s] Installing pump_controller_node script to /home/gonzalo/grodi_atm/install/atm_master/lib/atm_master
[2.322s] writing list of installed files to '/home/gonzalo/grodi_atm/build/atm_master/install.log'
[2.344s] Invoked command in '/home/gonzalo/grodi_atm/src/atm_master' returned '0': AMENT_PREFIX_PATH=/home/gonzalo/grodi_atm/install/atm_link:/home/gonzalo/grodi_atm/install/atm_bringup:/home/gonzalo/grodi_atm/install/atm_slave:/home/gonzalo/grodi_atm/install/atm_simulation:/home/gonzalo/grodi_atm/install/atm_master:/home/gonzalo/grodi_atm/install/atm_logging:/home/gonzalo/grodi_atm/install/atm_interfaces:/opt/ros/jazzy PYTHONPATH=/home/gonzalo/grodi_atm/build/atm_master/prefix_override:/usr/lib/python3/dist-packages/colcon_core/task/python/colcon_distutils_commands:/home/gonzalo/grodi_atm/install/atm_master/lib/python3.12/site-packages:/home/gonzalo/grodi_atm/install/atm_link/lib/python3.12/site-packages:/home/gonzalo/grodi_atm/install/atm_interfaces/lib/python3.12/site-packages:/home/gonzalo/grodi_atm/build/atm_bringup:/home/gonzalo/grodi_atm/install/atm_bringup/lib/python3.12/site-packages:/home/gonzalo/grodi_atm/build/atm_slave:/home/gonzalo/grodi_atm/install/atm_slave/lib/python3.12/site-packages:/home/gonzalo/grodi_atm/build/atm_simulation:/home/gonzalo/grodi_atm/install/atm_simulation/lib/python3.12/site-packages:/home/gonzalo/grodi_atm/build/atm_master:/home/gonzalo/grodi_atm/install/atm_master/lib/python3.12/site-packages:/home/gonzalo/grodi_atm/build/atm_logging:/home/gonzalo/grodi_atm/install/atm_logging/lib/python3.12/site-packages:/home/gonzalo/grodi_atm/build/atm_link:/opt/ros/jazzy/lib/python3.12/site-packages /usr/bin/python3 -W ignore:setup.py install is deprecated -W ignore:easy_install command is deprecated setup.py egg_info --egg-base ../../build/atm_master build --build-base /home/gonzalo/grodi_atm/build/atm_master/build install --record /home/gonzalo/grodi_atm/build/atm_master/install.log --single-version-externally-managed install_data --force
