running develop
Removing /home/gonzalo/grodi_atm/install/atm_slave/lib/python3.12/site-packages/atm-slave.egg-link (link to .)
running egg_info
writing ../../build/atm_slave/atm_slave.egg-info/PKG-INFO
writing dependency_links to ../../build/atm_slave/atm_slave.egg-info/dependency_links.txt
writing entry points to ../../build/atm_slave/atm_slave.egg-info/entry_points.txt
writing requirements to ../../build/atm_slave/atm_slave.egg-info/requires.txt
writing top-level names to ../../build/atm_slave/atm_slave.egg-info/top_level.txt
reading manifest file '../../build/atm_slave/atm_slave.egg-info/SOURCES.txt'
writing manifest file '../../build/atm_slave/atm_slave.egg-info/SOURCES.txt'
running build
running build_py
creating /home/gonzalo/grodi_atm/build/atm_slave/build
creating /home/gonzalo/grodi_atm/build/atm_slave/build/lib
creating /home/gonzalo/grodi_atm/build/atm_slave/build/lib/atm_slave
copying atm_slave/slave_state_manager_node.py -> /home/gonzalo/grodi_atm/build/atm_slave/build/lib/atm_slave
copying atm_slave/__init__.py -> /home/gonzalo/grodi_atm/build/atm_slave/build/lib/atm_slave
copying atm_slave/navigation_executor_node.py -> /home/gonzalo/grodi_atm/build/atm_slave/build/lib/atm_slave
copying atm_slave/slave_health_publisher_node.py -> /home/gonzalo/grodi_atm/build/atm_slave/build/lib/atm_slave
copying atm_slave/spray_controller_node.py -> /home/gonzalo/grodi_atm/build/atm_slave/build/lib/atm_slave
copying atm_slave/vertical_atomizer_controller_node.py -> /home/gonzalo/grodi_atm/build/atm_slave/build/lib/atm_slave
running install
running install_lib
creating /home/gonzalo/grodi_atm/install/atm_slave/lib/python3.12/site-packages/atm_slave
copying /home/gonzalo/grodi_atm/build/atm_slave/build/lib/atm_slave/slave_state_manager_node.py -> /home/gonzalo/grodi_atm/install/atm_slave/lib/python3.12/site-packages/atm_slave
copying /home/gonzalo/grodi_atm/build/atm_slave/build/lib/atm_slave/__init__.py -> /home/gonzalo/grodi_atm/install/atm_slave/lib/python3.12/site-packages/atm_slave
copying /home/gonzalo/grodi_atm/build/atm_slave/build/lib/atm_slave/navigation_executor_node.py -> /home/gonzalo/grodi_atm/install/atm_slave/lib/python3.12/site-packages/atm_slave
copying /home/gonzalo/grodi_atm/build/atm_slave/build/lib/atm_slave/slave_health_publisher_node.py -> /home/gonzalo/grodi_atm/install/atm_slave/lib/python3.12/site-packages/atm_slave
copying /home/gonzalo/grodi_atm/build/atm_slave/build/lib/atm_slave/spray_controller_node.py -> /home/gonzalo/grodi_atm/install/atm_slave/lib/python3.12/site-packages/atm_slave
copying /home/gonzalo/grodi_atm/build/atm_slave/build/lib/atm_slave/vertical_atomizer_controller_node.py -> /home/gonzalo/grodi_atm/install/atm_slave/lib/python3.12/site-packages/atm_slave
byte-compiling /home/gonzalo/grodi_atm/install/atm_slave/lib/python3.12/site-packages/atm_slave/slave_state_manager_node.py to slave_state_manager_node.cpython-312.pyc
byte-compiling /home/gonzalo/grodi_atm/install/atm_slave/lib/python3.12/site-packages/atm_slave/__init__.py to __init__.cpython-312.pyc
byte-compiling /home/gonzalo/grodi_atm/install/atm_slave/lib/python3.12/site-packages/atm_slave/navigation_executor_node.py to navigation_executor_node.cpython-312.pyc
byte-compiling /home/gonzalo/grodi_atm/install/atm_slave/lib/python3.12/site-packages/atm_slave/slave_health_publisher_node.py to slave_health_publisher_node.cpython-312.pyc
byte-compiling /home/gonzalo/grodi_atm/install/atm_slave/lib/python3.12/site-packages/atm_slave/spray_controller_node.py to spray_controller_node.cpython-312.pyc
byte-compiling /home/gonzalo/grodi_atm/install/atm_slave/lib/python3.12/site-packages/atm_slave/vertical_atomizer_controller_node.py to vertical_atomizer_controller_node.cpython-312.pyc
running install_data
copying resource/atm_slave -> /home/gonzalo/grodi_atm/install/atm_slave/share/ament_index/resource_index/packages
copying package.xml -> /home/gonzalo/grodi_atm/install/atm_slave/share/atm_slave
copying launch/slave.launch.py -> /home/gonzalo/grodi_atm/install/atm_slave/share/atm_slave/launch
copying config/slave_params.yaml -> /home/gonzalo/grodi_atm/install/atm_slave/share/atm_slave/config
running install_egg_info
Copying ../../build/atm_slave/atm_slave.egg-info to /home/gonzalo/grodi_atm/install/atm_slave/lib/python3.12/site-packages/atm_slave-0.0.0-py3.12.egg-info
running install_scripts
Installing navigation_executor_node script to /home/gonzalo/grodi_atm/install/atm_slave/lib/atm_slave
Installing slave_health_publisher_node script to /home/gonzalo/grodi_atm/install/atm_slave/lib/atm_slave
Installing slave_state_manager_node script to /home/gonzalo/grodi_atm/install/atm_slave/lib/atm_slave
Installing spray_controller_node script to /home/gonzalo/grodi_atm/install/atm_slave/lib/atm_slave
Installing vertical_atomizer_controller_node script to /home/gonzalo/grodi_atm/install/atm_slave/lib/atm_slave
writing list of installed files to '/home/gonzalo/grodi_atm/build/atm_slave/install.log'
