[1.098s] Invoking command in '/home/gonzalo/grodi_atm/build/atm_slave': AMENT_PREFIX_PATH=/home/gonzalo/grodi_atm/install/atm_link:/home/gonzalo/grodi_atm/install/atm_bringup:/home/gonzalo/grodi_atm/install/atm_slave:/home/gonzalo/grodi_atm/install/atm_simulation:/home/gonzalo/grodi_atm/install/atm_master:/home/gonzalo/grodi_atm/install/atm_logging:/home/gonzalo/grodi_atm/install/atm_interfaces:/opt/ros/jazzy PYTHONPATH=/home/gonzalo/grodi_atm/build/atm_slave/prefix_override:/usr/lib/python3/dist-packages/colcon_core/task/python/colcon_distutils_commands:/home/gonzalo/grodi_atm/install/atm_slave/lib/python3.12/site-packages:/home/gonzalo/grodi_atm/install/atm_link/lib/python3.12/site-packages:/home/gonzalo/grodi_atm/install/atm_interfaces/lib/python3.12/site-packages:/home/gonzalo/grodi_atm/build/atm_bringup:/home/gonzalo/grodi_atm/install/atm_bringup/lib/python3.12/site-packages:/home/gonzalo/grodi_atm/build/atm_slave:/home/gonzalo/grodi_atm/install/atm_slave/lib/python3.12/site-packages:/home/gonzalo/grodi_atm/build/atm_simulation:/home/gonzalo/grodi_atm/install/atm_simulation/lib/python3.12/site-packages:/home/gonzalo/grodi_atm/build/atm_master:/home/gonzalo/grodi_atm/install/atm_master/lib/python3.12/site-packages:/home/gonzalo/grodi_atm/build/atm_logging:/home/gonzalo/grodi_atm/install/atm_logging/lib/python3.12/site-packages:/home/gonzalo/grodi_atm/build/atm_link:/opt/ros/jazzy/lib/python3.12/site-packages /usr/bin/python3 -W ignore:setup.py install is deprecated -W ignore:easy_install command is deprecated setup.py develop --uninstall --editable --build-directory /home/gonzalo/grodi_atm/build/atm_slave/build
[1.394s] running develop
[1.595s] Removing /home/gonzalo/grodi_atm/install/atm_slave/lib/python3.12/site-packages/atm-slave.egg-link (link to .)
[1.621s] Invoked command in '/home/gonzalo/grodi_atm/build/atm_slave' returned '0': AMENT_PREFIX_PATH=/home/gonzalo/grodi_atm/install/atm_link:/home/gonzalo/grodi_atm/install/atm_bringup:/home/gonzalo/grodi_atm/install/atm_slave:/home/gonzalo/grodi_atm/install/atm_simulation:/home/gonzalo/grodi_atm/install/atm_master:/home/gonzalo/grodi_atm/install/atm_logging:/home/gonzalo/grodi_atm/install/atm_interfaces:/opt/ros/jazzy PYTHONPATH=/home/gonzalo/grodi_atm/build/atm_slave/prefix_override:/usr/lib/python3/dist-packages/colcon_core/task/python/colcon_distutils_commands:/home/gonzalo/grodi_atm/install/atm_slave/lib/python3.12/site-packages:/home/gonzalo/grodi_atm/install/atm_link/lib/python3.12/site-packages:/home/gonzalo/grodi_atm/install/atm_interfaces/lib/python3.12/site-packages:/home/gonzalo/grodi_atm/build/atm_bringup:/home/gonzalo/grodi_atm/install/atm_bringup/lib/python3.12/site-packages:/home/gonzalo/grodi_atm/build/atm_slave:/home/gonzalo/grodi_atm/install/atm_slave/lib/python3.12/site-packages:/home/gonzalo/grodi_atm/build/atm_simulation:/home/gonzalo/grodi_atm/install/atm_simulation/lib/python3.12/site-packages:/home/gonzalo/grodi_atm/build/atm_master:/home/gonzalo/grodi_atm/install/atm_master/lib/python3.12/site-packages:/home/gonzalo/grodi_atm/build/atm_logging:/home/gonzalo/grodi_atm/install/atm_logging/lib/python3.12/site-packages:/home/gonzalo/grodi_atm/build/atm_link:/opt/ros/jazzy/lib/python3.12/site-packages /usr/bin/python3 -W ignore:setup.py install is deprecated -W ignore:easy_install command is deprecated setup.py develop --uninstall --editable --build-directory /home/gonzalo/grodi_atm/build/atm_slave/build
[1.622s] Invoking command in '/home/gonzalo/grodi_atm/src/atm_slave': AMENT_PREFIX_PATH=/home/gonzalo/grodi_atm/install/atm_link:/home/gonzalo/grodi_atm/install/atm_bringup:/home/gonzalo/grodi_atm/install/atm_slave:/home/gonzalo/grodi_atm/install/atm_simulation:/home/gonzalo/grodi_atm/install/atm_master:/home/gonzalo/grodi_atm/install/atm_logging:/home/gonzalo/grodi_atm/install/atm_interfaces:/opt/ros/jazzy PYTHONPATH=/home/gonzalo/grodi_atm/build/atm_slave/prefix_override:/usr/lib/python3/dist-packages/colcon_core/task/python/colcon_distutils_commands:/home/gonzalo/grodi_atm/install/atm_slave/lib/python3.12/site-packages:/home/gonzalo/grodi_atm/install/atm_link/lib/python3.12/site-packages:/home/gonzalo/grodi_atm/install/atm_interfaces/lib/python3.12/site-packages:/home/gonzalo/grodi_atm/build/atm_bringup:/home/gonzalo/grodi_atm/install/atm_bringup/lib/python3.12/site-packages:/home/gonzalo/grodi_atm/build/atm_slave:/home/gonzalo/grodi_atm/install/atm_slave/lib/python3.12/site-packages:/home/gonzalo/grodi_atm/build/atm_simulation:/home/gonzalo/grodi_atm/install/atm_simulation/lib/python3.12/site-packages:/home/gonzalo/grodi_atm/build/atm_master:/home/gonzalo/grodi_atm/install/atm_master/lib/python3.12/site-packages:/home/gonzalo/grodi_atm/build/atm_logging:/home/gonzalo/grodi_atm/install/atm_logging/lib/python3.12/site-packages:/home/gonzalo/grodi_atm/build/atm_link:/opt/ros/jazzy/lib/python3.12/site-packages /usr/bin/python3 -W ignore:setup.py install is deprecated -W ignore:easy_install command is deprecated setup.py egg_info --egg-base ../../build/atm_slave build --build-base /home/gonzalo/grodi_atm/build/atm_slave/build install --record /home/gonzalo/grodi_atm/build/atm_slave/install.log --single-version-externally-managed install_data --force
[1.887s] running egg_info
[1.907s] writing ../../build/atm_slave/atm_slave.egg-info/PKG-INFO
[1.907s] writing dependency_links to ../../build/atm_slave/atm_slave.egg-info/dependency_links.txt
[1.907s] writing entry points to ../../build/atm_slave/atm_slave.egg-info/entry_points.txt
[1.907s] writing requirements to ../../build/atm_slave/atm_slave.egg-info/requires.txt
[1.908s] writing top-level names to ../../build/atm_slave/atm_slave.egg-info/top_level.txt
[1.947s] reading manifest file '../../build/atm_slave/atm_slave.egg-info/SOURCES.txt'
[1.948s] writing manifest file '../../build/atm_slave/atm_slave.egg-info/SOURCES.txt'
[1.948s] running build
[1.948s] running build_py
[1.948s] creating /home/gonzalo/grodi_atm/build/atm_slave/build
[1.949s] creating /home/gonzalo/grodi_atm/build/atm_slave/build/lib
[1.949s] creating /home/gonzalo/grodi_atm/build/atm_slave/build/lib/atm_slave
[1.949s] copying atm_slave/slave_state_manager_node.py -> /home/gonzalo/grodi_atm/build/atm_slave/build/lib/atm_slave
[1.950s] copying atm_slave/__init__.py -> /home/gonzalo/grodi_atm/build/atm_slave/build/lib/atm_slave
[1.950s] copying atm_slave/navigation_executor_node.py -> /home/gonzalo/grodi_atm/build/atm_slave/build/lib/atm_slave
[1.950s] copying atm_slave/slave_health_publisher_node.py -> /home/gonzalo/grodi_atm/build/atm_slave/build/lib/atm_slave
[1.951s] copying atm_slave/spray_controller_node.py -> /home/gonzalo/grodi_atm/build/atm_slave/build/lib/atm_slave
[1.951s] copying atm_slave/vertical_atomizer_controller_node.py -> /home/gonzalo/grodi_atm/build/atm_slave/build/lib/atm_slave
[1.952s] running install
[1.958s] running install_lib
[1.978s] creating /home/gonzalo/grodi_atm/install/atm_slave/lib/python3.12/site-packages/atm_slave
[1.978s] copying /home/gonzalo/grodi_atm/build/atm_slave/build/lib/atm_slave/slave_state_manager_node.py -> /home/gonzalo/grodi_atm/install/atm_slave/lib/python3.12/site-packages/atm_slave
[1.978s] copying /home/gonzalo/grodi_atm/build/atm_slave/build/lib/atm_slave/__init__.py -> /home/gonzalo/grodi_atm/install/atm_slave/lib/python3.12/site-packages/atm_slave
[1.979s] copying /home/gonzalo/grodi_atm/build/atm_slave/build/lib/atm_slave/navigation_executor_node.py -> /home/gonzalo/grodi_atm/install/atm_slave/lib/python3.12/site-packages/atm_slave
[1.979s] copying /home/gonzalo/grodi_atm/build/atm_slave/build/lib/atm_slave/slave_health_publisher_node.py -> /home/gonzalo/grodi_atm/install/atm_slave/lib/python3.12/site-packages/atm_slave
[1.979s] copying /home/gonzalo/grodi_atm/build/atm_slave/build/lib/atm_slave/spray_controller_node.py -> /home/gonzalo/grodi_atm/install/atm_slave/lib/python3.12/site-packages/atm_slave
[1.979s] copying /home/gonzalo/grodi_atm/build/atm_slave/build/lib/atm_slave/vertical_atomizer_controller_node.py -> /home/gonzalo/grodi_atm/install/atm_slave/lib/python3.12/site-packages/atm_slave
[1.979s] byte-compiling /home/gonzalo/grodi_atm/install/atm_slave/lib/python3.12/site-packages/atm_slave/slave_state_manager_node.py to slave_state_manager_node.cpython-312.pyc
[1.982s] byte-compiling /home/gonzalo/grodi_atm/install/atm_slave/lib/python3.12/site-packages/atm_slave/__init__.py to __init__.cpython-312.pyc
[1.982s] byte-compiling /home/gonzalo/grodi_atm/install/atm_slave/lib/python3.12/site-packages/atm_slave/navigation_executor_node.py to navigation_executor_node.cpython-312.pyc
[1.983s] byte-compiling /home/gonzalo/grodi_atm/install/atm_slave/lib/python3.12/site-packages/atm_slave/slave_health_publisher_node.py to slave_health_publisher_node.cpython-312.pyc
[1.984s] byte-compiling /home/gonzalo/grodi_atm/install/atm_slave/lib/python3.12/site-packages/atm_slave/spray_controller_node.py to spray_controller_node.cpython-312.pyc
[1.985s] byte-compiling /home/gonzalo/grodi_atm/install/atm_slave/lib/python3.12/site-packages/atm_slave/vertical_atomizer_controller_node.py to vertical_atomizer_controller_node.cpython-312.pyc
[1.986s] running install_data
[1.986s] copying resource/atm_slave -> /home/gonzalo/grodi_atm/install/atm_slave/share/ament_index/resource_index/packages
[1.986s] copying package.xml -> /home/gonzalo/grodi_atm/install/atm_slave/share/atm_slave
[1.987s] copying launch/slave.launch.py -> /home/gonzalo/grodi_atm/install/atm_slave/share/atm_slave/launch
[1.988s] copying config/slave_params.yaml -> /home/gonzalo/grodi_atm/install/atm_slave/share/atm_slave/config
[1.989s] running install_egg_info
[2.010s] Copying ../../build/atm_slave/atm_slave.egg-info to /home/gonzalo/grodi_atm/install/atm_slave/lib/python3.12/site-packages/atm_slave-0.0.0-py3.12.egg-info
[2.011s] running install_scripts
[2.140s] Installing navigation_executor_node script to /home/gonzalo/grodi_atm/install/atm_slave/lib/atm_slave
[2.140s] Installing slave_health_publisher_node script to /home/gonzalo/grodi_atm/install/atm_slave/lib/atm_slave
[2.140s] Installing slave_state_manager_node script to /home/gonzalo/grodi_atm/install/atm_slave/lib/atm_slave
[2.140s] Installing spray_controller_node script to /home/gonzalo/grodi_atm/install/atm_slave/lib/atm_slave
[2.141s] Installing vertical_atomizer_controller_node script to /home/gonzalo/grodi_atm/install/atm_slave/lib/atm_slave
[2.141s] writing list of installed files to '/home/gonzalo/grodi_atm/build/atm_slave/install.log'
[2.166s] Invoked command in '/home/gonzalo/grodi_atm/src/atm_slave' returned '0': AMENT_PREFIX_PATH=/home/gonzalo/grodi_atm/install/atm_link:/home/gonzalo/grodi_atm/install/atm_bringup:/home/gonzalo/grodi_atm/install/atm_slave:/home/gonzalo/grodi_atm/install/atm_simulation:/home/gonzalo/grodi_atm/install/atm_master:/home/gonzalo/grodi_atm/install/atm_logging:/home/gonzalo/grodi_atm/install/atm_interfaces:/opt/ros/jazzy PYTHONPATH=/home/gonzalo/grodi_atm/build/atm_slave/prefix_override:/usr/lib/python3/dist-packages/colcon_core/task/python/colcon_distutils_commands:/home/gonzalo/grodi_atm/install/atm_slave/lib/python3.12/site-packages:/home/gonzalo/grodi_atm/install/atm_link/lib/python3.12/site-packages:/home/gonzalo/grodi_atm/install/atm_interfaces/lib/python3.12/site-packages:/home/gonzalo/grodi_atm/build/atm_bringup:/home/gonzalo/grodi_atm/install/atm_bringup/lib/python3.12/site-packages:/home/gonzalo/grodi_atm/build/atm_slave:/home/gonzalo/grodi_atm/install/atm_slave/lib/python3.12/site-packages:/home/gonzalo/grodi_atm/build/atm_simulation:/home/gonzalo/grodi_atm/install/atm_simulation/lib/python3.12/site-packages:/home/gonzalo/grodi_atm/build/atm_master:/home/gonzalo/grodi_atm/install/atm_master/lib/python3.12/site-packages:/home/gonzalo/grodi_atm/build/atm_logging:/home/gonzalo/grodi_atm/install/atm_logging/lib/python3.12/site-packages:/home/gonzalo/grodi_atm/build/atm_link:/opt/ros/jazzy/lib/python3.12/site-packages /usr/bin/python3 -W ignore:setup.py install is deprecated -W ignore:easy_install command is deprecated setup.py egg_info --egg-base ../../build/atm_slave build --build-base /home/gonzalo/grodi_atm/build/atm_slave/build install --record /home/gonzalo/grodi_atm/build/atm_slave/install.log --single-version-externally-managed install_data --force
