[1.135s] Invoking command in '/home/gonzalo/grodi_atm/build/atm_slave': AMENT_PREFIX_PATH=/home/gonzalo/grodi_atm/install/atm_link:/home/gonzalo/grodi_atm/install/atm_interfaces:${AMENT_PREFIX_PATH} CMAKE_PREFIX_PATH=/home/gonzalo/grodi_atm/install/atm_interfaces:${CMAKE_PREFIX_PATH} LD_LIBRARY_PATH=/home/gonzalo/grodi_atm/install/atm_interfaces/lib:${LD_LIBRARY_PATH} PYTHONPATH=/home/gonzalo/grodi_atm/build/atm_slave/prefix_override:/usr/lib/python3/dist-packages/colcon_core/task/python/colcon_distutils_commands:/home/gonzalo/grodi_atm/install/atm_slave/lib/python3.12/site-packages:/home/gonzalo/grodi_atm/build/atm_link:/home/gonzalo/grodi_atm/install/atm_link/lib/python3.12/site-packages:/home/gonzalo/grodi_atm/install/atm_interfaces/lib/python3.12/site-packages:${PYTHONPATH} /usr/bin/python3 -W ignore:setup.py install is deprecated -W ignore:easy_install command is deprecated setup.py develop --editable --build-directory /home/gonzalo/grodi_atm/build/atm_slave/build --no-deps symlink_data
[1.417s] running develop
[1.616s] running egg_info
[1.636s] writing atm_slave.egg-info/PKG-INFO
[1.636s] writing dependency_links to atm_slave.egg-info/dependency_links.txt
[1.636s] writing entry points to atm_slave.egg-info/entry_points.txt
[1.637s] writing requirements to atm_slave.egg-info/requires.txt
[1.637s] writing top-level names to atm_slave.egg-info/top_level.txt
[1.678s] reading manifest file 'atm_slave.egg-info/SOURCES.txt'
[1.679s] writing manifest file 'atm_slave.egg-info/SOURCES.txt'
[1.701s] running build_ext
[1.701s] Creating /home/gonzalo/grodi_atm/install/atm_slave/lib/python3.12/site-packages/atm-slave.egg-link (link to .)
[1.702s] Installing navigation_executor_node script to /home/gonzalo/grodi_atm/install/atm_slave/lib/atm_slave
[1.703s] Installing slave_health_publisher_node script to /home/gonzalo/grodi_atm/install/atm_slave/lib/atm_slave
[1.703s] Installing slave_state_manager_node script to /home/gonzalo/grodi_atm/install/atm_slave/lib/atm_slave
[1.703s] Installing spray_controller_node script to /home/gonzalo/grodi_atm/install/atm_slave/lib/atm_slave
[1.704s] Installing vertical_atomizer_controller_node script to /home/gonzalo/grodi_atm/install/atm_slave/lib/atm_slave
[1.704s] 
[1.704s] Installed /home/gonzalo/grodi_atm/build/atm_slave
[1.704s] running symlink_data
[1.738s] Invoked command in '/home/gonzalo/grodi_atm/build/atm_slave' returned '0': AMENT_PREFIX_PATH=/home/gonzalo/grodi_atm/install/atm_link:/home/gonzalo/grodi_atm/install/atm_interfaces:${AMENT_PREFIX_PATH} CMAKE_PREFIX_PATH=/home/gonzalo/grodi_atm/install/atm_interfaces:${CMAKE_PREFIX_PATH} LD_LIBRARY_PATH=/home/gonzalo/grodi_atm/install/atm_interfaces/lib:${LD_LIBRARY_PATH} PYTHONPATH=/home/gonzalo/grodi_atm/build/atm_slave/prefix_override:/usr/lib/python3/dist-packages/colcon_core/task/python/colcon_distutils_commands:/home/gonzalo/grodi_atm/install/atm_slave/lib/python3.12/site-packages:/home/gonzalo/grodi_atm/build/atm_link:/home/gonzalo/grodi_atm/install/atm_link/lib/python3.12/site-packages:/home/gonzalo/grodi_atm/install/atm_interfaces/lib/python3.12/site-packages:${PYTHONPATH} /usr/bin/python3 -W ignore:setup.py install is deprecated -W ignore:easy_install command is deprecated setup.py develop --editable --build-directory /home/gonzalo/grodi_atm/build/atm_slave/build --no-deps symlink_data
