running develop
running egg_info
creating atm_logging.egg-info
writing atm_logging.egg-info/PKG-INFO
writing dependency_links to atm_logging.egg-info/dependency_links.txt
writing requirements to atm_logging.egg-info/requires.txt
writing top-level names to atm_logging.egg-info/top_level.txt
writing manifest file 'atm_logging.egg-info/SOURCES.txt'
reading manifest file 'atm_logging.egg-info/SOURCES.txt'
writing manifest file 'atm_logging.egg-info/SOURCES.txt'
running build_ext
Creating /home/gonzalo/grodi_atm/install/atm_logging/lib/python3.12/site-packages/atm-logging.egg-link (link to .)

Installed /home/gonzalo/grodi_atm/build/atm_logging
running symlink_data
creating /home/gonzalo/grodi_atm/install/atm_logging/share/ament_index
creating /home/gonzalo/grodi_atm/install/atm_logging/share/ament_index/resource_index
creating /home/gonzalo/grodi_atm/install/atm_logging/share/ament_index/resource_index/packages
symbolically linking /home/gonzalo/grodi_atm/build/atm_logging/resource/atm_logging -> /home/gonzalo/grodi_atm/install/atm_logging/share/ament_index/resource_index/packages
symbolically linking /home/gonzalo/grodi_atm/build/atm_logging/package.xml -> /home/gonzalo/grodi_atm/install/atm_logging/share/atm_logging
creating /home/gonzalo/grodi_atm/install/atm_logging/share/atm_logging/config
symbolically linking /home/gonzalo/grodi_atm/build/atm_logging/config/logging_params.yaml -> /home/gonzalo/grodi_atm/install/atm_logging/share/atm_logging/config
