[2.360s] Invoking command in '/home/gonzalo/grodi_atm/build/atm_logging': AMENT_PREFIX_PATH=/home/gonzalo/grodi_atm/install/atm_interfaces:${AMENT_PREFIX_PATH} CMAKE_PREFIX_PATH=/home/gonzalo/grodi_atm/install/atm_interfaces:${CMAKE_PREFIX_PATH} LD_LIBRARY_PATH=/home/gonzalo/grodi_atm/install/atm_interfaces/lib:${LD_LIBRARY_PATH} PYTHONPATH=/home/gonzalo/grodi_atm/build/atm_logging/prefix_override:/usr/lib/python3/dist-packages/colcon_core/task/python/colcon_distutils_commands:/home/gonzalo/grodi_atm/install/atm_logging/lib/python3.12/site-packages:/home/gonzalo/grodi_atm/install/atm_interfaces/lib/python3.12/site-packages:${PYTHONPATH} /usr/bin/python3 -W ignore:setup.py install is deprecated -W ignore:easy_install command is deprecated setup.py develop --editable --build-directory /home/gonzalo/grodi_atm/build/atm_logging/build --no-deps symlink_data
[2.792s] running develop
[3.124s] running egg_info
[3.124s] creating atm_logging.egg-info
[3.150s] writing atm_logging.egg-info/PKG-INFO
[3.150s] writing dependency_links to atm_logging.egg-info/dependency_links.txt
[3.150s] writing requirements to atm_logging.egg-info/requires.txt
[3.151s] writing top-level names to atm_logging.egg-info/top_level.txt
[3.151s] writing manifest file 'atm_logging.egg-info/SOURCES.txt'
[3.200s] reading manifest file 'atm_logging.egg-info/SOURCES.txt'
[3.201s] writing manifest file 'atm_logging.egg-info/SOURCES.txt'
[3.231s] running build_ext
[3.231s] Creating /home/gonzalo/grodi_atm/install/atm_logging/lib/python3.12/site-packages/atm-logging.egg-link (link to .)
[3.232s] 
[3.232s] Installed /home/gonzalo/grodi_atm/build/atm_logging
[3.233s] running symlink_data
[3.233s] creating /home/gonzalo/grodi_atm/install/atm_logging/share/ament_index
[3.234s] creating /home/gonzalo/grodi_atm/install/atm_logging/share/ament_index/resource_index
[3.235s] creating /home/gonzalo/grodi_atm/install/atm_logging/share/ament_index/resource_index/packages
[3.236s] symbolically linking /home/gonzalo/grodi_atm/build/atm_logging/resource/atm_logging -> /home/gonzalo/grodi_atm/install/atm_logging/share/ament_index/resource_index/packages
[3.236s] symbolically linking /home/gonzalo/grodi_atm/build/atm_logging/package.xml -> /home/gonzalo/grodi_atm/install/atm_logging/share/atm_logging
[3.236s] creating /home/gonzalo/grodi_atm/install/atm_logging/share/atm_logging/config
[3.238s] symbolically linking /home/gonzalo/grodi_atm/build/atm_logging/config/logging_params.yaml -> /home/gonzalo/grodi_atm/install/atm_logging/share/atm_logging/config
[3.295s] Invoked command in '/home/gonzalo/grodi_atm/build/atm_logging' returned '0': AMENT_PREFIX_PATH=/home/gonzalo/grodi_atm/install/atm_interfaces:${AMENT_PREFIX_PATH} CMAKE_PREFIX_PATH=/home/gonzalo/grodi_atm/install/atm_interfaces:${CMAKE_PREFIX_PATH} LD_LIBRARY_PATH=/home/gonzalo/grodi_atm/install/atm_interfaces/lib:${LD_LIBRARY_PATH} PYTHONPATH=/home/gonzalo/grodi_atm/build/atm_logging/prefix_override:/usr/lib/python3/dist-packages/colcon_core/task/python/colcon_distutils_commands:/home/gonzalo/grodi_atm/install/atm_logging/lib/python3.12/site-packages:/home/gonzalo/grodi_atm/install/atm_interfaces/lib/python3.12/site-packages:${PYTHONPATH} /usr/bin/python3 -W ignore:setup.py install is deprecated -W ignore:easy_install command is deprecated setup.py develop --editable --build-directory /home/gonzalo/grodi_atm/build/atm_logging/build --no-deps symlink_data
