[0.124s] DEBUG:colcon:Command line arguments: ['/usr/bin/colcon', 'build']
[0.124s] DEBUG:colcon:Parsed command line arguments: Namespace(log_base=None, log_level=None, verb_name='build', build_base='build', install_base='install', merge_install=False, symlink_install=False, test_result_base=None, continue_on_error=False, executor='parallel', parallel_workers=12, event_handlers=None, ignore_user_meta=False, metas=['./colcon.meta'], base_paths=['.'], packages_ignore=None, packages_ignore_regex=None, paths=None, packages_up_to=None, packages_up_to_regex=None, packages_above=None, packages_above_and_dependencies=None, packages_above_depth=None, packages_select_by_dep=None, packages_skip_by_dep=None, packages_skip_up_to=None, packages_select_build_failed=False, packages_skip_build_finished=False, packages_select_test_failures=False, packages_skip_test_passed=False, packages_select=None, packages_skip=None, packages_select_regex=None, packages_skip_regex=None, packages_start=None, packages_end=None, cmake_args=None, cmake_target=None, cmake_target_skip_unavailable=False, cmake_clean_cache=False, cmake_clean_first=False, cmake_force_configure=False, ament_cmake_args=None, catkin_cmake_args=None, catkin_skip_building_tests=False, verb_parser=<colcon_defaults.argument_parser.defaults.DefaultArgumentsDecorator object at 0x7d548d6f6d80>, verb_extension=<colcon_core.verb.build.BuildVerb object at 0x7d548d6f64b0>, main=<bound method BuildVerb.main of <colcon_core.verb.build.BuildVerb object at 0x7d548d6f64b0>>)
[0.159s] Level 1:colcon.colcon_core.package_discovery:discover_packages(colcon_meta) check parameters
[0.159s] Level 1:colcon.colcon_core.package_discovery:discover_packages(recursive) check parameters
[0.159s] Level 1:colcon.colcon_core.package_discovery:discover_packages(ignore) check parameters
[0.159s] Level 1:colcon.colcon_core.package_discovery:discover_packages(path) check parameters
[0.159s] Level 1:colcon.colcon_core.package_discovery:discover_packages(colcon_meta) discover
[0.159s] Level 1:colcon.colcon_core.package_discovery:discover_packages(recursive) discover
[0.159s] INFO:colcon.colcon_core.package_discovery:Crawling recursively for packages in '/home/gonzalo/grodi_atm'
[0.159s] Level 1:colcon.colcon_core.package_identification:_identify(.) by extensions ['ignore', 'ignore_ament_install']
[0.159s] Level 1:colcon.colcon_core.package_identification:_identify(.) by extension 'ignore'
[0.159s] Level 1:colcon.colcon_core.package_identification:_identify(.) by extension 'ignore_ament_install'
[0.159s] Level 1:colcon.colcon_core.package_identification:_identify(.) by extensions ['colcon_pkg']
[0.159s] Level 1:colcon.colcon_core.package_identification:_identify(.) by extension 'colcon_pkg'
[0.159s] Level 1:colcon.colcon_core.package_identification:_identify(.) by extensions ['colcon_meta']
[0.159s] Level 1:colcon.colcon_core.package_identification:_identify(.) by extension 'colcon_meta'
[0.160s] Level 1:colcon.colcon_core.package_identification:_identify(.) by extensions ['ros']
[0.160s] Level 1:colcon.colcon_core.package_identification:_identify(.) by extension 'ros'
[0.180s] Level 1:colcon.colcon_core.package_identification:_identify(.) by extensions ['cmake', 'python']
[0.180s] Level 1:colcon.colcon_core.package_identification:_identify(.) by extension 'cmake'
[0.180s] Level 1:colcon.colcon_core.package_identification:_identify(.) by extension 'python'
[0.180s] Level 1:colcon.colcon_core.package_identification:_identify(.) by extensions ['python_setup_py']
[0.180s] Level 1:colcon.colcon_core.package_identification:_identify(.) by extension 'python_setup_py'
[0.181s] Level 1:colcon.colcon_core.package_identification:_identify(build) by extensions ['ignore', 'ignore_ament_install']
[0.181s] Level 1:colcon.colcon_core.package_identification:_identify(build) by extension 'ignore'
[0.181s] Level 1:colcon.colcon_core.package_identification:_identify(build) ignored
[0.181s] Level 1:colcon.colcon_core.package_identification:_identify(docs) by extensions ['ignore', 'ignore_ament_install']
[0.181s] Level 1:colcon.colcon_core.package_identification:_identify(docs) by extension 'ignore'
[0.181s] Level 1:colcon.colcon_core.package_identification:_identify(docs) by extension 'ignore_ament_install'
[0.181s] Level 1:colcon.colcon_core.package_identification:_identify(docs) by extensions ['colcon_pkg']
[0.181s] Level 1:colcon.colcon_core.package_identification:_identify(docs) by extension 'colcon_pkg'
[0.181s] Level 1:colcon.colcon_core.package_identification:_identify(docs) by extensions ['colcon_meta']
[0.181s] Level 1:colcon.colcon_core.package_identification:_identify(docs) by extension 'colcon_meta'
[0.181s] Level 1:colcon.colcon_core.package_identification:_identify(docs) by extensions ['ros']
[0.181s] Level 1:colcon.colcon_core.package_identification:_identify(docs) by extension 'ros'
[0.181s] Level 1:colcon.colcon_core.package_identification:_identify(docs) by extensions ['cmake', 'python']
[0.181s] Level 1:colcon.colcon_core.package_identification:_identify(docs) by extension 'cmake'
[0.181s] Level 1:colcon.colcon_core.package_identification:_identify(docs) by extension 'python'
[0.181s] Level 1:colcon.colcon_core.package_identification:_identify(docs) by extensions ['python_setup_py']
[0.181s] Level 1:colcon.colcon_core.package_identification:_identify(docs) by extension 'python_setup_py'
[0.181s] Level 1:colcon.colcon_core.package_identification:_identify(install) by extensions ['ignore', 'ignore_ament_install']
[0.182s] Level 1:colcon.colcon_core.package_identification:_identify(install) by extension 'ignore'
[0.182s] Level 1:colcon.colcon_core.package_identification:_identify(install) ignored
[0.182s] Level 1:colcon.colcon_core.package_identification:_identify(log) by extensions ['ignore', 'ignore_ament_install']
[0.182s] Level 1:colcon.colcon_core.package_identification:_identify(log) by extension 'ignore'
[0.182s] Level 1:colcon.colcon_core.package_identification:_identify(log) ignored
[0.182s] Level 1:colcon.colcon_core.package_identification:_identify(src) by extensions ['ignore', 'ignore_ament_install']
[0.182s] Level 1:colcon.colcon_core.package_identification:_identify(src) by extension 'ignore'
[0.182s] Level 1:colcon.colcon_core.package_identification:_identify(src) by extension 'ignore_ament_install'
[0.182s] Level 1:colcon.colcon_core.package_identification:_identify(src) by extensions ['colcon_pkg']
[0.182s] Level 1:colcon.colcon_core.package_identification:_identify(src) by extension 'colcon_pkg'
[0.182s] Level 1:colcon.colcon_core.package_identification:_identify(src) by extensions ['colcon_meta']
[0.182s] Level 1:colcon.colcon_core.package_identification:_identify(src) by extension 'colcon_meta'
[0.182s] Level 1:colcon.colcon_core.package_identification:_identify(src) by extensions ['ros']
[0.182s] Level 1:colcon.colcon_core.package_identification:_identify(src) by extension 'ros'
[0.182s] Level 1:colcon.colcon_core.package_identification:_identify(src) by extensions ['cmake', 'python']
[0.182s] Level 1:colcon.colcon_core.package_identification:_identify(src) by extension 'cmake'
[0.182s] Level 1:colcon.colcon_core.package_identification:_identify(src) by extension 'python'
[0.182s] Level 1:colcon.colcon_core.package_identification:_identify(src) by extensions ['python_setup_py']
[0.182s] Level 1:colcon.colcon_core.package_identification:_identify(src) by extension 'python_setup_py'
[0.182s] Level 1:colcon.colcon_core.package_identification:_identify(src/atm_bringup) by extensions ['ignore', 'ignore_ament_install']
[0.182s] Level 1:colcon.colcon_core.package_identification:_identify(src/atm_bringup) by extension 'ignore'
[0.182s] Level 1:colcon.colcon_core.package_identification:_identify(src/atm_bringup) by extension 'ignore_ament_install'
[0.183s] Level 1:colcon.colcon_core.package_identification:_identify(src/atm_bringup) by extensions ['colcon_pkg']
[0.183s] Level 1:colcon.colcon_core.package_identification:_identify(src/atm_bringup) by extension 'colcon_pkg'
[0.183s] Level 1:colcon.colcon_core.package_identification:_identify(src/atm_bringup) by extensions ['colcon_meta']
[0.183s] Level 1:colcon.colcon_core.package_identification:_identify(src/atm_bringup) by extension 'colcon_meta'
[0.183s] Level 1:colcon.colcon_core.package_identification:_identify(src/atm_bringup) by extensions ['ros']
[0.183s] Level 1:colcon.colcon_core.package_identification:_identify(src/atm_bringup) by extension 'ros'
[0.185s] DEBUG:colcon.colcon_core.package_identification:Package 'src/atm_bringup' with type 'ros.ament_python' and name 'atm_bringup'
[0.185s] Level 1:colcon.colcon_core.package_identification:_identify(src/atm_interfaces) by extensions ['ignore', 'ignore_ament_install']
[0.185s] Level 1:colcon.colcon_core.package_identification:_identify(src/atm_interfaces) by extension 'ignore'
[0.185s] Level 1:colcon.colcon_core.package_identification:_identify(src/atm_interfaces) by extension 'ignore_ament_install'
[0.186s] Level 1:colcon.colcon_core.package_identification:_identify(src/atm_interfaces) by extensions ['colcon_pkg']
[0.186s] Level 1:colcon.colcon_core.package_identification:_identify(src/atm_interfaces) by extension 'colcon_pkg'
[0.186s] Level 1:colcon.colcon_core.package_identification:_identify(src/atm_interfaces) by extensions ['colcon_meta']
[0.186s] Level 1:colcon.colcon_core.package_identification:_identify(src/atm_interfaces) by extension 'colcon_meta'
[0.186s] Level 1:colcon.colcon_core.package_identification:_identify(src/atm_interfaces) by extensions ['ros']
[0.186s] Level 1:colcon.colcon_core.package_identification:_identify(src/atm_interfaces) by extension 'ros'
[0.186s] DEBUG:colcon.colcon_core.package_identification:Package 'src/atm_interfaces' with type 'ros.ament_cmake' and name 'atm_interfaces'
[0.186s] Level 1:colcon.colcon_core.package_identification:_identify(src/atm_link) by extensions ['ignore', 'ignore_ament_install']
[0.186s] Level 1:colcon.colcon_core.package_identification:_identify(src/atm_link) by extension 'ignore'
[0.186s] Level 1:colcon.colcon_core.package_identification:_identify(src/atm_link) by extension 'ignore_ament_install'
[0.186s] Level 1:colcon.colcon_core.package_identification:_identify(src/atm_link) by extensions ['colcon_pkg']
[0.186s] Level 1:colcon.colcon_core.package_identification:_identify(src/atm_link) by extension 'colcon_pkg'
[0.186s] Level 1:colcon.colcon_core.package_identification:_identify(src/atm_link) by extensions ['colcon_meta']
[0.186s] Level 1:colcon.colcon_core.package_identification:_identify(src/atm_link) by extension 'colcon_meta'
[0.186s] Level 1:colcon.colcon_core.package_identification:_identify(src/atm_link) by extensions ['ros']
[0.186s] Level 1:colcon.colcon_core.package_identification:_identify(src/atm_link) by extension 'ros'
[0.187s] DEBUG:colcon.colcon_core.package_identification:Package 'src/atm_link' with type 'ros.ament_python' and name 'atm_link'
[0.187s] Level 1:colcon.colcon_core.package_identification:_identify(src/atm_logging) by extensions ['ignore', 'ignore_ament_install']
[0.187s] Level 1:colcon.colcon_core.package_identification:_identify(src/atm_logging) by extension 'ignore'
[0.187s] Level 1:colcon.colcon_core.package_identification:_identify(src/atm_logging) by extension 'ignore_ament_install'
[0.187s] Level 1:colcon.colcon_core.package_identification:_identify(src/atm_logging) by extensions ['colcon_pkg']
[0.187s] Level 1:colcon.colcon_core.package_identification:_identify(src/atm_logging) by extension 'colcon_pkg'
[0.187s] Level 1:colcon.colcon_core.package_identification:_identify(src/atm_logging) by extensions ['colcon_meta']
[0.187s] Level 1:colcon.colcon_core.package_identification:_identify(src/atm_logging) by extension 'colcon_meta'
[0.188s] Level 1:colcon.colcon_core.package_identification:_identify(src/atm_logging) by extensions ['ros']
[0.188s] Level 1:colcon.colcon_core.package_identification:_identify(src/atm_logging) by extension 'ros'
[0.188s] DEBUG:colcon.colcon_core.package_identification:Package 'src/atm_logging' with type 'ros.ament_python' and name 'atm_logging'
[0.188s] Level 1:colcon.colcon_core.package_identification:_identify(src/atm_master) by extensions ['ignore', 'ignore_ament_install']
[0.188s] Level 1:colcon.colcon_core.package_identification:_identify(src/atm_master) by extension 'ignore'
[0.188s] Level 1:colcon.colcon_core.package_identification:_identify(src/atm_master) by extension 'ignore_ament_install'
[0.188s] Level 1:colcon.colcon_core.package_identification:_identify(src/atm_master) by extensions ['colcon_pkg']
[0.188s] Level 1:colcon.colcon_core.package_identification:_identify(src/atm_master) by extension 'colcon_pkg'
[0.188s] Level 1:colcon.colcon_core.package_identification:_identify(src/atm_master) by extensions ['colcon_meta']
[0.188s] Level 1:colcon.colcon_core.package_identification:_identify(src/atm_master) by extension 'colcon_meta'
[0.189s] Level 1:colcon.colcon_core.package_identification:_identify(src/atm_master) by extensions ['ros']
[0.189s] Level 1:colcon.colcon_core.package_identification:_identify(src/atm_master) by extension 'ros'
[0.189s] DEBUG:colcon.colcon_core.package_identification:Package 'src/atm_master' with type 'ros.ament_python' and name 'atm_master'
[0.189s] Level 1:colcon.colcon_core.package_identification:_identify(src/atm_simulation) by extensions ['ignore', 'ignore_ament_install']
[0.189s] Level 1:colcon.colcon_core.package_identification:_identify(src/atm_simulation) by extension 'ignore'
[0.189s] Level 1:colcon.colcon_core.package_identification:_identify(src/atm_simulation) by extension 'ignore_ament_install'
[0.189s] Level 1:colcon.colcon_core.package_identification:_identify(src/atm_simulation) by extensions ['colcon_pkg']
[0.189s] Level 1:colcon.colcon_core.package_identification:_identify(src/atm_simulation) by extension 'colcon_pkg'
[0.189s] Level 1:colcon.colcon_core.package_identification:_identify(src/atm_simulation) by extensions ['colcon_meta']
[0.189s] Level 1:colcon.colcon_core.package_identification:_identify(src/atm_simulation) by extension 'colcon_meta'
[0.190s] Level 1:colcon.colcon_core.package_identification:_identify(src/atm_simulation) by extensions ['ros']
[0.190s] Level 1:colcon.colcon_core.package_identification:_identify(src/atm_simulation) by extension 'ros'
[0.190s] DEBUG:colcon.colcon_core.package_identification:Package 'src/atm_simulation' with type 'ros.ament_python' and name 'atm_simulation'
[0.190s] Level 1:colcon.colcon_core.package_identification:_identify(src/atm_slave) by extensions ['ignore', 'ignore_ament_install']
[0.190s] Level 1:colcon.colcon_core.package_identification:_identify(src/atm_slave) by extension 'ignore'
[0.190s] Level 1:colcon.colcon_core.package_identification:_identify(src/atm_slave) by extension 'ignore_ament_install'
[0.190s] Level 1:colcon.colcon_core.package_identification:_identify(src/atm_slave) by extensions ['colcon_pkg']
[0.190s] Level 1:colcon.colcon_core.package_identification:_identify(src/atm_slave) by extension 'colcon_pkg'
[0.190s] Level 1:colcon.colcon_core.package_identification:_identify(src/atm_slave) by extensions ['colcon_meta']
[0.191s] Level 1:colcon.colcon_core.package_identification:_identify(src/atm_slave) by extension 'colcon_meta'
[0.191s] Level 1:colcon.colcon_core.package_identification:_identify(src/atm_slave) by extensions ['ros']
[0.191s] Level 1:colcon.colcon_core.package_identification:_identify(src/atm_slave) by extension 'ros'
[0.191s] DEBUG:colcon.colcon_core.package_identification:Package 'src/atm_slave' with type 'ros.ament_python' and name 'atm_slave'
[0.191s] Level 1:colcon.colcon_core.package_discovery:discover_packages(recursive) using defaults
[0.191s] Level 1:colcon.colcon_core.package_discovery:discover_packages(ignore) discover
[0.191s] Level 1:colcon.colcon_core.package_discovery:discover_packages(ignore) using defaults
[0.191s] Level 1:colcon.colcon_core.package_discovery:discover_packages(path) discover
[0.191s] Level 1:colcon.colcon_core.package_discovery:discover_packages(path) using defaults
[0.208s] Level 5:colcon.colcon_core.verb:set package 'atm_interfaces' build argument 'cmake_args' from command line to 'None'
[0.208s] Level 5:colcon.colcon_core.verb:set package 'atm_interfaces' build argument 'cmake_target' from command line to 'None'
[0.208s] Level 5:colcon.colcon_core.verb:set package 'atm_interfaces' build argument 'cmake_target_skip_unavailable' from command line to 'False'
[0.208s] Level 5:colcon.colcon_core.verb:set package 'atm_interfaces' build argument 'cmake_clean_cache' from command line to 'False'
[0.208s] Level 5:colcon.colcon_core.verb:set package 'atm_interfaces' build argument 'cmake_clean_first' from command line to 'False'
[0.208s] Level 5:colcon.colcon_core.verb:set package 'atm_interfaces' build argument 'cmake_force_configure' from command line to 'False'
[0.208s] Level 5:colcon.colcon_core.verb:set package 'atm_interfaces' build argument 'ament_cmake_args' from command line to 'None'
[0.208s] Level 5:colcon.colcon_core.verb:set package 'atm_interfaces' build argument 'catkin_cmake_args' from command line to 'None'
[0.208s] Level 5:colcon.colcon_core.verb:set package 'atm_interfaces' build argument 'catkin_skip_building_tests' from command line to 'False'
[0.208s] DEBUG:colcon.colcon_core.verb:Building package 'atm_interfaces' with the following arguments: {'ament_cmake_args': None, 'build_base': '/home/gonzalo/grodi_atm/build/atm_interfaces', 'catkin_cmake_args': None, 'catkin_skip_building_tests': False, 'cmake_args': None, 'cmake_clean_cache': False, 'cmake_clean_first': False, 'cmake_force_configure': False, 'cmake_target': None, 'cmake_target_skip_unavailable': False, 'install_base': '/home/gonzalo/grodi_atm/install/atm_interfaces', 'merge_install': False, 'path': '/home/gonzalo/grodi_atm/src/atm_interfaces', 'symlink_install': False, 'test_result_base': None}
[0.209s] Level 5:colcon.colcon_core.verb:set package 'atm_simulation' build argument 'cmake_args' from command line to 'None'
[0.209s] Level 5:colcon.colcon_core.verb:set package 'atm_simulation' build argument 'cmake_target' from command line to 'None'
[0.209s] Level 5:colcon.colcon_core.verb:set package 'atm_simulation' build argument 'cmake_target_skip_unavailable' from command line to 'False'
[0.209s] Level 5:colcon.colcon_core.verb:set package 'atm_simulation' build argument 'cmake_clean_cache' from command line to 'False'
[0.209s] Level 5:colcon.colcon_core.verb:set package 'atm_simulation' build argument 'cmake_clean_first' from command line to 'False'
[0.209s] Level 5:colcon.colcon_core.verb:set package 'atm_simulation' build argument 'cmake_force_configure' from command line to 'False'
[0.209s] Level 5:colcon.colcon_core.verb:set package 'atm_simulation' build argument 'ament_cmake_args' from command line to 'None'
[0.209s] Level 5:colcon.colcon_core.verb:set package 'atm_simulation' build argument 'catkin_cmake_args' from command line to 'None'
[0.209s] Level 5:colcon.colcon_core.verb:set package 'atm_simulation' build argument 'catkin_skip_building_tests' from command line to 'False'
[0.209s] DEBUG:colcon.colcon_core.verb:Building package 'atm_simulation' with the following arguments: {'ament_cmake_args': None, 'build_base': '/home/gonzalo/grodi_atm/build/atm_simulation', 'catkin_cmake_args': None, 'catkin_skip_building_tests': False, 'cmake_args': None, 'cmake_clean_cache': False, 'cmake_clean_first': False, 'cmake_force_configure': False, 'cmake_target': None, 'cmake_target_skip_unavailable': False, 'install_base': '/home/gonzalo/grodi_atm/install/atm_simulation', 'merge_install': False, 'path': '/home/gonzalo/grodi_atm/src/atm_simulation', 'symlink_install': False, 'test_result_base': None}
[0.209s] Level 5:colcon.colcon_core.verb:set package 'atm_link' build argument 'cmake_args' from command line to 'None'
[0.209s] Level 5:colcon.colcon_core.verb:set package 'atm_link' build argument 'cmake_target' from command line to 'None'
[0.209s] Level 5:colcon.colcon_core.verb:set package 'atm_link' build argument 'cmake_target_skip_unavailable' from command line to 'False'
[0.209s] Level 5:colcon.colcon_core.verb:set package 'atm_link' build argument 'cmake_clean_cache' from command line to 'False'
[0.209s] Level 5:colcon.colcon_core.verb:set package 'atm_link' build argument 'cmake_clean_first' from command line to 'False'
[0.209s] Level 5:colcon.colcon_core.verb:set package 'atm_link' build argument 'cmake_force_configure' from command line to 'False'
[0.209s] Level 5:colcon.colcon_core.verb:set package 'atm_link' build argument 'ament_cmake_args' from command line to 'None'
[0.209s] Level 5:colcon.colcon_core.verb:set package 'atm_link' build argument 'catkin_cmake_args' from command line to 'None'
[0.209s] Level 5:colcon.colcon_core.verb:set package 'atm_link' build argument 'catkin_skip_building_tests' from command line to 'False'
[0.209s] DEBUG:colcon.colcon_core.verb:Building package 'atm_link' with the following arguments: {'ament_cmake_args': None, 'build_base': '/home/gonzalo/grodi_atm/build/atm_link', 'catkin_cmake_args': None, 'catkin_skip_building_tests': False, 'cmake_args': None, 'cmake_clean_cache': False, 'cmake_clean_first': False, 'cmake_force_configure': False, 'cmake_target': None, 'cmake_target_skip_unavailable': False, 'install_base': '/home/gonzalo/grodi_atm/install/atm_link', 'merge_install': False, 'path': '/home/gonzalo/grodi_atm/src/atm_link', 'symlink_install': False, 'test_result_base': None}
[0.210s] Level 5:colcon.colcon_core.verb:set package 'atm_logging' build argument 'cmake_args' from command line to 'None'
[0.210s] Level 5:colcon.colcon_core.verb:set package 'atm_logging' build argument 'cmake_target' from command line to 'None'
[0.210s] Level 5:colcon.colcon_core.verb:set package 'atm_logging' build argument 'cmake_target_skip_unavailable' from command line to 'False'
[0.210s] Level 5:colcon.colcon_core.verb:set package 'atm_logging' build argument 'cmake_clean_cache' from command line to 'False'
[0.210s] Level 5:colcon.colcon_core.verb:set package 'atm_logging' build argument 'cmake_clean_first' from command line to 'False'
[0.210s] Level 5:colcon.colcon_core.verb:set package 'atm_logging' build argument 'cmake_force_configure' from command line to 'False'
[0.210s] Level 5:colcon.colcon_core.verb:set package 'atm_logging' build argument 'ament_cmake_args' from command line to 'None'
[0.210s] Level 5:colcon.colcon_core.verb:set package 'atm_logging' build argument 'catkin_cmake_args' from command line to 'None'
[0.210s] Level 5:colcon.colcon_core.verb:set package 'atm_logging' build argument 'catkin_skip_building_tests' from command line to 'False'
[0.210s] DEBUG:colcon.colcon_core.verb:Building package 'atm_logging' with the following arguments: {'ament_cmake_args': None, 'build_base': '/home/gonzalo/grodi_atm/build/atm_logging', 'catkin_cmake_args': None, 'catkin_skip_building_tests': False, 'cmake_args': None, 'cmake_clean_cache': False, 'cmake_clean_first': False, 'cmake_force_configure': False, 'cmake_target': None, 'cmake_target_skip_unavailable': False, 'install_base': '/home/gonzalo/grodi_atm/install/atm_logging', 'merge_install': False, 'path': '/home/gonzalo/grodi_atm/src/atm_logging', 'symlink_install': False, 'test_result_base': None}
[0.210s] Level 5:colcon.colcon_core.verb:set package 'atm_master' build argument 'cmake_args' from command line to 'None'
[0.210s] Level 5:colcon.colcon_core.verb:set package 'atm_master' build argument 'cmake_target' from command line to 'None'
[0.210s] Level 5:colcon.colcon_core.verb:set package 'atm_master' build argument 'cmake_target_skip_unavailable' from command line to 'False'
[0.210s] Level 5:colcon.colcon_core.verb:set package 'atm_master' build argument 'cmake_clean_cache' from command line to 'False'
[0.210s] Level 5:colcon.colcon_core.verb:set package 'atm_master' build argument 'cmake_clean_first' from command line to 'False'
[0.210s] Level 5:colcon.colcon_core.verb:set package 'atm_master' build argument 'cmake_force_configure' from command line to 'False'
[0.211s] Level 5:colcon.colcon_core.verb:set package 'atm_master' build argument 'ament_cmake_args' from command line to 'None'
[0.211s] Level 5:colcon.colcon_core.verb:set package 'atm_master' build argument 'catkin_cmake_args' from command line to 'None'
[0.211s] Level 5:colcon.colcon_core.verb:set package 'atm_master' build argument 'catkin_skip_building_tests' from command line to 'False'
[0.211s] DEBUG:colcon.colcon_core.verb:Building package 'atm_master' with the following arguments: {'ament_cmake_args': None, 'build_base': '/home/gonzalo/grodi_atm/build/atm_master', 'catkin_cmake_args': None, 'catkin_skip_building_tests': False, 'cmake_args': None, 'cmake_clean_cache': False, 'cmake_clean_first': False, 'cmake_force_configure': False, 'cmake_target': None, 'cmake_target_skip_unavailable': False, 'install_base': '/home/gonzalo/grodi_atm/install/atm_master', 'merge_install': False, 'path': '/home/gonzalo/grodi_atm/src/atm_master', 'symlink_install': False, 'test_result_base': None}
[0.211s] Level 5:colcon.colcon_core.verb:set package 'atm_slave' build argument 'cmake_args' from command line to 'None'
[0.211s] Level 5:colcon.colcon_core.verb:set package 'atm_slave' build argument 'cmake_target' from command line to 'None'
[0.211s] Level 5:colcon.colcon_core.verb:set package 'atm_slave' build argument 'cmake_target_skip_unavailable' from command line to 'False'
[0.211s] Level 5:colcon.colcon_core.verb:set package 'atm_slave' build argument 'cmake_clean_cache' from command line to 'False'
[0.211s] Level 5:colcon.colcon_core.verb:set package 'atm_slave' build argument 'cmake_clean_first' from command line to 'False'
[0.211s] Level 5:colcon.colcon_core.verb:set package 'atm_slave' build argument 'cmake_force_configure' from command line to 'False'
[0.211s] Level 5:colcon.colcon_core.verb:set package 'atm_slave' build argument 'ament_cmake_args' from command line to 'None'
[0.211s] Level 5:colcon.colcon_core.verb:set package 'atm_slave' build argument 'catkin_cmake_args' from command line to 'None'
[0.211s] Level 5:colcon.colcon_core.verb:set package 'atm_slave' build argument 'catkin_skip_building_tests' from command line to 'False'
[0.211s] DEBUG:colcon.colcon_core.verb:Building package 'atm_slave' with the following arguments: {'ament_cmake_args': None, 'build_base': '/home/gonzalo/grodi_atm/build/atm_slave', 'catkin_cmake_args': None, 'catkin_skip_building_tests': False, 'cmake_args': None, 'cmake_clean_cache': False, 'cmake_clean_first': False, 'cmake_force_configure': False, 'cmake_target': None, 'cmake_target_skip_unavailable': False, 'install_base': '/home/gonzalo/grodi_atm/install/atm_slave', 'merge_install': False, 'path': '/home/gonzalo/grodi_atm/src/atm_slave', 'symlink_install': False, 'test_result_base': None}
[0.211s] Level 5:colcon.colcon_core.verb:set package 'atm_bringup' build argument 'cmake_args' from command line to 'None'
[0.211s] Level 5:colcon.colcon_core.verb:set package 'atm_bringup' build argument 'cmake_target' from command line to 'None'
[0.211s] Level 5:colcon.colcon_core.verb:set package 'atm_bringup' build argument 'cmake_target_skip_unavailable' from command line to 'False'
[0.211s] Level 5:colcon.colcon_core.verb:set package 'atm_bringup' build argument 'cmake_clean_cache' from command line to 'False'
[0.211s] Level 5:colcon.colcon_core.verb:set package 'atm_bringup' build argument 'cmake_clean_first' from command line to 'False'
[0.211s] Level 5:colcon.colcon_core.verb:set package 'atm_bringup' build argument 'cmake_force_configure' from command line to 'False'
[0.211s] Level 5:colcon.colcon_core.verb:set package 'atm_bringup' build argument 'ament_cmake_args' from command line to 'None'
[0.211s] Level 5:colcon.colcon_core.verb:set package 'atm_bringup' build argument 'catkin_cmake_args' from command line to 'None'
[0.211s] Level 5:colcon.colcon_core.verb:set package 'atm_bringup' build argument 'catkin_skip_building_tests' from command line to 'False'
[0.211s] DEBUG:colcon.colcon_core.verb:Building package 'atm_bringup' with the following arguments: {'ament_cmake_args': None, 'build_base': '/home/gonzalo/grodi_atm/build/atm_bringup', 'catkin_cmake_args': None, 'catkin_skip_building_tests': False, 'cmake_args': None, 'cmake_clean_cache': False, 'cmake_clean_first': False, 'cmake_force_configure': False, 'cmake_target': None, 'cmake_target_skip_unavailable': False, 'install_base': '/home/gonzalo/grodi_atm/install/atm_bringup', 'merge_install': False, 'path': '/home/gonzalo/grodi_atm/src/atm_bringup', 'symlink_install': False, 'test_result_base': None}
[0.211s] INFO:colcon.colcon_core.executor:Executing jobs using 'parallel' executor
[0.212s] DEBUG:colcon.colcon_parallel_executor.executor.parallel:run_until_complete
[0.213s] INFO:colcon.colcon_ros.task.ament_cmake.build:Building ROS package in '/home/gonzalo/grodi_atm/src/atm_interfaces' with build type 'ament_cmake'
[0.213s] INFO:colcon.colcon_cmake.task.cmake.build:Building CMake package in '/home/gonzalo/grodi_atm/src/atm_interfaces'
[0.216s] INFO:colcon.colcon_core.plugin_system:Skipping extension 'colcon_core.shell.bat': Not used on non-Windows systems
[0.216s] DEBUG:colcon.colcon_core.shell:Skip shell extension 'dsv' for command environment
[0.225s] INFO:colcon.colcon_ros.task.ament_python.build:Building ROS package in '/home/gonzalo/grodi_atm/src/atm_simulation' with build type 'ament_python'
[0.225s] Level 1:colcon.colcon_core.shell:create_environment_hook('atm_simulation', 'ament_prefix_path')
[0.226s] INFO:colcon.colcon_core.shell:Creating environment descriptor '/home/gonzalo/grodi_atm/install/atm_simulation/share/atm_simulation/hook/ament_prefix_path.dsv'
[0.227s] INFO:colcon.colcon_core.shell:Creating environment hook '/home/gonzalo/grodi_atm/install/atm_simulation/share/atm_simulation/hook/ament_prefix_path.sh'
[0.228s] DEBUG:colcon.colcon_core.shell:Skip shell extension 'dsv' for command environment
[0.237s] DEBUG:colcon.colcon_core.event_handler.log_command:Invoking command in '/home/gonzalo/grodi_atm/build/atm_interfaces': CMAKE_PREFIX_PATH=${CMAKE_PREFIX_PATH}:/home/gonzalo/grodi_atm/install/atm_bringup:/home/gonzalo/grodi_atm/install/atm_slave:/home/gonzalo/grodi_atm/install/atm_simulation:/home/gonzalo/grodi_atm/install/atm_master:/home/gonzalo/grodi_atm/install/atm_logging:/home/gonzalo/grodi_atm/install/atm_link:/opt/ros/jazzy /usr/bin/cmake /home/gonzalo/grodi_atm/src/atm_interfaces -DCMAKE_INSTALL_PREFIX=/home/gonzalo/grodi_atm/install/atm_interfaces
[0.447s] INFO:colcon.colcon_core.task.python.build:Building Python package in '/home/gonzalo/grodi_atm/src/atm_simulation'
[0.447s] DEBUG:colcon.colcon_core.shell:Skip shell extension 'dsv' for command environment
[1.031s] DEBUG:colcon.colcon_core.event_handler.log_command:Invoking command in '/home/gonzalo/grodi_atm/build/atm_simulation': PYTHONPATH=/home/gonzalo/grodi_atm/build/atm_simulation/prefix_override:/usr/lib/python3/dist-packages/colcon_core/task/python/colcon_distutils_commands:/home/gonzalo/grodi_atm/install/atm_simulation/lib/python3.12/site-packages:${PYTHONPATH} /usr/bin/python3 -W ignore:setup.py install is deprecated -W ignore:easy_install command is deprecated setup.py develop --uninstall --editable --build-directory /home/gonzalo/grodi_atm/build/atm_simulation/build
[1.572s] DEBUG:colcon.colcon_core.event_handler.log_command:Invoked command in '/home/gonzalo/grodi_atm/build/atm_simulation' returned '0': PYTHONPATH=/home/gonzalo/grodi_atm/build/atm_simulation/prefix_override:/usr/lib/python3/dist-packages/colcon_core/task/python/colcon_distutils_commands:/home/gonzalo/grodi_atm/install/atm_simulation/lib/python3.12/site-packages:${PYTHONPATH} /usr/bin/python3 -W ignore:setup.py install is deprecated -W ignore:easy_install command is deprecated setup.py develop --uninstall --editable --build-directory /home/gonzalo/grodi_atm/build/atm_simulation/build
[1.573s] DEBUG:colcon.colcon_core.event_handler.log_command:Invoking command in '/home/gonzalo/grodi_atm/src/atm_simulation': PYTHONPATH=/home/gonzalo/grodi_atm/build/atm_simulation/prefix_override:/usr/lib/python3/dist-packages/colcon_core/task/python/colcon_distutils_commands:/home/gonzalo/grodi_atm/install/atm_simulation/lib/python3.12/site-packages:${PYTHONPATH} /usr/bin/python3 -W ignore:setup.py install is deprecated -W ignore:easy_install command is deprecated setup.py egg_info --egg-base ../../build/atm_simulation build --build-base /home/gonzalo/grodi_atm/build/atm_simulation/build install --record /home/gonzalo/grodi_atm/build/atm_simulation/install.log --single-version-externally-managed install_data --force
[1.912s] DEBUG:colcon.colcon_core.event_handler.log_command:Invoked command in '/home/gonzalo/grodi_atm/build/atm_interfaces' returned '0': CMAKE_PREFIX_PATH=${CMAKE_PREFIX_PATH}:/home/gonzalo/grodi_atm/install/atm_bringup:/home/gonzalo/grodi_atm/install/atm_slave:/home/gonzalo/grodi_atm/install/atm_simulation:/home/gonzalo/grodi_atm/install/atm_master:/home/gonzalo/grodi_atm/install/atm_logging:/home/gonzalo/grodi_atm/install/atm_link:/opt/ros/jazzy /usr/bin/cmake /home/gonzalo/grodi_atm/src/atm_interfaces -DCMAKE_INSTALL_PREFIX=/home/gonzalo/grodi_atm/install/atm_interfaces
[1.913s] DEBUG:colcon.colcon_core.event_handler.log_command:Invoking command in '/home/gonzalo/grodi_atm/build/atm_interfaces': CMAKE_PREFIX_PATH=${CMAKE_PREFIX_PATH}:/home/gonzalo/grodi_atm/install/atm_bringup:/home/gonzalo/grodi_atm/install/atm_slave:/home/gonzalo/grodi_atm/install/atm_simulation:/home/gonzalo/grodi_atm/install/atm_master:/home/gonzalo/grodi_atm/install/atm_logging:/home/gonzalo/grodi_atm/install/atm_link:/opt/ros/jazzy /usr/bin/cmake --build /home/gonzalo/grodi_atm/build/atm_interfaces -- -j12 -l12
[2.170s] DEBUG:colcon.colcon_core.event_handler.log_command:Invoked command in '/home/gonzalo/grodi_atm/src/atm_simulation' returned '0': PYTHONPATH=/home/gonzalo/grodi_atm/build/atm_simulation/prefix_override:/usr/lib/python3/dist-packages/colcon_core/task/python/colcon_distutils_commands:/home/gonzalo/grodi_atm/install/atm_simulation/lib/python3.12/site-packages:${PYTHONPATH} /usr/bin/python3 -W ignore:setup.py install is deprecated -W ignore:easy_install command is deprecated setup.py egg_info --egg-base ../../build/atm_simulation build --build-base /home/gonzalo/grodi_atm/build/atm_simulation/build install --record /home/gonzalo/grodi_atm/build/atm_simulation/install.log --single-version-externally-managed install_data --force
[2.172s] Level 1:colcon.colcon_core.environment:checking '/home/gonzalo/grodi_atm/install/atm_simulation' for CMake module files
[2.173s] Level 1:colcon.colcon_core.environment:checking '/home/gonzalo/grodi_atm/install/atm_simulation' for CMake config files
[2.173s] Level 1:colcon.colcon_core.environment:checking '/home/gonzalo/grodi_atm/install/atm_simulation/lib'
[2.174s] Level 1:colcon.colcon_core.environment:checking '/home/gonzalo/grodi_atm/install/atm_simulation/bin'
[2.174s] Level 1:colcon.colcon_core.environment:checking '/home/gonzalo/grodi_atm/install/atm_simulation/lib/pkgconfig/atm_simulation.pc'
[2.174s] Level 1:colcon.colcon_core.environment:checking '/home/gonzalo/grodi_atm/install/atm_simulation/lib/python3.12/site-packages'
[2.174s] Level 1:colcon.colcon_core.shell:create_environment_hook('atm_simulation', 'pythonpath')
[2.174s] INFO:colcon.colcon_core.shell:Creating environment descriptor '/home/gonzalo/grodi_atm/install/atm_simulation/share/atm_simulation/hook/pythonpath.dsv'
[2.175s] INFO:colcon.colcon_core.shell:Creating environment hook '/home/gonzalo/grodi_atm/install/atm_simulation/share/atm_simulation/hook/pythonpath.sh'
[2.175s] Level 1:colcon.colcon_core.environment:checking '/home/gonzalo/grodi_atm/install/atm_simulation/bin'
[2.175s] Level 1:colcon.colcon_core.environment:create_environment_scripts_only(atm_simulation)
[2.176s] INFO:colcon.colcon_core.shell:Creating package descriptor '/home/gonzalo/grodi_atm/install/atm_simulation/share/atm_simulation/package.dsv'
[2.176s] INFO:colcon.colcon_core.shell:Creating package script '/home/gonzalo/grodi_atm/install/atm_simulation/share/atm_simulation/package.sh'
[2.177s] INFO:colcon.colcon_core.shell:Creating package script '/home/gonzalo/grodi_atm/install/atm_simulation/share/atm_simulation/package.bash'
[2.177s] INFO:colcon.colcon_core.shell:Creating package script '/home/gonzalo/grodi_atm/install/atm_simulation/share/atm_simulation/package.zsh'
[2.178s] Level 1:colcon.colcon_core.environment:create_file_with_runtime_dependencies(/home/gonzalo/grodi_atm/install/atm_simulation/share/colcon-core/packages/atm_simulation)
[2.379s] DEBUG:colcon.colcon_core.event_handler.log_command:Invoked command in '/home/gonzalo/grodi_atm/build/atm_interfaces' returned '0': CMAKE_PREFIX_PATH=${CMAKE_PREFIX_PATH}:/home/gonzalo/grodi_atm/install/atm_bringup:/home/gonzalo/grodi_atm/install/atm_slave:/home/gonzalo/grodi_atm/install/atm_simulation:/home/gonzalo/grodi_atm/install/atm_master:/home/gonzalo/grodi_atm/install/atm_logging:/home/gonzalo/grodi_atm/install/atm_link:/opt/ros/jazzy /usr/bin/cmake --build /home/gonzalo/grodi_atm/build/atm_interfaces -- -j12 -l12
[2.388s] DEBUG:colcon.colcon_core.event_handler.log_command:Invoking command in '/home/gonzalo/grodi_atm/build/atm_interfaces': CMAKE_PREFIX_PATH=${CMAKE_PREFIX_PATH}:/home/gonzalo/grodi_atm/install/atm_bringup:/home/gonzalo/grodi_atm/install/atm_slave:/home/gonzalo/grodi_atm/install/atm_simulation:/home/gonzalo/grodi_atm/install/atm_master:/home/gonzalo/grodi_atm/install/atm_logging:/home/gonzalo/grodi_atm/install/atm_link:/opt/ros/jazzy /usr/bin/cmake --install /home/gonzalo/grodi_atm/build/atm_interfaces
[2.640s] Level 1:colcon.colcon_core.environment:create_environment_scripts_only(atm_interfaces)
[2.640s] DEBUG:colcon.colcon_core.event_handler.log_command:Invoked command in '/home/gonzalo/grodi_atm/build/atm_interfaces' returned '0': CMAKE_PREFIX_PATH=${CMAKE_PREFIX_PATH}:/home/gonzalo/grodi_atm/install/atm_bringup:/home/gonzalo/grodi_atm/install/atm_slave:/home/gonzalo/grodi_atm/install/atm_simulation:/home/gonzalo/grodi_atm/install/atm_master:/home/gonzalo/grodi_atm/install/atm_logging:/home/gonzalo/grodi_atm/install/atm_link:/opt/ros/jazzy /usr/bin/cmake --install /home/gonzalo/grodi_atm/build/atm_interfaces
[2.641s] Level 1:colcon.colcon_core.environment:checking '/home/gonzalo/grodi_atm/install/atm_interfaces' for CMake module files
[2.642s] Level 1:colcon.colcon_core.environment:checking '/home/gonzalo/grodi_atm/install/atm_interfaces' for CMake config files
[2.646s] Level 1:colcon.colcon_core.shell:create_environment_hook('atm_interfaces', 'cmake_prefix_path')
[2.647s] INFO:colcon.colcon_core.shell:Creating environment descriptor '/home/gonzalo/grodi_atm/install/atm_interfaces/share/atm_interfaces/hook/cmake_prefix_path.dsv'
[2.647s] INFO:colcon.colcon_core.shell:Creating environment hook '/home/gonzalo/grodi_atm/install/atm_interfaces/share/atm_interfaces/hook/cmake_prefix_path.sh'
[2.647s] Level 1:colcon.colcon_core.environment:checking '/home/gonzalo/grodi_atm/install/atm_interfaces/lib'
[2.647s] Level 1:colcon.colcon_core.shell:create_environment_hook('atm_interfaces', 'ld_library_path_lib')
[2.648s] INFO:colcon.colcon_core.shell:Creating environment descriptor '/home/gonzalo/grodi_atm/install/atm_interfaces/share/atm_interfaces/hook/ld_library_path_lib.dsv'
[2.648s] INFO:colcon.colcon_core.shell:Creating environment hook '/home/gonzalo/grodi_atm/install/atm_interfaces/share/atm_interfaces/hook/ld_library_path_lib.sh'
[2.648s] Level 1:colcon.colcon_core.environment:checking '/home/gonzalo/grodi_atm/install/atm_interfaces/bin'
[2.648s] Level 1:colcon.colcon_core.environment:checking '/home/gonzalo/grodi_atm/install/atm_interfaces/lib/pkgconfig/atm_interfaces.pc'
[2.648s] Level 1:colcon.colcon_core.environment:checking '/home/gonzalo/grodi_atm/install/atm_interfaces/lib/python3.12/site-packages'
[2.649s] Level 1:colcon.colcon_core.shell:create_environment_hook('atm_interfaces', 'pythonpath')
[2.649s] INFO:colcon.colcon_core.shell:Creating environment descriptor '/home/gonzalo/grodi_atm/install/atm_interfaces/share/atm_interfaces/hook/pythonpath.dsv'
[2.649s] INFO:colcon.colcon_core.shell:Creating environment hook '/home/gonzalo/grodi_atm/install/atm_interfaces/share/atm_interfaces/hook/pythonpath.sh'
[2.650s] Level 1:colcon.colcon_core.environment:checking '/home/gonzalo/grodi_atm/install/atm_interfaces/bin'
[2.650s] INFO:colcon.colcon_core.shell:Creating package descriptor '/home/gonzalo/grodi_atm/install/atm_interfaces/share/atm_interfaces/package.dsv'
[2.650s] INFO:colcon.colcon_core.shell:Creating package script '/home/gonzalo/grodi_atm/install/atm_interfaces/share/atm_interfaces/package.sh'
[2.650s] INFO:colcon.colcon_core.shell:Creating package script '/home/gonzalo/grodi_atm/install/atm_interfaces/share/atm_interfaces/package.bash'
[2.651s] INFO:colcon.colcon_core.shell:Creating package script '/home/gonzalo/grodi_atm/install/atm_interfaces/share/atm_interfaces/package.zsh'
[2.651s] Level 1:colcon.colcon_core.environment:create_file_with_runtime_dependencies(/home/gonzalo/grodi_atm/install/atm_interfaces/share/colcon-core/packages/atm_interfaces)
[2.651s] Level 1:colcon.colcon_core.environment:create_environment_scripts_only(atm_interfaces)
[2.651s] Level 1:colcon.colcon_core.environment:checking '/home/gonzalo/grodi_atm/install/atm_interfaces' for CMake module files
[2.652s] Level 1:colcon.colcon_core.environment:checking '/home/gonzalo/grodi_atm/install/atm_interfaces' for CMake config files
[2.654s] Level 1:colcon.colcon_core.shell:create_environment_hook('atm_interfaces', 'cmake_prefix_path')
[2.654s] INFO:colcon.colcon_core.shell:Creating environment descriptor '/home/gonzalo/grodi_atm/install/atm_interfaces/share/atm_interfaces/hook/cmake_prefix_path.dsv'
[2.654s] INFO:colcon.colcon_core.shell:Creating environment hook '/home/gonzalo/grodi_atm/install/atm_interfaces/share/atm_interfaces/hook/cmake_prefix_path.sh'
[2.655s] Level 1:colcon.colcon_core.environment:checking '/home/gonzalo/grodi_atm/install/atm_interfaces/lib'
[2.655s] Level 1:colcon.colcon_core.shell:create_environment_hook('atm_interfaces', 'ld_library_path_lib')
[2.655s] INFO:colcon.colcon_core.shell:Creating environment descriptor '/home/gonzalo/grodi_atm/install/atm_interfaces/share/atm_interfaces/hook/ld_library_path_lib.dsv'
[2.655s] INFO:colcon.colcon_core.shell:Creating environment hook '/home/gonzalo/grodi_atm/install/atm_interfaces/share/atm_interfaces/hook/ld_library_path_lib.sh'
[2.656s] Level 1:colcon.colcon_core.environment:checking '/home/gonzalo/grodi_atm/install/atm_interfaces/bin'
[2.656s] Level 1:colcon.colcon_core.environment:checking '/home/gonzalo/grodi_atm/install/atm_interfaces/lib/pkgconfig/atm_interfaces.pc'
[2.656s] Level 1:colcon.colcon_core.environment:checking '/home/gonzalo/grodi_atm/install/atm_interfaces/lib/python3.12/site-packages'
[2.656s] Level 1:colcon.colcon_core.shell:create_environment_hook('atm_interfaces', 'pythonpath')
[2.656s] INFO:colcon.colcon_core.shell:Creating environment descriptor '/home/gonzalo/grodi_atm/install/atm_interfaces/share/atm_interfaces/hook/pythonpath.dsv'
[2.657s] INFO:colcon.colcon_core.shell:Creating environment hook '/home/gonzalo/grodi_atm/install/atm_interfaces/share/atm_interfaces/hook/pythonpath.sh'
[2.657s] Level 1:colcon.colcon_core.environment:checking '/home/gonzalo/grodi_atm/install/atm_interfaces/bin'
[2.657s] INFO:colcon.colcon_core.shell:Creating package descriptor '/home/gonzalo/grodi_atm/install/atm_interfaces/share/atm_interfaces/package.dsv'
[2.658s] INFO:colcon.colcon_core.shell:Creating package script '/home/gonzalo/grodi_atm/install/atm_interfaces/share/atm_interfaces/package.sh'
[2.658s] INFO:colcon.colcon_core.shell:Creating package script '/home/gonzalo/grodi_atm/install/atm_interfaces/share/atm_interfaces/package.bash'
[2.659s] INFO:colcon.colcon_core.shell:Creating package script '/home/gonzalo/grodi_atm/install/atm_interfaces/share/atm_interfaces/package.zsh'
[2.659s] Level 1:colcon.colcon_core.environment:create_file_with_runtime_dependencies(/home/gonzalo/grodi_atm/install/atm_interfaces/share/colcon-core/packages/atm_interfaces)
[2.659s] INFO:colcon.colcon_ros.task.ament_python.build:Building ROS package in '/home/gonzalo/grodi_atm/src/atm_link' with build type 'ament_python'
[2.659s] Level 1:colcon.colcon_core.shell:create_environment_hook('atm_link', 'ament_prefix_path')
[2.659s] INFO:colcon.colcon_core.shell:Creating environment descriptor '/home/gonzalo/grodi_atm/install/atm_link/share/atm_link/hook/ament_prefix_path.dsv'
[2.661s] INFO:colcon.colcon_core.shell:Creating environment hook '/home/gonzalo/grodi_atm/install/atm_link/share/atm_link/hook/ament_prefix_path.sh'
[2.661s] DEBUG:colcon.colcon_core.shell:Skip shell extension 'dsv' for command environment
[2.664s] INFO:colcon.colcon_ros.task.ament_python.build:Building ROS package in '/home/gonzalo/grodi_atm/src/atm_logging' with build type 'ament_python'
[2.664s] Level 1:colcon.colcon_core.shell:create_environment_hook('atm_logging', 'ament_prefix_path')
[2.665s] INFO:colcon.colcon_core.shell:Creating environment descriptor '/home/gonzalo/grodi_atm/install/atm_logging/share/atm_logging/hook/ament_prefix_path.dsv'
[2.665s] INFO:colcon.colcon_core.shell:Creating environment hook '/home/gonzalo/grodi_atm/install/atm_logging/share/atm_logging/hook/ament_prefix_path.sh'
[2.666s] DEBUG:colcon.colcon_core.shell:Skip shell extension 'dsv' for command environment
[2.955s] INFO:colcon.colcon_core.task.python.build:Building Python package in '/home/gonzalo/grodi_atm/src/atm_link'
[2.956s] DEBUG:colcon.colcon_core.shell:Skip shell extension 'dsv' for command environment
[3.163s] INFO:colcon.colcon_core.task.python.build:Building Python package in '/home/gonzalo/grodi_atm/src/atm_logging'
[3.163s] DEBUG:colcon.colcon_core.shell:Skip shell extension 'dsv' for command environment
[3.745s] DEBUG:colcon.colcon_core.event_handler.log_command:Invoking command in '/home/gonzalo/grodi_atm/build/atm_link': PYTHONPATH=/home/gonzalo/grodi_atm/build/atm_link/prefix_override:/usr/lib/python3/dist-packages/colcon_core/task/python/colcon_distutils_commands:/home/gonzalo/grodi_atm/install/atm_link/lib/python3.12/site-packages:/home/gonzalo/grodi_atm/install/atm_interfaces/lib/python3.12/site-packages:/home/gonzalo/grodi_atm/build/atm_bringup:/home/gonzalo/grodi_atm/install/atm_bringup/lib/python3.12/site-packages:/home/gonzalo/grodi_atm/build/atm_slave:/home/gonzalo/grodi_atm/install/atm_slave/lib/python3.12/site-packages:/home/gonzalo/grodi_atm/build/atm_simulation:/home/gonzalo/grodi_atm/install/atm_simulation/lib/python3.12/site-packages:/home/gonzalo/grodi_atm/build/atm_master:/home/gonzalo/grodi_atm/install/atm_master/lib/python3.12/site-packages:/home/gonzalo/grodi_atm/build/atm_logging:/home/gonzalo/grodi_atm/install/atm_logging/lib/python3.12/site-packages:/home/gonzalo/grodi_atm/build/atm_link:/home/gonzalo/grodi_atm/install/atm_link/lib/python3.12/site-packages:/opt/ros/jazzy/lib/python3.12/site-packages /usr/bin/python3 -W ignore:setup.py install is deprecated -W ignore:easy_install command is deprecated setup.py develop --uninstall --editable --build-directory /home/gonzalo/grodi_atm/build/atm_link/build
[3.866s] DEBUG:colcon.colcon_core.event_handler.log_command:Invoking command in '/home/gonzalo/grodi_atm/build/atm_logging': PYTHONPATH=/home/gonzalo/grodi_atm/build/atm_logging/prefix_override:/usr/lib/python3/dist-packages/colcon_core/task/python/colcon_distutils_commands:/home/gonzalo/grodi_atm/install/atm_logging/lib/python3.12/site-packages:/home/gonzalo/grodi_atm/install/atm_interfaces/lib/python3.12/site-packages:/home/gonzalo/grodi_atm/build/atm_bringup:/home/gonzalo/grodi_atm/install/atm_bringup/lib/python3.12/site-packages:/home/gonzalo/grodi_atm/build/atm_slave:/home/gonzalo/grodi_atm/install/atm_slave/lib/python3.12/site-packages:/home/gonzalo/grodi_atm/build/atm_simulation:/home/gonzalo/grodi_atm/install/atm_simulation/lib/python3.12/site-packages:/home/gonzalo/grodi_atm/build/atm_master:/home/gonzalo/grodi_atm/install/atm_master/lib/python3.12/site-packages:/home/gonzalo/grodi_atm/build/atm_logging:/home/gonzalo/grodi_atm/install/atm_logging/lib/python3.12/site-packages:/home/gonzalo/grodi_atm/build/atm_link:/home/gonzalo/grodi_atm/install/atm_link/lib/python3.12/site-packages:/opt/ros/jazzy/lib/python3.12/site-packages /usr/bin/python3 -W ignore:setup.py install is deprecated -W ignore:easy_install command is deprecated setup.py develop --uninstall --editable --build-directory /home/gonzalo/grodi_atm/build/atm_logging/build
[4.300s] DEBUG:colcon.colcon_core.event_handler.log_command:Invoked command in '/home/gonzalo/grodi_atm/build/atm_link' returned '0': PYTHONPATH=/home/gonzalo/grodi_atm/build/atm_link/prefix_override:/usr/lib/python3/dist-packages/colcon_core/task/python/colcon_distutils_commands:/home/gonzalo/grodi_atm/install/atm_link/lib/python3.12/site-packages:/home/gonzalo/grodi_atm/install/atm_interfaces/lib/python3.12/site-packages:/home/gonzalo/grodi_atm/build/atm_bringup:/home/gonzalo/grodi_atm/install/atm_bringup/lib/python3.12/site-packages:/home/gonzalo/grodi_atm/build/atm_slave:/home/gonzalo/grodi_atm/install/atm_slave/lib/python3.12/site-packages:/home/gonzalo/grodi_atm/build/atm_simulation:/home/gonzalo/grodi_atm/install/atm_simulation/lib/python3.12/site-packages:/home/gonzalo/grodi_atm/build/atm_master:/home/gonzalo/grodi_atm/install/atm_master/lib/python3.12/site-packages:/home/gonzalo/grodi_atm/build/atm_logging:/home/gonzalo/grodi_atm/install/atm_logging/lib/python3.12/site-packages:/home/gonzalo/grodi_atm/build/atm_link:/home/gonzalo/grodi_atm/install/atm_link/lib/python3.12/site-packages:/opt/ros/jazzy/lib/python3.12/site-packages /usr/bin/python3 -W ignore:setup.py install is deprecated -W ignore:easy_install command is deprecated setup.py develop --uninstall --editable --build-directory /home/gonzalo/grodi_atm/build/atm_link/build
[4.301s] DEBUG:colcon.colcon_core.event_handler.log_command:Invoking command in '/home/gonzalo/grodi_atm/src/atm_link': PYTHONPATH=/home/gonzalo/grodi_atm/build/atm_link/prefix_override:/usr/lib/python3/dist-packages/colcon_core/task/python/colcon_distutils_commands:/home/gonzalo/grodi_atm/install/atm_link/lib/python3.12/site-packages:/home/gonzalo/grodi_atm/install/atm_interfaces/lib/python3.12/site-packages:/home/gonzalo/grodi_atm/build/atm_bringup:/home/gonzalo/grodi_atm/install/atm_bringup/lib/python3.12/site-packages:/home/gonzalo/grodi_atm/build/atm_slave:/home/gonzalo/grodi_atm/install/atm_slave/lib/python3.12/site-packages:/home/gonzalo/grodi_atm/build/atm_simulation:/home/gonzalo/grodi_atm/install/atm_simulation/lib/python3.12/site-packages:/home/gonzalo/grodi_atm/build/atm_master:/home/gonzalo/grodi_atm/install/atm_master/lib/python3.12/site-packages:/home/gonzalo/grodi_atm/build/atm_logging:/home/gonzalo/grodi_atm/install/atm_logging/lib/python3.12/site-packages:/home/gonzalo/grodi_atm/build/atm_link:/home/gonzalo/grodi_atm/install/atm_link/lib/python3.12/site-packages:/opt/ros/jazzy/lib/python3.12/site-packages /usr/bin/python3 -W ignore:setup.py install is deprecated -W ignore:easy_install command is deprecated setup.py egg_info --egg-base ../../build/atm_link build --build-base /home/gonzalo/grodi_atm/build/atm_link/build install --record /home/gonzalo/grodi_atm/build/atm_link/install.log --single-version-externally-managed install_data --force
[4.394s] DEBUG:colcon.colcon_core.event_handler.log_command:Invoked command in '/home/gonzalo/grodi_atm/build/atm_logging' returned '0': PYTHONPATH=/home/gonzalo/grodi_atm/build/atm_logging/prefix_override:/usr/lib/python3/dist-packages/colcon_core/task/python/colcon_distutils_commands:/home/gonzalo/grodi_atm/install/atm_logging/lib/python3.12/site-packages:/home/gonzalo/grodi_atm/install/atm_interfaces/lib/python3.12/site-packages:/home/gonzalo/grodi_atm/build/atm_bringup:/home/gonzalo/grodi_atm/install/atm_bringup/lib/python3.12/site-packages:/home/gonzalo/grodi_atm/build/atm_slave:/home/gonzalo/grodi_atm/install/atm_slave/lib/python3.12/site-packages:/home/gonzalo/grodi_atm/build/atm_simulation:/home/gonzalo/grodi_atm/install/atm_simulation/lib/python3.12/site-packages:/home/gonzalo/grodi_atm/build/atm_master:/home/gonzalo/grodi_atm/install/atm_master/lib/python3.12/site-packages:/home/gonzalo/grodi_atm/build/atm_logging:/home/gonzalo/grodi_atm/install/atm_logging/lib/python3.12/site-packages:/home/gonzalo/grodi_atm/build/atm_link:/home/gonzalo/grodi_atm/install/atm_link/lib/python3.12/site-packages:/opt/ros/jazzy/lib/python3.12/site-packages /usr/bin/python3 -W ignore:setup.py install is deprecated -W ignore:easy_install command is deprecated setup.py develop --uninstall --editable --build-directory /home/gonzalo/grodi_atm/build/atm_logging/build
[4.395s] DEBUG:colcon.colcon_core.event_handler.log_command:Invoking command in '/home/gonzalo/grodi_atm/src/atm_logging': PYTHONPATH=/home/gonzalo/grodi_atm/build/atm_logging/prefix_override:/usr/lib/python3/dist-packages/colcon_core/task/python/colcon_distutils_commands:/home/gonzalo/grodi_atm/install/atm_logging/lib/python3.12/site-packages:/home/gonzalo/grodi_atm/install/atm_interfaces/lib/python3.12/site-packages:/home/gonzalo/grodi_atm/build/atm_bringup:/home/gonzalo/grodi_atm/install/atm_bringup/lib/python3.12/site-packages:/home/gonzalo/grodi_atm/build/atm_slave:/home/gonzalo/grodi_atm/install/atm_slave/lib/python3.12/site-packages:/home/gonzalo/grodi_atm/build/atm_simulation:/home/gonzalo/grodi_atm/install/atm_simulation/lib/python3.12/site-packages:/home/gonzalo/grodi_atm/build/atm_master:/home/gonzalo/grodi_atm/install/atm_master/lib/python3.12/site-packages:/home/gonzalo/grodi_atm/build/atm_logging:/home/gonzalo/grodi_atm/install/atm_logging/lib/python3.12/site-packages:/home/gonzalo/grodi_atm/build/atm_link:/home/gonzalo/grodi_atm/install/atm_link/lib/python3.12/site-packages:/opt/ros/jazzy/lib/python3.12/site-packages /usr/bin/python3 -W ignore:setup.py install is deprecated -W ignore:easy_install command is deprecated setup.py egg_info --egg-base ../../build/atm_logging build --build-base /home/gonzalo/grodi_atm/build/atm_logging/build install --record /home/gonzalo/grodi_atm/build/atm_logging/install.log --single-version-externally-managed install_data --force
[4.880s] Level 1:colcon.colcon_core.environment:checking '/home/gonzalo/grodi_atm/install/atm_link' for CMake module files
[4.880s] DEBUG:colcon.colcon_core.event_handler.log_command:Invoked command in '/home/gonzalo/grodi_atm/src/atm_link' returned '0': PYTHONPATH=/home/gonzalo/grodi_atm/build/atm_link/prefix_override:/usr/lib/python3/dist-packages/colcon_core/task/python/colcon_distutils_commands:/home/gonzalo/grodi_atm/install/atm_link/lib/python3.12/site-packages:/home/gonzalo/grodi_atm/install/atm_interfaces/lib/python3.12/site-packages:/home/gonzalo/grodi_atm/build/atm_bringup:/home/gonzalo/grodi_atm/install/atm_bringup/lib/python3.12/site-packages:/home/gonzalo/grodi_atm/build/atm_slave:/home/gonzalo/grodi_atm/install/atm_slave/lib/python3.12/site-packages:/home/gonzalo/grodi_atm/build/atm_simulation:/home/gonzalo/grodi_atm/install/atm_simulation/lib/python3.12/site-packages:/home/gonzalo/grodi_atm/build/atm_master:/home/gonzalo/grodi_atm/install/atm_master/lib/python3.12/site-packages:/home/gonzalo/grodi_atm/build/atm_logging:/home/gonzalo/grodi_atm/install/atm_logging/lib/python3.12/site-packages:/home/gonzalo/grodi_atm/build/atm_link:/home/gonzalo/grodi_atm/install/atm_link/lib/python3.12/site-packages:/opt/ros/jazzy/lib/python3.12/site-packages /usr/bin/python3 -W ignore:setup.py install is deprecated -W ignore:easy_install command is deprecated setup.py egg_info --egg-base ../../build/atm_link build --build-base /home/gonzalo/grodi_atm/build/atm_link/build install --record /home/gonzalo/grodi_atm/build/atm_link/install.log --single-version-externally-managed install_data --force
[4.881s] Level 1:colcon.colcon_core.environment:checking '/home/gonzalo/grodi_atm/install/atm_link' for CMake config files
[4.883s] Level 1:colcon.colcon_core.environment:checking '/home/gonzalo/grodi_atm/install/atm_link/lib'
[4.883s] Level 1:colcon.colcon_core.environment:checking '/home/gonzalo/grodi_atm/install/atm_link/bin'
[4.883s] Level 1:colcon.colcon_core.environment:checking '/home/gonzalo/grodi_atm/install/atm_link/lib/pkgconfig/atm_link.pc'
[4.883s] Level 1:colcon.colcon_core.environment:checking '/home/gonzalo/grodi_atm/install/atm_link/lib/python3.12/site-packages'
[4.884s] Level 1:colcon.colcon_core.shell:create_environment_hook('atm_link', 'pythonpath')
[4.884s] INFO:colcon.colcon_core.shell:Creating environment descriptor '/home/gonzalo/grodi_atm/install/atm_link/share/atm_link/hook/pythonpath.dsv'
[4.884s] INFO:colcon.colcon_core.shell:Creating environment hook '/home/gonzalo/grodi_atm/install/atm_link/share/atm_link/hook/pythonpath.sh'
[4.885s] Level 1:colcon.colcon_core.environment:checking '/home/gonzalo/grodi_atm/install/atm_link/bin'
[4.885s] Level 1:colcon.colcon_core.environment:create_environment_scripts_only(atm_link)
[4.885s] INFO:colcon.colcon_core.shell:Creating package descriptor '/home/gonzalo/grodi_atm/install/atm_link/share/atm_link/package.dsv'
[4.885s] INFO:colcon.colcon_core.shell:Creating package script '/home/gonzalo/grodi_atm/install/atm_link/share/atm_link/package.sh'
[4.886s] INFO:colcon.colcon_core.shell:Creating package script '/home/gonzalo/grodi_atm/install/atm_link/share/atm_link/package.bash'
[4.886s] INFO:colcon.colcon_core.shell:Creating package script '/home/gonzalo/grodi_atm/install/atm_link/share/atm_link/package.zsh'
[4.886s] Level 1:colcon.colcon_core.environment:create_file_with_runtime_dependencies(/home/gonzalo/grodi_atm/install/atm_link/share/colcon-core/packages/atm_link)
[4.887s] INFO:colcon.colcon_ros.task.ament_python.build:Building ROS package in '/home/gonzalo/grodi_atm/src/atm_master' with build type 'ament_python'
[4.887s] Level 1:colcon.colcon_core.shell:create_environment_hook('atm_master', 'ament_prefix_path')
[4.887s] INFO:colcon.colcon_core.shell:Creating environment descriptor '/home/gonzalo/grodi_atm/install/atm_master/share/atm_master/hook/ament_prefix_path.dsv'
[4.888s] INFO:colcon.colcon_core.shell:Creating environment hook '/home/gonzalo/grodi_atm/install/atm_master/share/atm_master/hook/ament_prefix_path.sh'
[4.889s] DEBUG:colcon.colcon_core.shell:Skip shell extension 'dsv' for command environment
[4.892s] INFO:colcon.colcon_ros.task.ament_python.build:Building ROS package in '/home/gonzalo/grodi_atm/src/atm_slave' with build type 'ament_python'
[4.892s] Level 1:colcon.colcon_core.shell:create_environment_hook('atm_slave', 'ament_prefix_path')
[4.892s] INFO:colcon.colcon_core.shell:Creating environment descriptor '/home/gonzalo/grodi_atm/install/atm_slave/share/atm_slave/hook/ament_prefix_path.dsv'
[4.892s] INFO:colcon.colcon_core.shell:Creating environment hook '/home/gonzalo/grodi_atm/install/atm_slave/share/atm_slave/hook/ament_prefix_path.sh'
[4.893s] DEBUG:colcon.colcon_core.shell:Skip shell extension 'dsv' for command environment
[4.973s] Level 1:colcon.colcon_core.environment:checking '/home/gonzalo/grodi_atm/install/atm_logging' for CMake module files
[4.974s] DEBUG:colcon.colcon_core.event_handler.log_command:Invoked command in '/home/gonzalo/grodi_atm/src/atm_logging' returned '0': PYTHONPATH=/home/gonzalo/grodi_atm/build/atm_logging/prefix_override:/usr/lib/python3/dist-packages/colcon_core/task/python/colcon_distutils_commands:/home/gonzalo/grodi_atm/install/atm_logging/lib/python3.12/site-packages:/home/gonzalo/grodi_atm/install/atm_interfaces/lib/python3.12/site-packages:/home/gonzalo/grodi_atm/build/atm_bringup:/home/gonzalo/grodi_atm/install/atm_bringup/lib/python3.12/site-packages:/home/gonzalo/grodi_atm/build/atm_slave:/home/gonzalo/grodi_atm/install/atm_slave/lib/python3.12/site-packages:/home/gonzalo/grodi_atm/build/atm_simulation:/home/gonzalo/grodi_atm/install/atm_simulation/lib/python3.12/site-packages:/home/gonzalo/grodi_atm/build/atm_master:/home/gonzalo/grodi_atm/install/atm_master/lib/python3.12/site-packages:/home/gonzalo/grodi_atm/build/atm_logging:/home/gonzalo/grodi_atm/install/atm_logging/lib/python3.12/site-packages:/home/gonzalo/grodi_atm/build/atm_link:/home/gonzalo/grodi_atm/install/atm_link/lib/python3.12/site-packages:/opt/ros/jazzy/lib/python3.12/site-packages /usr/bin/python3 -W ignore:setup.py install is deprecated -W ignore:easy_install command is deprecated setup.py egg_info --egg-base ../../build/atm_logging build --build-base /home/gonzalo/grodi_atm/build/atm_logging/build install --record /home/gonzalo/grodi_atm/build/atm_logging/install.log --single-version-externally-managed install_data --force
[4.974s] Level 1:colcon.colcon_core.environment:checking '/home/gonzalo/grodi_atm/install/atm_logging' for CMake config files
[4.976s] Level 1:colcon.colcon_core.environment:checking '/home/gonzalo/grodi_atm/install/atm_logging/lib'
[4.976s] Level 1:colcon.colcon_core.environment:checking '/home/gonzalo/grodi_atm/install/atm_logging/bin'
[4.976s] Level 1:colcon.colcon_core.environment:checking '/home/gonzalo/grodi_atm/install/atm_logging/lib/pkgconfig/atm_logging.pc'
[4.976s] Level 1:colcon.colcon_core.environment:checking '/home/gonzalo/grodi_atm/install/atm_logging/lib/python3.12/site-packages'
[4.976s] Level 1:colcon.colcon_core.shell:create_environment_hook('atm_logging', 'pythonpath')
[4.977s] INFO:colcon.colcon_core.shell:Creating environment descriptor '/home/gonzalo/grodi_atm/install/atm_logging/share/atm_logging/hook/pythonpath.dsv'
[4.977s] INFO:colcon.colcon_core.shell:Creating environment hook '/home/gonzalo/grodi_atm/install/atm_logging/share/atm_logging/hook/pythonpath.sh'
[4.978s] Level 1:colcon.colcon_core.environment:checking '/home/gonzalo/grodi_atm/install/atm_logging/bin'
[4.978s] Level 1:colcon.colcon_core.environment:create_environment_scripts_only(atm_logging)
[4.978s] INFO:colcon.colcon_core.shell:Creating package descriptor '/home/gonzalo/grodi_atm/install/atm_logging/share/atm_logging/package.dsv'
[4.978s] INFO:colcon.colcon_core.shell:Creating package script '/home/gonzalo/grodi_atm/install/atm_logging/share/atm_logging/package.sh'
[4.979s] INFO:colcon.colcon_core.shell:Creating package script '/home/gonzalo/grodi_atm/install/atm_logging/share/atm_logging/package.bash'
[4.979s] INFO:colcon.colcon_core.shell:Creating package script '/home/gonzalo/grodi_atm/install/atm_logging/share/atm_logging/package.zsh'
[4.979s] Level 1:colcon.colcon_core.environment:create_file_with_runtime_dependencies(/home/gonzalo/grodi_atm/install/atm_logging/share/colcon-core/packages/atm_logging)
[5.218s] INFO:colcon.colcon_core.task.python.build:Building Python package in '/home/gonzalo/grodi_atm/src/atm_slave'
[5.218s] DEBUG:colcon.colcon_core.shell:Skip shell extension 'dsv' for command environment
[5.430s] INFO:colcon.colcon_core.task.python.build:Building Python package in '/home/gonzalo/grodi_atm/src/atm_master'
[5.430s] DEBUG:colcon.colcon_core.shell:Skip shell extension 'dsv' for command environment
[5.990s] DEBUG:colcon.colcon_core.event_handler.log_command:Invoking command in '/home/gonzalo/grodi_atm/build/atm_slave': AMENT_PREFIX_PATH=/home/gonzalo/grodi_atm/install/atm_link:/home/gonzalo/grodi_atm/install/atm_bringup:/home/gonzalo/grodi_atm/install/atm_slave:/home/gonzalo/grodi_atm/install/atm_simulation:/home/gonzalo/grodi_atm/install/atm_master:/home/gonzalo/grodi_atm/install/atm_logging:/home/gonzalo/grodi_atm/install/atm_interfaces:/opt/ros/jazzy PYTHONPATH=/home/gonzalo/grodi_atm/build/atm_slave/prefix_override:/usr/lib/python3/dist-packages/colcon_core/task/python/colcon_distutils_commands:/home/gonzalo/grodi_atm/install/atm_slave/lib/python3.12/site-packages:/home/gonzalo/grodi_atm/install/atm_link/lib/python3.12/site-packages:/home/gonzalo/grodi_atm/install/atm_interfaces/lib/python3.12/site-packages:/home/gonzalo/grodi_atm/build/atm_bringup:/home/gonzalo/grodi_atm/install/atm_bringup/lib/python3.12/site-packages:/home/gonzalo/grodi_atm/build/atm_slave:/home/gonzalo/grodi_atm/install/atm_slave/lib/python3.12/site-packages:/home/gonzalo/grodi_atm/build/atm_simulation:/home/gonzalo/grodi_atm/install/atm_simulation/lib/python3.12/site-packages:/home/gonzalo/grodi_atm/build/atm_master:/home/gonzalo/grodi_atm/install/atm_master/lib/python3.12/site-packages:/home/gonzalo/grodi_atm/build/atm_logging:/home/gonzalo/grodi_atm/install/atm_logging/lib/python3.12/site-packages:/home/gonzalo/grodi_atm/build/atm_link:/opt/ros/jazzy/lib/python3.12/site-packages /usr/bin/python3 -W ignore:setup.py install is deprecated -W ignore:easy_install command is deprecated setup.py develop --uninstall --editable --build-directory /home/gonzalo/grodi_atm/build/atm_slave/build
[6.168s] DEBUG:colcon.colcon_core.event_handler.log_command:Invoking command in '/home/gonzalo/grodi_atm/build/atm_master': AMENT_PREFIX_PATH=/home/gonzalo/grodi_atm/install/atm_link:/home/gonzalo/grodi_atm/install/atm_bringup:/home/gonzalo/grodi_atm/install/atm_slave:/home/gonzalo/grodi_atm/install/atm_simulation:/home/gonzalo/grodi_atm/install/atm_master:/home/gonzalo/grodi_atm/install/atm_logging:/home/gonzalo/grodi_atm/install/atm_interfaces:/opt/ros/jazzy PYTHONPATH=/home/gonzalo/grodi_atm/build/atm_master/prefix_override:/usr/lib/python3/dist-packages/colcon_core/task/python/colcon_distutils_commands:/home/gonzalo/grodi_atm/install/atm_master/lib/python3.12/site-packages:/home/gonzalo/grodi_atm/install/atm_link/lib/python3.12/site-packages:/home/gonzalo/grodi_atm/install/atm_interfaces/lib/python3.12/site-packages:/home/gonzalo/grodi_atm/build/atm_bringup:/home/gonzalo/grodi_atm/install/atm_bringup/lib/python3.12/site-packages:/home/gonzalo/grodi_atm/build/atm_slave:/home/gonzalo/grodi_atm/install/atm_slave/lib/python3.12/site-packages:/home/gonzalo/grodi_atm/build/atm_simulation:/home/gonzalo/grodi_atm/install/atm_simulation/lib/python3.12/site-packages:/home/gonzalo/grodi_atm/build/atm_master:/home/gonzalo/grodi_atm/install/atm_master/lib/python3.12/site-packages:/home/gonzalo/grodi_atm/build/atm_logging:/home/gonzalo/grodi_atm/install/atm_logging/lib/python3.12/site-packages:/home/gonzalo/grodi_atm/build/atm_link:/opt/ros/jazzy/lib/python3.12/site-packages /usr/bin/python3 -W ignore:setup.py install is deprecated -W ignore:easy_install command is deprecated setup.py develop --uninstall --editable --build-directory /home/gonzalo/grodi_atm/build/atm_master/build
[6.513s] DEBUG:colcon.colcon_core.event_handler.log_command:Invoked command in '/home/gonzalo/grodi_atm/build/atm_slave' returned '0': AMENT_PREFIX_PATH=/home/gonzalo/grodi_atm/install/atm_link:/home/gonzalo/grodi_atm/install/atm_bringup:/home/gonzalo/grodi_atm/install/atm_slave:/home/gonzalo/grodi_atm/install/atm_simulation:/home/gonzalo/grodi_atm/install/atm_master:/home/gonzalo/grodi_atm/install/atm_logging:/home/gonzalo/grodi_atm/install/atm_interfaces:/opt/ros/jazzy PYTHONPATH=/home/gonzalo/grodi_atm/build/atm_slave/prefix_override:/usr/lib/python3/dist-packages/colcon_core/task/python/colcon_distutils_commands:/home/gonzalo/grodi_atm/install/atm_slave/lib/python3.12/site-packages:/home/gonzalo/grodi_atm/install/atm_link/lib/python3.12/site-packages:/home/gonzalo/grodi_atm/install/atm_interfaces/lib/python3.12/site-packages:/home/gonzalo/grodi_atm/build/atm_bringup:/home/gonzalo/grodi_atm/install/atm_bringup/lib/python3.12/site-packages:/home/gonzalo/grodi_atm/build/atm_slave:/home/gonzalo/grodi_atm/install/atm_slave/lib/python3.12/site-packages:/home/gonzalo/grodi_atm/build/atm_simulation:/home/gonzalo/grodi_atm/install/atm_simulation/lib/python3.12/site-packages:/home/gonzalo/grodi_atm/build/atm_master:/home/gonzalo/grodi_atm/install/atm_master/lib/python3.12/site-packages:/home/gonzalo/grodi_atm/build/atm_logging:/home/gonzalo/grodi_atm/install/atm_logging/lib/python3.12/site-packages:/home/gonzalo/grodi_atm/build/atm_link:/opt/ros/jazzy/lib/python3.12/site-packages /usr/bin/python3 -W ignore:setup.py install is deprecated -W ignore:easy_install command is deprecated setup.py develop --uninstall --editable --build-directory /home/gonzalo/grodi_atm/build/atm_slave/build
[6.514s] DEBUG:colcon.colcon_core.event_handler.log_command:Invoking command in '/home/gonzalo/grodi_atm/src/atm_slave': AMENT_PREFIX_PATH=/home/gonzalo/grodi_atm/install/atm_link:/home/gonzalo/grodi_atm/install/atm_bringup:/home/gonzalo/grodi_atm/install/atm_slave:/home/gonzalo/grodi_atm/install/atm_simulation:/home/gonzalo/grodi_atm/install/atm_master:/home/gonzalo/grodi_atm/install/atm_logging:/home/gonzalo/grodi_atm/install/atm_interfaces:/opt/ros/jazzy PYTHONPATH=/home/gonzalo/grodi_atm/build/atm_slave/prefix_override:/usr/lib/python3/dist-packages/colcon_core/task/python/colcon_distutils_commands:/home/gonzalo/grodi_atm/install/atm_slave/lib/python3.12/site-packages:/home/gonzalo/grodi_atm/install/atm_link/lib/python3.12/site-packages:/home/gonzalo/grodi_atm/install/atm_interfaces/lib/python3.12/site-packages:/home/gonzalo/grodi_atm/build/atm_bringup:/home/gonzalo/grodi_atm/install/atm_bringup/lib/python3.12/site-packages:/home/gonzalo/grodi_atm/build/atm_slave:/home/gonzalo/grodi_atm/install/atm_slave/lib/python3.12/site-packages:/home/gonzalo/grodi_atm/build/atm_simulation:/home/gonzalo/grodi_atm/install/atm_simulation/lib/python3.12/site-packages:/home/gonzalo/grodi_atm/build/atm_master:/home/gonzalo/grodi_atm/install/atm_master/lib/python3.12/site-packages:/home/gonzalo/grodi_atm/build/atm_logging:/home/gonzalo/grodi_atm/install/atm_logging/lib/python3.12/site-packages:/home/gonzalo/grodi_atm/build/atm_link:/opt/ros/jazzy/lib/python3.12/site-packages /usr/bin/python3 -W ignore:setup.py install is deprecated -W ignore:easy_install command is deprecated setup.py egg_info --egg-base ../../build/atm_slave build --build-base /home/gonzalo/grodi_atm/build/atm_slave/build install --record /home/gonzalo/grodi_atm/build/atm_slave/install.log --single-version-externally-managed install_data --force
[6.693s] DEBUG:colcon.colcon_core.event_handler.log_command:Invoked command in '/home/gonzalo/grodi_atm/build/atm_master' returned '0': AMENT_PREFIX_PATH=/home/gonzalo/grodi_atm/install/atm_link:/home/gonzalo/grodi_atm/install/atm_bringup:/home/gonzalo/grodi_atm/install/atm_slave:/home/gonzalo/grodi_atm/install/atm_simulation:/home/gonzalo/grodi_atm/install/atm_master:/home/gonzalo/grodi_atm/install/atm_logging:/home/gonzalo/grodi_atm/install/atm_interfaces:/opt/ros/jazzy PYTHONPATH=/home/gonzalo/grodi_atm/build/atm_master/prefix_override:/usr/lib/python3/dist-packages/colcon_core/task/python/colcon_distutils_commands:/home/gonzalo/grodi_atm/install/atm_master/lib/python3.12/site-packages:/home/gonzalo/grodi_atm/install/atm_link/lib/python3.12/site-packages:/home/gonzalo/grodi_atm/install/atm_interfaces/lib/python3.12/site-packages:/home/gonzalo/grodi_atm/build/atm_bringup:/home/gonzalo/grodi_atm/install/atm_bringup/lib/python3.12/site-packages:/home/gonzalo/grodi_atm/build/atm_slave:/home/gonzalo/grodi_atm/install/atm_slave/lib/python3.12/site-packages:/home/gonzalo/grodi_atm/build/atm_simulation:/home/gonzalo/grodi_atm/install/atm_simulation/lib/python3.12/site-packages:/home/gonzalo/grodi_atm/build/atm_master:/home/gonzalo/grodi_atm/install/atm_master/lib/python3.12/site-packages:/home/gonzalo/grodi_atm/build/atm_logging:/home/gonzalo/grodi_atm/install/atm_logging/lib/python3.12/site-packages:/home/gonzalo/grodi_atm/build/atm_link:/opt/ros/jazzy/lib/python3.12/site-packages /usr/bin/python3 -W ignore:setup.py install is deprecated -W ignore:easy_install command is deprecated setup.py develop --uninstall --editable --build-directory /home/gonzalo/grodi_atm/build/atm_master/build
[6.694s] DEBUG:colcon.colcon_core.event_handler.log_command:Invoking command in '/home/gonzalo/grodi_atm/src/atm_master': AMENT_PREFIX_PATH=/home/gonzalo/grodi_atm/install/atm_link:/home/gonzalo/grodi_atm/install/atm_bringup:/home/gonzalo/grodi_atm/install/atm_slave:/home/gonzalo/grodi_atm/install/atm_simulation:/home/gonzalo/grodi_atm/install/atm_master:/home/gonzalo/grodi_atm/install/atm_logging:/home/gonzalo/grodi_atm/install/atm_interfaces:/opt/ros/jazzy PYTHONPATH=/home/gonzalo/grodi_atm/build/atm_master/prefix_override:/usr/lib/python3/dist-packages/colcon_core/task/python/colcon_distutils_commands:/home/gonzalo/grodi_atm/install/atm_master/lib/python3.12/site-packages:/home/gonzalo/grodi_atm/install/atm_link/lib/python3.12/site-packages:/home/gonzalo/grodi_atm/install/atm_interfaces/lib/python3.12/site-packages:/home/gonzalo/grodi_atm/build/atm_bringup:/home/gonzalo/grodi_atm/install/atm_bringup/lib/python3.12/site-packages:/home/gonzalo/grodi_atm/build/atm_slave:/home/gonzalo/grodi_atm/install/atm_slave/lib/python3.12/site-packages:/home/gonzalo/grodi_atm/build/atm_simulation:/home/gonzalo/grodi_atm/install/atm_simulation/lib/python3.12/site-packages:/home/gonzalo/grodi_atm/build/atm_master:/home/gonzalo/grodi_atm/install/atm_master/lib/python3.12/site-packages:/home/gonzalo/grodi_atm/build/atm_logging:/home/gonzalo/grodi_atm/install/atm_logging/lib/python3.12/site-packages:/home/gonzalo/grodi_atm/build/atm_link:/opt/ros/jazzy/lib/python3.12/site-packages /usr/bin/python3 -W ignore:setup.py install is deprecated -W ignore:easy_install command is deprecated setup.py egg_info --egg-base ../../build/atm_master build --build-base /home/gonzalo/grodi_atm/build/atm_master/build install --record /home/gonzalo/grodi_atm/build/atm_master/install.log --single-version-externally-managed install_data --force
[7.057s] Level 1:colcon.colcon_core.environment:checking '/home/gonzalo/grodi_atm/install/atm_slave' for CMake module files
[7.058s] DEBUG:colcon.colcon_core.event_handler.log_command:Invoked command in '/home/gonzalo/grodi_atm/src/atm_slave' returned '0': AMENT_PREFIX_PATH=/home/gonzalo/grodi_atm/install/atm_link:/home/gonzalo/grodi_atm/install/atm_bringup:/home/gonzalo/grodi_atm/install/atm_slave:/home/gonzalo/grodi_atm/install/atm_simulation:/home/gonzalo/grodi_atm/install/atm_master:/home/gonzalo/grodi_atm/install/atm_logging:/home/gonzalo/grodi_atm/install/atm_interfaces:/opt/ros/jazzy PYTHONPATH=/home/gonzalo/grodi_atm/build/atm_slave/prefix_override:/usr/lib/python3/dist-packages/colcon_core/task/python/colcon_distutils_commands:/home/gonzalo/grodi_atm/install/atm_slave/lib/python3.12/site-packages:/home/gonzalo/grodi_atm/install/atm_link/lib/python3.12/site-packages:/home/gonzalo/grodi_atm/install/atm_interfaces/lib/python3.12/site-packages:/home/gonzalo/grodi_atm/build/atm_bringup:/home/gonzalo/grodi_atm/install/atm_bringup/lib/python3.12/site-packages:/home/gonzalo/grodi_atm/build/atm_slave:/home/gonzalo/grodi_atm/install/atm_slave/lib/python3.12/site-packages:/home/gonzalo/grodi_atm/build/atm_simulation:/home/gonzalo/grodi_atm/install/atm_simulation/lib/python3.12/site-packages:/home/gonzalo/grodi_atm/build/atm_master:/home/gonzalo/grodi_atm/install/atm_master/lib/python3.12/site-packages:/home/gonzalo/grodi_atm/build/atm_logging:/home/gonzalo/grodi_atm/install/atm_logging/lib/python3.12/site-packages:/home/gonzalo/grodi_atm/build/atm_link:/opt/ros/jazzy/lib/python3.12/site-packages /usr/bin/python3 -W ignore:setup.py install is deprecated -W ignore:easy_install command is deprecated setup.py egg_info --egg-base ../../build/atm_slave build --build-base /home/gonzalo/grodi_atm/build/atm_slave/build install --record /home/gonzalo/grodi_atm/build/atm_slave/install.log --single-version-externally-managed install_data --force
[7.061s] Level 1:colcon.colcon_core.environment:checking '/home/gonzalo/grodi_atm/install/atm_slave' for CMake config files
[7.063s] Level 1:colcon.colcon_core.environment:checking '/home/gonzalo/grodi_atm/install/atm_slave/lib'
[7.064s] Level 1:colcon.colcon_core.environment:checking '/home/gonzalo/grodi_atm/install/atm_slave/bin'
[7.064s] Level 1:colcon.colcon_core.environment:checking '/home/gonzalo/grodi_atm/install/atm_slave/lib/pkgconfig/atm_slave.pc'
[7.064s] Level 1:colcon.colcon_core.environment:checking '/home/gonzalo/grodi_atm/install/atm_slave/lib/python3.12/site-packages'
[7.064s] Level 1:colcon.colcon_core.shell:create_environment_hook('atm_slave', 'pythonpath')
[7.064s] INFO:colcon.colcon_core.shell:Creating environment descriptor '/home/gonzalo/grodi_atm/install/atm_slave/share/atm_slave/hook/pythonpath.dsv'
[7.064s] INFO:colcon.colcon_core.shell:Creating environment hook '/home/gonzalo/grodi_atm/install/atm_slave/share/atm_slave/hook/pythonpath.sh'
[7.065s] Level 1:colcon.colcon_core.environment:checking '/home/gonzalo/grodi_atm/install/atm_slave/bin'
[7.065s] Level 1:colcon.colcon_core.environment:create_environment_scripts_only(atm_slave)
[7.065s] INFO:colcon.colcon_core.shell:Creating package descriptor '/home/gonzalo/grodi_atm/install/atm_slave/share/atm_slave/package.dsv'
[7.066s] INFO:colcon.colcon_core.shell:Creating package script '/home/gonzalo/grodi_atm/install/atm_slave/share/atm_slave/package.sh'
[7.066s] INFO:colcon.colcon_core.shell:Creating package script '/home/gonzalo/grodi_atm/install/atm_slave/share/atm_slave/package.bash'
[7.066s] INFO:colcon.colcon_core.shell:Creating package script '/home/gonzalo/grodi_atm/install/atm_slave/share/atm_slave/package.zsh'
[7.066s] Level 1:colcon.colcon_core.environment:create_file_with_runtime_dependencies(/home/gonzalo/grodi_atm/install/atm_slave/share/colcon-core/packages/atm_slave)
[7.231s] Level 1:colcon.colcon_core.environment:checking '/home/gonzalo/grodi_atm/install/atm_master' for CMake module files
[7.232s] DEBUG:colcon.colcon_core.event_handler.log_command:Invoked command in '/home/gonzalo/grodi_atm/src/atm_master' returned '0': AMENT_PREFIX_PATH=/home/gonzalo/grodi_atm/install/atm_link:/home/gonzalo/grodi_atm/install/atm_bringup:/home/gonzalo/grodi_atm/install/atm_slave:/home/gonzalo/grodi_atm/install/atm_simulation:/home/gonzalo/grodi_atm/install/atm_master:/home/gonzalo/grodi_atm/install/atm_logging:/home/gonzalo/grodi_atm/install/atm_interfaces:/opt/ros/jazzy PYTHONPATH=/home/gonzalo/grodi_atm/build/atm_master/prefix_override:/usr/lib/python3/dist-packages/colcon_core/task/python/colcon_distutils_commands:/home/gonzalo/grodi_atm/install/atm_master/lib/python3.12/site-packages:/home/gonzalo/grodi_atm/install/atm_link/lib/python3.12/site-packages:/home/gonzalo/grodi_atm/install/atm_interfaces/lib/python3.12/site-packages:/home/gonzalo/grodi_atm/build/atm_bringup:/home/gonzalo/grodi_atm/install/atm_bringup/lib/python3.12/site-packages:/home/gonzalo/grodi_atm/build/atm_slave:/home/gonzalo/grodi_atm/install/atm_slave/lib/python3.12/site-packages:/home/gonzalo/grodi_atm/build/atm_simulation:/home/gonzalo/grodi_atm/install/atm_simulation/lib/python3.12/site-packages:/home/gonzalo/grodi_atm/build/atm_master:/home/gonzalo/grodi_atm/install/atm_master/lib/python3.12/site-packages:/home/gonzalo/grodi_atm/build/atm_logging:/home/gonzalo/grodi_atm/install/atm_logging/lib/python3.12/site-packages:/home/gonzalo/grodi_atm/build/atm_link:/opt/ros/jazzy/lib/python3.12/site-packages /usr/bin/python3 -W ignore:setup.py install is deprecated -W ignore:easy_install command is deprecated setup.py egg_info --egg-base ../../build/atm_master build --build-base /home/gonzalo/grodi_atm/build/atm_master/build install --record /home/gonzalo/grodi_atm/build/atm_master/install.log --single-version-externally-managed install_data --force
[7.232s] Level 1:colcon.colcon_core.environment:checking '/home/gonzalo/grodi_atm/install/atm_master' for CMake config files
[7.235s] Level 1:colcon.colcon_core.environment:checking '/home/gonzalo/grodi_atm/install/atm_master/lib'
[7.235s] Level 1:colcon.colcon_core.environment:checking '/home/gonzalo/grodi_atm/install/atm_master/bin'
[7.235s] Level 1:colcon.colcon_core.environment:checking '/home/gonzalo/grodi_atm/install/atm_master/lib/pkgconfig/atm_master.pc'
[7.235s] Level 1:colcon.colcon_core.environment:checking '/home/gonzalo/grodi_atm/install/atm_master/lib/python3.12/site-packages'
[7.235s] Level 1:colcon.colcon_core.shell:create_environment_hook('atm_master', 'pythonpath')
[7.235s] INFO:colcon.colcon_core.shell:Creating environment descriptor '/home/gonzalo/grodi_atm/install/atm_master/share/atm_master/hook/pythonpath.dsv'
[7.235s] INFO:colcon.colcon_core.shell:Creating environment hook '/home/gonzalo/grodi_atm/install/atm_master/share/atm_master/hook/pythonpath.sh'
[7.236s] Level 1:colcon.colcon_core.environment:checking '/home/gonzalo/grodi_atm/install/atm_master/bin'
[7.236s] Level 1:colcon.colcon_core.environment:create_environment_scripts_only(atm_master)
[7.236s] INFO:colcon.colcon_core.shell:Creating package descriptor '/home/gonzalo/grodi_atm/install/atm_master/share/atm_master/package.dsv'
[7.237s] INFO:colcon.colcon_core.shell:Creating package script '/home/gonzalo/grodi_atm/install/atm_master/share/atm_master/package.sh'
[7.237s] INFO:colcon.colcon_core.shell:Creating package script '/home/gonzalo/grodi_atm/install/atm_master/share/atm_master/package.bash'
[7.238s] INFO:colcon.colcon_core.shell:Creating package script '/home/gonzalo/grodi_atm/install/atm_master/share/atm_master/package.zsh'
[7.238s] Level 1:colcon.colcon_core.environment:create_file_with_runtime_dependencies(/home/gonzalo/grodi_atm/install/atm_master/share/colcon-core/packages/atm_master)
[7.238s] INFO:colcon.colcon_ros.task.ament_python.build:Building ROS package in '/home/gonzalo/grodi_atm/src/atm_bringup' with build type 'ament_python'
[7.239s] Level 1:colcon.colcon_core.shell:create_environment_hook('atm_bringup', 'ament_prefix_path')
[7.239s] INFO:colcon.colcon_core.shell:Creating environment descriptor '/home/gonzalo/grodi_atm/install/atm_bringup/share/atm_bringup/hook/ament_prefix_path.dsv'
[7.240s] INFO:colcon.colcon_core.shell:Creating environment hook '/home/gonzalo/grodi_atm/install/atm_bringup/share/atm_bringup/hook/ament_prefix_path.sh'
[7.241s] DEBUG:colcon.colcon_core.shell:Skip shell extension 'dsv' for command environment
[7.724s] INFO:colcon.colcon_core.task.python.build:Building Python package in '/home/gonzalo/grodi_atm/src/atm_bringup'
[7.724s] DEBUG:colcon.colcon_core.shell:Skip shell extension 'dsv' for command environment
[8.514s] DEBUG:colcon.colcon_core.event_handler.log_command:Invoking command in '/home/gonzalo/grodi_atm/build/atm_bringup': AMENT_PREFIX_PATH=/home/gonzalo/grodi_atm/install/atm_slave:/home/gonzalo/grodi_atm/install/atm_master:/home/gonzalo/grodi_atm/install/atm_link:/home/gonzalo/grodi_atm/install/atm_bringup:/home/gonzalo/grodi_atm/install/atm_simulation:/home/gonzalo/grodi_atm/install/atm_logging:/home/gonzalo/grodi_atm/install/atm_interfaces:/opt/ros/jazzy PYTHONPATH=/home/gonzalo/grodi_atm/build/atm_bringup/prefix_override:/usr/lib/python3/dist-packages/colcon_core/task/python/colcon_distutils_commands:/home/gonzalo/grodi_atm/install/atm_bringup/lib/python3.12/site-packages:/home/gonzalo/grodi_atm/install/atm_slave/lib/python3.12/site-packages:/home/gonzalo/grodi_atm/install/atm_master/lib/python3.12/site-packages:/home/gonzalo/grodi_atm/install/atm_link/lib/python3.12/site-packages:/home/gonzalo/grodi_atm/install/atm_interfaces/lib/python3.12/site-packages:/home/gonzalo/grodi_atm/build/atm_bringup:/home/gonzalo/grodi_atm/install/atm_bringup/lib/python3.12/site-packages:/home/gonzalo/grodi_atm/build/atm_slave:/home/gonzalo/grodi_atm/build/atm_simulation:/home/gonzalo/grodi_atm/install/atm_simulation/lib/python3.12/site-packages:/home/gonzalo/grodi_atm/build/atm_master:/home/gonzalo/grodi_atm/build/atm_logging:/home/gonzalo/grodi_atm/install/atm_logging/lib/python3.12/site-packages:/home/gonzalo/grodi_atm/build/atm_link:/opt/ros/jazzy/lib/python3.12/site-packages /usr/bin/python3 -W ignore:setup.py install is deprecated -W ignore:easy_install command is deprecated setup.py develop --uninstall --editable --build-directory /home/gonzalo/grodi_atm/build/atm_bringup/build
[9.015s] DEBUG:colcon.colcon_core.event_handler.log_command:Invoked command in '/home/gonzalo/grodi_atm/build/atm_bringup' returned '0': AMENT_PREFIX_PATH=/home/gonzalo/grodi_atm/install/atm_slave:/home/gonzalo/grodi_atm/install/atm_master:/home/gonzalo/grodi_atm/install/atm_link:/home/gonzalo/grodi_atm/install/atm_bringup:/home/gonzalo/grodi_atm/install/atm_simulation:/home/gonzalo/grodi_atm/install/atm_logging:/home/gonzalo/grodi_atm/install/atm_interfaces:/opt/ros/jazzy PYTHONPATH=/home/gonzalo/grodi_atm/build/atm_bringup/prefix_override:/usr/lib/python3/dist-packages/colcon_core/task/python/colcon_distutils_commands:/home/gonzalo/grodi_atm/install/atm_bringup/lib/python3.12/site-packages:/home/gonzalo/grodi_atm/install/atm_slave/lib/python3.12/site-packages:/home/gonzalo/grodi_atm/install/atm_master/lib/python3.12/site-packages:/home/gonzalo/grodi_atm/install/atm_link/lib/python3.12/site-packages:/home/gonzalo/grodi_atm/install/atm_interfaces/lib/python3.12/site-packages:/home/gonzalo/grodi_atm/build/atm_bringup:/home/gonzalo/grodi_atm/install/atm_bringup/lib/python3.12/site-packages:/home/gonzalo/grodi_atm/build/atm_slave:/home/gonzalo/grodi_atm/build/atm_simulation:/home/gonzalo/grodi_atm/install/atm_simulation/lib/python3.12/site-packages:/home/gonzalo/grodi_atm/build/atm_master:/home/gonzalo/grodi_atm/build/atm_logging:/home/gonzalo/grodi_atm/install/atm_logging/lib/python3.12/site-packages:/home/gonzalo/grodi_atm/build/atm_link:/opt/ros/jazzy/lib/python3.12/site-packages /usr/bin/python3 -W ignore:setup.py install is deprecated -W ignore:easy_install command is deprecated setup.py develop --uninstall --editable --build-directory /home/gonzalo/grodi_atm/build/atm_bringup/build
[9.016s] DEBUG:colcon.colcon_core.event_handler.log_command:Invoking command in '/home/gonzalo/grodi_atm/src/atm_bringup': AMENT_PREFIX_PATH=/home/gonzalo/grodi_atm/install/atm_slave:/home/gonzalo/grodi_atm/install/atm_master:/home/gonzalo/grodi_atm/install/atm_link:/home/gonzalo/grodi_atm/install/atm_bringup:/home/gonzalo/grodi_atm/install/atm_simulation:/home/gonzalo/grodi_atm/install/atm_logging:/home/gonzalo/grodi_atm/install/atm_interfaces:/opt/ros/jazzy PYTHONPATH=/home/gonzalo/grodi_atm/build/atm_bringup/prefix_override:/usr/lib/python3/dist-packages/colcon_core/task/python/colcon_distutils_commands:/home/gonzalo/grodi_atm/install/atm_bringup/lib/python3.12/site-packages:/home/gonzalo/grodi_atm/install/atm_slave/lib/python3.12/site-packages:/home/gonzalo/grodi_atm/install/atm_master/lib/python3.12/site-packages:/home/gonzalo/grodi_atm/install/atm_link/lib/python3.12/site-packages:/home/gonzalo/grodi_atm/install/atm_interfaces/lib/python3.12/site-packages:/home/gonzalo/grodi_atm/build/atm_bringup:/home/gonzalo/grodi_atm/install/atm_bringup/lib/python3.12/site-packages:/home/gonzalo/grodi_atm/build/atm_slave:/home/gonzalo/grodi_atm/build/atm_simulation:/home/gonzalo/grodi_atm/install/atm_simulation/lib/python3.12/site-packages:/home/gonzalo/grodi_atm/build/atm_master:/home/gonzalo/grodi_atm/build/atm_logging:/home/gonzalo/grodi_atm/install/atm_logging/lib/python3.12/site-packages:/home/gonzalo/grodi_atm/build/atm_link:/opt/ros/jazzy/lib/python3.12/site-packages /usr/bin/python3 -W ignore:setup.py install is deprecated -W ignore:easy_install command is deprecated setup.py egg_info --egg-base ../../build/atm_bringup build --build-base /home/gonzalo/grodi_atm/build/atm_bringup/build install --record /home/gonzalo/grodi_atm/build/atm_bringup/install.log --single-version-externally-managed install_data --force
[9.529s] Level 1:colcon.colcon_core.environment:checking '/home/gonzalo/grodi_atm/install/atm_bringup' for CMake module files
[9.530s] Level 1:colcon.colcon_core.environment:checking '/home/gonzalo/grodi_atm/install/atm_bringup' for CMake config files
[9.531s] DEBUG:colcon.colcon_core.event_handler.log_command:Invoked command in '/home/gonzalo/grodi_atm/src/atm_bringup' returned '0': AMENT_PREFIX_PATH=/home/gonzalo/grodi_atm/install/atm_slave:/home/gonzalo/grodi_atm/install/atm_master:/home/gonzalo/grodi_atm/install/atm_link:/home/gonzalo/grodi_atm/install/atm_bringup:/home/gonzalo/grodi_atm/install/atm_simulation:/home/gonzalo/grodi_atm/install/atm_logging:/home/gonzalo/grodi_atm/install/atm_interfaces:/opt/ros/jazzy PYTHONPATH=/home/gonzalo/grodi_atm/build/atm_bringup/prefix_override:/usr/lib/python3/dist-packages/colcon_core/task/python/colcon_distutils_commands:/home/gonzalo/grodi_atm/install/atm_bringup/lib/python3.12/site-packages:/home/gonzalo/grodi_atm/install/atm_slave/lib/python3.12/site-packages:/home/gonzalo/grodi_atm/install/atm_master/lib/python3.12/site-packages:/home/gonzalo/grodi_atm/install/atm_link/lib/python3.12/site-packages:/home/gonzalo/grodi_atm/install/atm_interfaces/lib/python3.12/site-packages:/home/gonzalo/grodi_atm/build/atm_bringup:/home/gonzalo/grodi_atm/install/atm_bringup/lib/python3.12/site-packages:/home/gonzalo/grodi_atm/build/atm_slave:/home/gonzalo/grodi_atm/build/atm_simulation:/home/gonzalo/grodi_atm/install/atm_simulation/lib/python3.12/site-packages:/home/gonzalo/grodi_atm/build/atm_master:/home/gonzalo/grodi_atm/build/atm_logging:/home/gonzalo/grodi_atm/install/atm_logging/lib/python3.12/site-packages:/home/gonzalo/grodi_atm/build/atm_link:/opt/ros/jazzy/lib/python3.12/site-packages /usr/bin/python3 -W ignore:setup.py install is deprecated -W ignore:easy_install command is deprecated setup.py egg_info --egg-base ../../build/atm_bringup build --build-base /home/gonzalo/grodi_atm/build/atm_bringup/build install --record /home/gonzalo/grodi_atm/build/atm_bringup/install.log --single-version-externally-managed install_data --force
[9.534s] Level 1:colcon.colcon_core.environment:checking '/home/gonzalo/grodi_atm/install/atm_bringup/lib'
[9.534s] Level 1:colcon.colcon_core.environment:checking '/home/gonzalo/grodi_atm/install/atm_bringup/bin'
[9.534s] Level 1:colcon.colcon_core.environment:checking '/home/gonzalo/grodi_atm/install/atm_bringup/lib/pkgconfig/atm_bringup.pc'
[9.534s] Level 1:colcon.colcon_core.environment:checking '/home/gonzalo/grodi_atm/install/atm_bringup/lib/python3.12/site-packages'
[9.534s] Level 1:colcon.colcon_core.shell:create_environment_hook('atm_bringup', 'pythonpath')
[9.534s] INFO:colcon.colcon_core.shell:Creating environment descriptor '/home/gonzalo/grodi_atm/install/atm_bringup/share/atm_bringup/hook/pythonpath.dsv'
[9.535s] INFO:colcon.colcon_core.shell:Creating environment hook '/home/gonzalo/grodi_atm/install/atm_bringup/share/atm_bringup/hook/pythonpath.sh'
[9.535s] Level 1:colcon.colcon_core.environment:checking '/home/gonzalo/grodi_atm/install/atm_bringup/bin'
[9.535s] Level 1:colcon.colcon_core.environment:create_environment_scripts_only(atm_bringup)
[9.535s] INFO:colcon.colcon_core.shell:Creating package descriptor '/home/gonzalo/grodi_atm/install/atm_bringup/share/atm_bringup/package.dsv'
[9.536s] INFO:colcon.colcon_core.shell:Creating package script '/home/gonzalo/grodi_atm/install/atm_bringup/share/atm_bringup/package.sh'
[9.536s] INFO:colcon.colcon_core.shell:Creating package script '/home/gonzalo/grodi_atm/install/atm_bringup/share/atm_bringup/package.bash'
[9.536s] INFO:colcon.colcon_core.shell:Creating package script '/home/gonzalo/grodi_atm/install/atm_bringup/share/atm_bringup/package.zsh'
[9.537s] Level 1:colcon.colcon_core.environment:create_file_with_runtime_dependencies(/home/gonzalo/grodi_atm/install/atm_bringup/share/colcon-core/packages/atm_bringup)
[9.537s] DEBUG:colcon.colcon_parallel_executor.executor.parallel:closing loop
[9.538s] DEBUG:colcon.colcon_parallel_executor.executor.parallel:loop closed
[9.538s] DEBUG:colcon.colcon_parallel_executor.executor.parallel:run_until_complete finished with '0'
[9.538s] DEBUG:colcon.colcon_core.event_reactor:joining thread
[9.573s] INFO:colcon.colcon_core.plugin_system:Skipping extension 'colcon_notification.desktop_notification.notify_send': Could not find 'notify-send'
[9.574s] INFO:colcon.colcon_core.plugin_system:Skipping extension 'colcon_notification.desktop_notification.terminal_notifier': Not used on non-Darwin systems
[9.574s] INFO:colcon.colcon_core.plugin_system:Skipping extension 'colcon_notification.desktop_notification.win32': Not used on non-Windows systems
[9.574s] INFO:colcon.colcon_notification.desktop_notification:Sending desktop notification using 'notify2'
[9.575s] DEBUG:colcon.colcon_notification.desktop_notification.notify2:Failed to initialize notify2: org.freedesktop.DBus.Error.ServiceUnknown: The name org.freedesktop.Notifications was not provided by any .service files
[9.575s] DEBUG:colcon.colcon_core.event_reactor:joined thread
[9.575s] INFO:colcon.colcon_core.shell:Creating prefix script '/home/gonzalo/grodi_atm/install/local_setup.sh'
[9.576s] INFO:colcon.colcon_core.shell:Creating prefix util module '/home/gonzalo/grodi_atm/install/_local_setup_util_sh.py'
[9.577s] INFO:colcon.colcon_core.shell:Creating prefix chain script '/home/gonzalo/grodi_atm/install/setup.sh'
[9.578s] INFO:colcon.colcon_core.shell:Creating prefix script '/home/gonzalo/grodi_atm/install/local_setup.bash'
[9.578s] INFO:colcon.colcon_core.shell:Creating prefix chain script '/home/gonzalo/grodi_atm/install/setup.bash'
[9.579s] INFO:colcon.colcon_core.shell:Creating prefix script '/home/gonzalo/grodi_atm/install/local_setup.zsh'
[9.579s] INFO:colcon.colcon_core.shell:Creating prefix chain script '/home/gonzalo/grodi_atm/install/setup.zsh'
