[1.050s] Invoking command in '/home/gonzalo/grodi_atm/build/atm_master': AMENT_PREFIX_PATH=/home/gonzalo/grodi_atm/install/atm_interfaces:${AMENT_PREFIX_PATH} CMAKE_PREFIX_PATH=/home/gonzalo/grodi_atm/install/atm_interfaces:${CMAKE_PREFIX_PATH} LD_LIBRARY_PATH=/home/gonzalo/grodi_atm/install/atm_interfaces/lib:${LD_LIBRARY_PATH} PYTHONPATH=/home/gonzalo/grodi_atm/build/atm_master/prefix_override:/usr/lib/python3/dist-packages/colcon_core/task/python/colcon_distutils_commands:/home/gonzalo/grodi_atm/install/atm_master/lib/python3.12/site-packages:/home/gonzalo/grodi_atm/install/atm_interfaces/lib/python3.12/site-packages:${PYTHONPATH} /usr/bin/python3 -W ignore:setup.py install is deprecated -W ignore:easy_install command is deprecated setup.py develop --editable --build-directory /home/gonzalo/grodi_atm/build/atm_master/build --no-deps symlink_data
[1.377s] running develop
[1.599s] running egg_info
[1.620s] writing atm_master.egg-info/PKG-INFO
[1.621s] writing dependency_links to atm_master.egg-info/dependency_links.txt
[1.621s] writing entry points to atm_master.egg-info/entry_points.txt
[1.621s] writing requirements to atm_master.egg-info/requires.txt
[1.621s] writing top-level names to atm_master.egg-info/top_level.txt
[1.667s] reading manifest file 'atm_master.egg-info/SOURCES.txt'
[1.668s] writing manifest file 'atm_master.egg-info/SOURCES.txt'
[1.692s] running build_ext
[1.692s] Creating /home/gonzalo/grodi_atm/install/atm_master/lib/python3.12/site-packages/atm-master.egg-link (link to .)
[1.693s] Installing admission_reel_controller_node script to /home/gonzalo/grodi_atm/install/atm_master/lib/atm_master
[1.693s] Installing master_watchdog_node script to /home/gonzalo/grodi_atm/install/atm_master/lib/atm_master
[1.694s] Installing mission_event_logger_node script to /home/gonzalo/grodi_atm/install/atm_master/lib/atm_master
[1.694s] Installing mission_manager_node script to /home/gonzalo/grodi_atm/install/atm_master/lib/atm_master
[1.694s] Installing pump_controller_node script to /home/gonzalo/grodi_atm/install/atm_master/lib/atm_master
[1.694s] 
[1.694s] Installed /home/gonzalo/grodi_atm/build/atm_master
[1.694s] running symlink_data
[1.739s] Invoked command in '/home/gonzalo/grodi_atm/build/atm_master' returned '0': AMENT_PREFIX_PATH=/home/gonzalo/grodi_atm/install/atm_interfaces:${AMENT_PREFIX_PATH} CMAKE_PREFIX_PATH=/home/gonzalo/grodi_atm/install/atm_interfaces:${CMAKE_PREFIX_PATH} LD_LIBRARY_PATH=/home/gonzalo/grodi_atm/install/atm_interfaces/lib:${LD_LIBRARY_PATH} PYTHONPATH=/home/gonzalo/grodi_atm/build/atm_master/prefix_override:/usr/lib/python3/dist-packages/colcon_core/task/python/colcon_distutils_commands:/home/gonzalo/grodi_atm/install/atm_master/lib/python3.12/site-packages:/home/gonzalo/grodi_atm/install/atm_interfaces/lib/python3.12/site-packages:${PYTHONPATH} /usr/bin/python3 -W ignore:setup.py install is deprecated -W ignore:easy_install command is deprecated setup.py develop --editable --build-directory /home/gonzalo/grodi_atm/build/atm_master/build --no-deps symlink_data
