[0.119s] DEBUG:colcon:Command line arguments: ['/usr/bin/colcon', 'build', '--symlink-install', '--packages-select', 'atm_slave']
[0.120s] DEBUG:colcon:Parsed command line arguments: Namespace(log_base=None, log_level=None, verb_name='build', build_base='build', install_base='install', merge_install=False, symlink_install=True, test_result_base=None, continue_on_error=False, executor='parallel', parallel_workers=12, event_handlers=None, ignore_user_meta=False, metas=['./colcon.meta'], base_paths=['.'], packages_ignore=None, packages_ignore_regex=None, paths=None, packages_up_to=None, packages_up_to_regex=None, packages_above=None, packages_above_and_dependencies=None, packages_above_depth=None, packages_select_by_dep=None, packages_skip_by_dep=None, packages_skip_up_to=None, packages_select_build_failed=False, packages_skip_build_finished=False, packages_select_test_failures=False, packages_skip_test_passed=False, packages_select=['atm_slave'], packages_skip=None, packages_select_regex=None, packages_skip_regex=None, packages_start=None, packages_end=None, cmake_args=None, cmake_target=None, cmake_target_skip_unavailable=False, cmake_clean_cache=False, cmake_clean_first=False, cmake_force_configure=False, ament_cmake_args=None, catkin_cmake_args=None, catkin_skip_building_tests=False, verb_parser=<colcon_defaults.argument_parser.defaults.DefaultArgumentsDecorator object at 0x7f647480d0d0>, verb_extension=<colcon_core.verb.build.BuildVerb object at 0x7f647480ce30>, main=<bound method BuildVerb.main of <colcon_core.verb.build.BuildVerb object at 0x7f647480ce30>>)
[0.155s] Level 1:colcon.colcon_core.package_discovery:discover_packages(colcon_meta) check parameters
[0.155s] Level 1:colcon.colcon_core.package_discovery:discover_packages(recursive) check parameters
[0.155s] Level 1:colcon.colcon_core.package_discovery:discover_packages(ignore) check parameters
[0.155s] Level 1:colcon.colcon_core.package_discovery:discover_packages(path) check parameters
[0.155s] Level 1:colcon.colcon_core.package_discovery:discover_packages(colcon_meta) discover
[0.156s] Level 1:colcon.colcon_core.package_discovery:discover_packages(recursive) discover
[0.156s] INFO:colcon.colcon_core.package_discovery:Crawling recursively for packages in '/home/gonzalo/grodi_atm'
[0.156s] Level 1:colcon.colcon_core.package_identification:_identify(.) by extensions ['ignore', 'ignore_ament_install']
[0.156s] Level 1:colcon.colcon_core.package_identification:_identify(.) by extension 'ignore'
[0.156s] Level 1:colcon.colcon_core.package_identification:_identify(.) by extension 'ignore_ament_install'
[0.156s] Level 1:colcon.colcon_core.package_identification:_identify(.) by extensions ['colcon_pkg']
[0.156s] Level 1:colcon.colcon_core.package_identification:_identify(.) by extension 'colcon_pkg'
[0.156s] Level 1:colcon.colcon_core.package_identification:_identify(.) by extensions ['colcon_meta']
[0.156s] Level 1:colcon.colcon_core.package_identification:_identify(.) by extension 'colcon_meta'
[0.156s] Level 1:colcon.colcon_core.package_identification:_identify(.) by extensions ['ros']
[0.156s] Level 1:colcon.colcon_core.package_identification:_identify(.) by extension 'ros'
[0.178s] Level 1:colcon.colcon_core.package_identification:_identify(.) by extensions ['cmake', 'python']
[0.178s] Level 1:colcon.colcon_core.package_identification:_identify(.) by extension 'cmake'
[0.178s] Level 1:colcon.colcon_core.package_identification:_identify(.) by extension 'python'
[0.178s] Level 1:colcon.colcon_core.package_identification:_identify(.) by extensions ['python_setup_py']
[0.178s] Level 1:colcon.colcon_core.package_identification:_identify(.) by extension 'python_setup_py'
[0.178s] Level 1:colcon.colcon_core.package_identification:_identify(build) by extensions ['ignore', 'ignore_ament_install']
[0.178s] Level 1:colcon.colcon_core.package_identification:_identify(build) by extension 'ignore'
[0.178s] Level 1:colcon.colcon_core.package_identification:_identify(build) ignored
[0.178s] Level 1:colcon.colcon_core.package_identification:_identify(install) by extensions ['ignore', 'ignore_ament_install']
[0.178s] Level 1:colcon.colcon_core.package_identification:_identify(install) by extension 'ignore'
[0.178s] Level 1:colcon.colcon_core.package_identification:_identify(install) ignored
[0.178s] Level 1:colcon.colcon_core.package_identification:_identify(log) by extensions ['ignore', 'ignore_ament_install']
[0.178s] Level 1:colcon.colcon_core.package_identification:_identify(log) by extension 'ignore'
[0.179s] Level 1:colcon.colcon_core.package_identification:_identify(log) ignored
[0.179s] Level 1:colcon.colcon_core.package_identification:_identify(src) by extensions ['ignore', 'ignore_ament_install']
[0.179s] Level 1:colcon.colcon_core.package_identification:_identify(src) by extension 'ignore'
[0.179s] Level 1:colcon.colcon_core.package_identification:_identify(src) by extension 'ignore_ament_install'
[0.179s] Level 1:colcon.colcon_core.package_identification:_identify(src) by extensions ['colcon_pkg']
[0.179s] Level 1:colcon.colcon_core.package_identification:_identify(src) by extension 'colcon_pkg'
[0.179s] Level 1:colcon.colcon_core.package_identification:_identify(src) by extensions ['colcon_meta']
[0.179s] Level 1:colcon.colcon_core.package_identification:_identify(src) by extension 'colcon_meta'
[0.179s] Level 1:colcon.colcon_core.package_identification:_identify(src) by extensions ['ros']
[0.179s] Level 1:colcon.colcon_core.package_identification:_identify(src) by extension 'ros'
[0.179s] Level 1:colcon.colcon_core.package_identification:_identify(src) by extensions ['cmake', 'python']
[0.179s] Level 1:colcon.colcon_core.package_identification:_identify(src) by extension 'cmake'
[0.179s] Level 1:colcon.colcon_core.package_identification:_identify(src) by extension 'python'
[0.179s] Level 1:colcon.colcon_core.package_identification:_identify(src) by extensions ['python_setup_py']
[0.179s] Level 1:colcon.colcon_core.package_identification:_identify(src) by extension 'python_setup_py'
[0.179s] Level 1:colcon.colcon_core.package_identification:_identify(src/atm_bringup) by extensions ['ignore', 'ignore_ament_install']
[0.179s] Level 1:colcon.colcon_core.package_identification:_identify(src/atm_bringup) by extension 'ignore'
[0.179s] Level 1:colcon.colcon_core.package_identification:_identify(src/atm_bringup) by extension 'ignore_ament_install'
[0.179s] Level 1:colcon.colcon_core.package_identification:_identify(src/atm_bringup) by extensions ['colcon_pkg']
[0.179s] Level 1:colcon.colcon_core.package_identification:_identify(src/atm_bringup) by extension 'colcon_pkg'
[0.179s] Level 1:colcon.colcon_core.package_identification:_identify(src/atm_bringup) by extensions ['colcon_meta']
[0.179s] Level 1:colcon.colcon_core.package_identification:_identify(src/atm_bringup) by extension 'colcon_meta'
[0.179s] Level 1:colcon.colcon_core.package_identification:_identify(src/atm_bringup) by extensions ['ros']
[0.179s] Level 1:colcon.colcon_core.package_identification:_identify(src/atm_bringup) by extension 'ros'
[0.181s] DEBUG:colcon.colcon_core.package_identification:Package 'src/atm_bringup' with type 'ros.ament_python' and name 'atm_bringup'
[0.182s] Level 1:colcon.colcon_core.package_identification:_identify(src/atm_interfaces) by extensions ['ignore', 'ignore_ament_install']
[0.182s] Level 1:colcon.colcon_core.package_identification:_identify(src/atm_interfaces) by extension 'ignore'
[0.182s] Level 1:colcon.colcon_core.package_identification:_identify(src/atm_interfaces) by extension 'ignore_ament_install'
[0.182s] Level 1:colcon.colcon_core.package_identification:_identify(src/atm_interfaces) by extensions ['colcon_pkg']
[0.182s] Level 1:colcon.colcon_core.package_identification:_identify(src/atm_interfaces) by extension 'colcon_pkg'
[0.182s] Level 1:colcon.colcon_core.package_identification:_identify(src/atm_interfaces) by extensions ['colcon_meta']
[0.182s] Level 1:colcon.colcon_core.package_identification:_identify(src/atm_interfaces) by extension 'colcon_meta'
[0.182s] Level 1:colcon.colcon_core.package_identification:_identify(src/atm_interfaces) by extensions ['ros']
[0.182s] Level 1:colcon.colcon_core.package_identification:_identify(src/atm_interfaces) by extension 'ros'
[0.182s] DEBUG:colcon.colcon_core.package_identification:Package 'src/atm_interfaces' with type 'ros.ament_cmake' and name 'atm_interfaces'
[0.182s] Level 1:colcon.colcon_core.package_identification:_identify(src/atm_link) by extensions ['ignore', 'ignore_ament_install']
[0.182s] Level 1:colcon.colcon_core.package_identification:_identify(src/atm_link) by extension 'ignore'
[0.182s] Level 1:colcon.colcon_core.package_identification:_identify(src/atm_link) by extension 'ignore_ament_install'
[0.183s] Level 1:colcon.colcon_core.package_identification:_identify(src/atm_link) by extensions ['colcon_pkg']
[0.183s] Level 1:colcon.colcon_core.package_identification:_identify(src/atm_link) by extension 'colcon_pkg'
[0.183s] Level 1:colcon.colcon_core.package_identification:_identify(src/atm_link) by extensions ['colcon_meta']
[0.183s] Level 1:colcon.colcon_core.package_identification:_identify(src/atm_link) by extension 'colcon_meta'
[0.183s] Level 1:colcon.colcon_core.package_identification:_identify(src/atm_link) by extensions ['ros']
[0.183s] Level 1:colcon.colcon_core.package_identification:_identify(src/atm_link) by extension 'ros'
[0.183s] DEBUG:colcon.colcon_core.package_identification:Package 'src/atm_link' with type 'ros.ament_python' and name 'atm_link'
[0.183s] Level 1:colcon.colcon_core.package_identification:_identify(src/atm_logging) by extensions ['ignore', 'ignore_ament_install']
[0.183s] Level 1:colcon.colcon_core.package_identification:_identify(src/atm_logging) by extension 'ignore'
[0.183s] Level 1:colcon.colcon_core.package_identification:_identify(src/atm_logging) by extension 'ignore_ament_install'
[0.183s] Level 1:colcon.colcon_core.package_identification:_identify(src/atm_logging) by extensions ['colcon_pkg']
[0.183s] Level 1:colcon.colcon_core.package_identification:_identify(src/atm_logging) by extension 'colcon_pkg'
[0.183s] Level 1:colcon.colcon_core.package_identification:_identify(src/atm_logging) by extensions ['colcon_meta']
[0.184s] Level 1:colcon.colcon_core.package_identification:_identify(src/atm_logging) by extension 'colcon_meta'
[0.184s] Level 1:colcon.colcon_core.package_identification:_identify(src/atm_logging) by extensions ['ros']
[0.184s] Level 1:colcon.colcon_core.package_identification:_identify(src/atm_logging) by extension 'ros'
[0.185s] DEBUG:colcon.colcon_core.package_identification:Package 'src/atm_logging' with type 'ros.ament_python' and name 'atm_logging'
[0.185s] Level 1:colcon.colcon_core.package_identification:_identify(src/atm_master) by extensions ['ignore', 'ignore_ament_install']
[0.185s] Level 1:colcon.colcon_core.package_identification:_identify(src/atm_master) by extension 'ignore'
[0.185s] Level 1:colcon.colcon_core.package_identification:_identify(src/atm_master) by extension 'ignore_ament_install'
[0.185s] Level 1:colcon.colcon_core.package_identification:_identify(src/atm_master) by extensions ['colcon_pkg']
[0.185s] Level 1:colcon.colcon_core.package_identification:_identify(src/atm_master) by extension 'colcon_pkg'
[0.185s] Level 1:colcon.colcon_core.package_identification:_identify(src/atm_master) by extensions ['colcon_meta']
[0.185s] Level 1:colcon.colcon_core.package_identification:_identify(src/atm_master) by extension 'colcon_meta'
[0.185s] Level 1:colcon.colcon_core.package_identification:_identify(src/atm_master) by extensions ['ros']
[0.185s] Level 1:colcon.colcon_core.package_identification:_identify(src/atm_master) by extension 'ros'
[0.185s] DEBUG:colcon.colcon_core.package_identification:Package 'src/atm_master' with type 'ros.ament_python' and name 'atm_master'
[0.186s] Level 1:colcon.colcon_core.package_identification:_identify(src/atm_slave) by extensions ['ignore', 'ignore_ament_install']
[0.186s] Level 1:colcon.colcon_core.package_identification:_identify(src/atm_slave) by extension 'ignore'
[0.186s] Level 1:colcon.colcon_core.package_identification:_identify(src/atm_slave) by extension 'ignore_ament_install'
[0.186s] Level 1:colcon.colcon_core.package_identification:_identify(src/atm_slave) by extensions ['colcon_pkg']
[0.186s] Level 1:colcon.colcon_core.package_identification:_identify(src/atm_slave) by extension 'colcon_pkg'
[0.186s] Level 1:colcon.colcon_core.package_identification:_identify(src/atm_slave) by extensions ['colcon_meta']
[0.186s] Level 1:colcon.colcon_core.package_identification:_identify(src/atm_slave) by extension 'colcon_meta'
[0.186s] Level 1:colcon.colcon_core.package_identification:_identify(src/atm_slave) by extensions ['ros']
[0.186s] Level 1:colcon.colcon_core.package_identification:_identify(src/atm_slave) by extension 'ros'
[0.187s] DEBUG:colcon.colcon_core.package_identification:Package 'src/atm_slave' with type 'ros.ament_python' and name 'atm_slave'
[0.187s] Level 1:colcon.colcon_core.package_discovery:discover_packages(recursive) using defaults
[0.187s] Level 1:colcon.colcon_core.package_discovery:discover_packages(ignore) discover
[0.187s] Level 1:colcon.colcon_core.package_discovery:discover_packages(ignore) using defaults
[0.187s] Level 1:colcon.colcon_core.package_discovery:discover_packages(path) discover
[0.187s] Level 1:colcon.colcon_core.package_discovery:discover_packages(path) using defaults
[0.202s] INFO:colcon.colcon_core.package_selection:Skipping not selected package 'atm_interfaces' in 'src/atm_interfaces'
[0.202s] INFO:colcon.colcon_core.package_selection:Skipping not selected package 'atm_link' in 'src/atm_link'
[0.202s] INFO:colcon.colcon_core.package_selection:Skipping not selected package 'atm_logging' in 'src/atm_logging'
[0.202s] INFO:colcon.colcon_core.package_selection:Skipping not selected package 'atm_master' in 'src/atm_master'
[0.202s] INFO:colcon.colcon_core.package_selection:Skipping not selected package 'atm_bringup' in 'src/atm_bringup'
[0.202s] Level 5:colcon.colcon_core.verb:set package 'atm_slave' build argument 'cmake_args' from command line to 'None'
[0.202s] Level 5:colcon.colcon_core.verb:set package 'atm_slave' build argument 'cmake_target' from command line to 'None'
[0.202s] Level 5:colcon.colcon_core.verb:set package 'atm_slave' build argument 'cmake_target_skip_unavailable' from command line to 'False'
[0.202s] Level 5:colcon.colcon_core.verb:set package 'atm_slave' build argument 'cmake_clean_cache' from command line to 'False'
[0.202s] Level 5:colcon.colcon_core.verb:set package 'atm_slave' build argument 'cmake_clean_first' from command line to 'False'
[0.202s] Level 5:colcon.colcon_core.verb:set package 'atm_slave' build argument 'cmake_force_configure' from command line to 'False'
[0.202s] Level 5:colcon.colcon_core.verb:set package 'atm_slave' build argument 'ament_cmake_args' from command line to 'None'
[0.202s] Level 5:colcon.colcon_core.verb:set package 'atm_slave' build argument 'catkin_cmake_args' from command line to 'None'
[0.202s] Level 5:colcon.colcon_core.verb:set package 'atm_slave' build argument 'catkin_skip_building_tests' from command line to 'False'
[0.202s] DEBUG:colcon.colcon_core.verb:Building package 'atm_slave' with the following arguments: {'ament_cmake_args': None, 'build_base': '/home/gonzalo/grodi_atm/build/atm_slave', 'catkin_cmake_args': None, 'catkin_skip_building_tests': False, 'cmake_args': None, 'cmake_clean_cache': False, 'cmake_clean_first': False, 'cmake_force_configure': False, 'cmake_target': None, 'cmake_target_skip_unavailable': False, 'install_base': '/home/gonzalo/grodi_atm/install/atm_slave', 'merge_install': False, 'path': '/home/gonzalo/grodi_atm/src/atm_slave', 'symlink_install': True, 'test_result_base': None}
[0.202s] INFO:colcon.colcon_core.executor:Executing jobs using 'parallel' executor
[0.203s] DEBUG:colcon.colcon_parallel_executor.executor.parallel:run_until_complete
[0.203s] INFO:colcon.colcon_ros.task.ament_python.build:Building ROS package in '/home/gonzalo/grodi_atm/src/atm_slave' with build type 'ament_python'
[0.204s] Level 1:colcon.colcon_core.shell:create_environment_hook('atm_slave', 'ament_prefix_path')
[0.207s] INFO:colcon.colcon_core.plugin_system:Skipping extension 'colcon_core.shell.bat': Not used on non-Windows systems
[0.207s] INFO:colcon.colcon_core.shell:Creating environment descriptor '/home/gonzalo/grodi_atm/install/atm_slave/share/atm_slave/hook/ament_prefix_path.dsv'
[0.207s] INFO:colcon.colcon_core.shell:Creating environment hook '/home/gonzalo/grodi_atm/install/atm_slave/share/atm_slave/hook/ament_prefix_path.sh'
[0.208s] DEBUG:colcon.colcon_core.shell:Skip shell extension 'dsv' for command environment
[0.647s] INFO:colcon.colcon_core.task.python.build:Building Python package in '/home/gonzalo/grodi_atm/src/atm_slave'
[0.647s] DEBUG:colcon.colcon_core.shell:Skip shell extension 'dsv' for command environment
[1.340s] DEBUG:colcon.colcon_core.event_handler.log_command:Invoking command in '/home/gonzalo/grodi_atm/build/atm_slave': AMENT_PREFIX_PATH=/home/gonzalo/grodi_atm/install/atm_link:/home/gonzalo/grodi_atm/install/atm_interfaces:${AMENT_PREFIX_PATH} CMAKE_PREFIX_PATH=/home/gonzalo/grodi_atm/install/atm_interfaces:${CMAKE_PREFIX_PATH} LD_LIBRARY_PATH=/home/gonzalo/grodi_atm/install/atm_interfaces/lib:${LD_LIBRARY_PATH} PYTHONPATH=/home/gonzalo/grodi_atm/build/atm_slave/prefix_override:/usr/lib/python3/dist-packages/colcon_core/task/python/colcon_distutils_commands:/home/gonzalo/grodi_atm/install/atm_slave/lib/python3.12/site-packages:/home/gonzalo/grodi_atm/build/atm_link:/home/gonzalo/grodi_atm/install/atm_link/lib/python3.12/site-packages:/home/gonzalo/grodi_atm/install/atm_interfaces/lib/python3.12/site-packages:${PYTHONPATH} /usr/bin/python3 -W ignore:setup.py install is deprecated -W ignore:easy_install command is deprecated setup.py develop --editable --build-directory /home/gonzalo/grodi_atm/build/atm_slave/build --no-deps symlink_data
[1.942s] Level 1:colcon.colcon_core.shell:create_environment_hook('atm_slave', 'pythonpath_develop')
[1.942s] INFO:colcon.colcon_core.shell:Creating environment descriptor '/home/gonzalo/grodi_atm/build/atm_slave/share/atm_slave/hook/pythonpath_develop.dsv'
[1.943s] DEBUG:colcon.colcon_core.event_handler.log_command:Invoked command in '/home/gonzalo/grodi_atm/build/atm_slave' returned '0': AMENT_PREFIX_PATH=/home/gonzalo/grodi_atm/install/atm_link:/home/gonzalo/grodi_atm/install/atm_interfaces:${AMENT_PREFIX_PATH} CMAKE_PREFIX_PATH=/home/gonzalo/grodi_atm/install/atm_interfaces:${CMAKE_PREFIX_PATH} LD_LIBRARY_PATH=/home/gonzalo/grodi_atm/install/atm_interfaces/lib:${LD_LIBRARY_PATH} PYTHONPATH=/home/gonzalo/grodi_atm/build/atm_slave/prefix_override:/usr/lib/python3/dist-packages/colcon_core/task/python/colcon_distutils_commands:/home/gonzalo/grodi_atm/install/atm_slave/lib/python3.12/site-packages:/home/gonzalo/grodi_atm/build/atm_link:/home/gonzalo/grodi_atm/install/atm_link/lib/python3.12/site-packages:/home/gonzalo/grodi_atm/install/atm_interfaces/lib/python3.12/site-packages:${PYTHONPATH} /usr/bin/python3 -W ignore:setup.py install is deprecated -W ignore:easy_install command is deprecated setup.py develop --editable --build-directory /home/gonzalo/grodi_atm/build/atm_slave/build --no-deps symlink_data
[1.943s] INFO:colcon.colcon_core.shell:Creating environment hook '/home/gonzalo/grodi_atm/build/atm_slave/share/atm_slave/hook/pythonpath_develop.sh'
[1.945s] Level 1:colcon.colcon_core.environment:checking '/home/gonzalo/grodi_atm/install/atm_slave' for CMake module files
[1.946s] Level 1:colcon.colcon_core.environment:checking '/home/gonzalo/grodi_atm/install/atm_slave' for CMake config files
[1.946s] Level 1:colcon.colcon_core.environment:checking '/home/gonzalo/grodi_atm/install/atm_slave/lib'
[1.946s] Level 1:colcon.colcon_core.environment:checking '/home/gonzalo/grodi_atm/install/atm_slave/bin'
[1.946s] Level 1:colcon.colcon_core.environment:checking '/home/gonzalo/grodi_atm/install/atm_slave/lib/pkgconfig/atm_slave.pc'
[1.946s] Level 1:colcon.colcon_core.environment:checking '/home/gonzalo/grodi_atm/install/atm_slave/lib/python3.12/site-packages'
[1.947s] Level 1:colcon.colcon_core.shell:create_environment_hook('atm_slave', 'pythonpath')
[1.947s] INFO:colcon.colcon_core.shell:Creating environment descriptor '/home/gonzalo/grodi_atm/install/atm_slave/share/atm_slave/hook/pythonpath.dsv'
[1.947s] INFO:colcon.colcon_core.shell:Creating environment hook '/home/gonzalo/grodi_atm/install/atm_slave/share/atm_slave/hook/pythonpath.sh'
[1.948s] Level 1:colcon.colcon_core.environment:checking '/home/gonzalo/grodi_atm/install/atm_slave/bin'
[1.948s] Level 1:colcon.colcon_core.environment:create_environment_scripts_only(atm_slave)
[1.948s] INFO:colcon.colcon_core.shell:Creating package descriptor '/home/gonzalo/grodi_atm/install/atm_slave/share/atm_slave/package.dsv'
[1.948s] INFO:colcon.colcon_core.shell:Creating package script '/home/gonzalo/grodi_atm/install/atm_slave/share/atm_slave/package.sh'
[1.949s] INFO:colcon.colcon_core.shell:Creating package script '/home/gonzalo/grodi_atm/install/atm_slave/share/atm_slave/package.bash'
[1.950s] INFO:colcon.colcon_core.shell:Creating package script '/home/gonzalo/grodi_atm/install/atm_slave/share/atm_slave/package.zsh'
[1.950s] Level 1:colcon.colcon_core.environment:create_file_with_runtime_dependencies(/home/gonzalo/grodi_atm/install/atm_slave/share/colcon-core/packages/atm_slave)
[1.950s] DEBUG:colcon.colcon_parallel_executor.executor.parallel:closing loop
[1.951s] DEBUG:colcon.colcon_parallel_executor.executor.parallel:loop closed
[1.951s] DEBUG:colcon.colcon_parallel_executor.executor.parallel:run_until_complete finished with '0'
[1.951s] DEBUG:colcon.colcon_core.event_reactor:joining thread
[2.001s] INFO:colcon.colcon_core.plugin_system:Skipping extension 'colcon_notification.desktop_notification.notify_send': Could not find 'notify-send'
[2.001s] INFO:colcon.colcon_core.plugin_system:Skipping extension 'colcon_notification.desktop_notification.terminal_notifier': Not used on non-Darwin systems
[2.001s] INFO:colcon.colcon_core.plugin_system:Skipping extension 'colcon_notification.desktop_notification.win32': Not used on non-Windows systems
[2.001s] INFO:colcon.colcon_notification.desktop_notification:Sending desktop notification using 'notify2'
[2.002s] DEBUG:colcon.colcon_notification.desktop_notification.notify2:Failed to initialize notify2: org.freedesktop.DBus.Error.ServiceUnknown: The name org.freedesktop.Notifications was not provided by any .service files
[2.003s] DEBUG:colcon.colcon_core.event_reactor:joined thread
[2.003s] INFO:colcon.colcon_core.shell:Creating prefix script '/home/gonzalo/grodi_atm/install/local_setup.sh'
[2.004s] INFO:colcon.colcon_core.shell:Creating prefix util module '/home/gonzalo/grodi_atm/install/_local_setup_util_sh.py'
[2.005s] INFO:colcon.colcon_core.shell:Creating prefix chain script '/home/gonzalo/grodi_atm/install/setup.sh'
[2.006s] INFO:colcon.colcon_core.shell:Creating prefix script '/home/gonzalo/grodi_atm/install/local_setup.bash'
[2.006s] INFO:colcon.colcon_core.shell:Creating prefix chain script '/home/gonzalo/grodi_atm/install/setup.bash'
[2.007s] INFO:colcon.colcon_core.shell:Creating prefix script '/home/gonzalo/grodi_atm/install/local_setup.zsh'
[2.007s] INFO:colcon.colcon_core.shell:Creating prefix chain script '/home/gonzalo/grodi_atm/install/setup.zsh'
