[2.369s] Invoking command in '/home/gonzalo/grodi_atm/build/atm_master': AMENT_PREFIX_PATH=/home/gonzalo/grodi_atm/install/atm_interfaces:${AMENT_PREFIX_PATH} CMAKE_PREFIX_PATH=/home/gonzalo/grodi_atm/install/atm_interfaces:${CMAKE_PREFIX_PATH} LD_LIBRARY_PATH=/home/gonzalo/grodi_atm/install/atm_interfaces/lib:${LD_LIBRARY_PATH} PYTHONPATH=/home/gonzalo/grodi_atm/build/atm_master/prefix_override:/usr/lib/python3/dist-packages/colcon_core/task/python/colcon_distutils_commands:/home/gonzalo/grodi_atm/install/atm_master/lib/python3.12/site-packages:/home/gonzalo/grodi_atm/install/atm_interfaces/lib/python3.12/site-packages:${PYTHONPATH} /usr/bin/python3 -W ignore:setup.py install is deprecated -W ignore:easy_install command is deprecated setup.py develop --editable --build-directory /home/gonzalo/grodi_atm/build/atm_master/build --no-deps symlink_data
[2.852s] running develop
[3.161s] running egg_info
[3.161s] creating atm_master.egg-info
[3.188s] writing atm_master.egg-info/PKG-INFO
[3.189s] writing dependency_links to atm_master.egg-info/dependency_links.txt
[3.189s] writing entry points to atm_master.egg-info/entry_points.txt
[3.189s] writing requirements to atm_master.egg-info/requires.txt
[3.189s] writing top-level names to atm_master.egg-info/top_level.txt
[3.190s] writing manifest file 'atm_master.egg-info/SOURCES.txt'
[3.241s] reading manifest file 'atm_master.egg-info/SOURCES.txt'
[3.242s] writing manifest file 'atm_master.egg-info/SOURCES.txt'
[3.284s] running build_ext
[3.284s] Creating /home/gonzalo/grodi_atm/install/atm_master/lib/python3.12/site-packages/atm-master.egg-link (link to .)
[3.285s] Installing admission_reel_controller_node script to /home/gonzalo/grodi_atm/install/atm_master/lib/atm_master
[3.285s] Installing master_watchdog_node script to /home/gonzalo/grodi_atm/install/atm_master/lib/atm_master
[3.285s] Installing mission_event_logger_node script to /home/gonzalo/grodi_atm/install/atm_master/lib/atm_master
[3.285s] Installing mission_manager_node script to /home/gonzalo/grodi_atm/install/atm_master/lib/atm_master
[3.285s] Installing pump_controller_node script to /home/gonzalo/grodi_atm/install/atm_master/lib/atm_master
[3.285s] 
[3.285s] Installed /home/gonzalo/grodi_atm/build/atm_master
[3.285s] running symlink_data
[3.285s] creating /home/gonzalo/grodi_atm/install/atm_master/share/ament_index
[3.286s] creating /home/gonzalo/grodi_atm/install/atm_master/share/ament_index/resource_index
[3.286s] creating /home/gonzalo/grodi_atm/install/atm_master/share/ament_index/resource_index/packages
[3.286s] symbolically linking /home/gonzalo/grodi_atm/build/atm_master/resource/atm_master -> /home/gonzalo/grodi_atm/install/atm_master/share/ament_index/resource_index/packages
[3.286s] symbolically linking /home/gonzalo/grodi_atm/build/atm_master/package.xml -> /home/gonzalo/grodi_atm/install/atm_master/share/atm_master
[3.286s] creating /home/gonzalo/grodi_atm/install/atm_master/share/atm_master/launch
[3.286s] symbolically linking /home/gonzalo/grodi_atm/build/atm_master/launch/master.launch.py -> /home/gonzalo/grodi_atm/install/atm_master/share/atm_master/launch
[3.287s] creating /home/gonzalo/grodi_atm/install/atm_master/share/atm_master/config
[3.293s] symbolically linking /home/gonzalo/grodi_atm/build/atm_master/config/master_params.yaml -> /home/gonzalo/grodi_atm/install/atm_master/share/atm_master/config
[3.329s] Invoked command in '/home/gonzalo/grodi_atm/build/atm_master' returned '0': AMENT_PREFIX_PATH=/home/gonzalo/grodi_atm/install/atm_interfaces:${AMENT_PREFIX_PATH} CMAKE_PREFIX_PATH=/home/gonzalo/grodi_atm/install/atm_interfaces:${CMAKE_PREFIX_PATH} LD_LIBRARY_PATH=/home/gonzalo/grodi_atm/install/atm_interfaces/lib:${LD_LIBRARY_PATH} PYTHONPATH=/home/gonzalo/grodi_atm/build/atm_master/prefix_override:/usr/lib/python3/dist-packages/colcon_core/task/python/colcon_distutils_commands:/home/gonzalo/grodi_atm/install/atm_master/lib/python3.12/site-packages:/home/gonzalo/grodi_atm/install/atm_interfaces/lib/python3.12/site-packages:${PYTHONPATH} /usr/bin/python3 -W ignore:setup.py install is deprecated -W ignore:easy_install command is deprecated setup.py develop --editable --build-directory /home/gonzalo/grodi_atm/build/atm_master/build --no-deps symlink_data
