running develop
Removing /home/gonzalo/grodi_atm/install/atm_bringup/lib/python3.12/site-packages/atm-bringup.egg-link (link to .)
running egg_info
writing ../../build/atm_bringup/atm_bringup.egg-info/PKG-INFO
writing dependency_links to ../../build/atm_bringup/atm_bringup.egg-info/dependency_links.txt
writing requirements to ../../build/atm_bringup/atm_bringup.egg-info/requires.txt
writing top-level names to ../../build/atm_bringup/atm_bringup.egg-info/top_level.txt
reading manifest file '../../build/atm_bringup/atm_bringup.egg-info/SOURCES.txt'
writing manifest file '../../build/atm_bringup/atm_bringup.egg-info/SOURCES.txt'
running build
running build_py
creating /home/gonzalo/grodi_atm/build/atm_bringup/build
creating /home/gonzalo/grodi_atm/build/atm_bringup/build/lib
creating /home/gonzalo/grodi_atm/build/atm_bringup/build/lib/atm_bringup
copying atm_bringup/__init__.py -> /home/gonzalo/grodi_atm/build/atm_bringup/build/lib/atm_bringup
running install
running install_lib
creating /home/gonzalo/grodi_atm/install/atm_bringup/lib/python3.12/site-packages/atm_bringup
copying /home/gonzalo/grodi_atm/build/atm_bringup/build/lib/atm_bringup/__init__.py -> /home/gonzalo/grodi_atm/install/atm_bringup/lib/python3.12/site-packages/atm_bringup
byte-compiling /home/gonzalo/grodi_atm/install/atm_bringup/lib/python3.12/site-packages/atm_bringup/__init__.py to __init__.cpython-312.pyc
running install_data
copying resource/atm_bringup -> /home/gonzalo/grodi_atm/install/atm_bringup/share/ament_index/resource_index/packages
copying package.xml -> /home/gonzalo/grodi_atm/install/atm_bringup/share/atm_bringup
copying launch/system.launch.py -> /home/gonzalo/grodi_atm/install/atm_bringup/share/atm_bringup/launch
copying config/system_params.yaml -> /home/gonzalo/grodi_atm/install/atm_bringup/share/atm_bringup/config
copying scripts/atm_master_sentinel.py -> /home/gonzalo/grodi_atm/install/atm_bringup/share/atm_bringup/scripts
copying scripts/atm_slave_sentinel.py -> /home/gonzalo/grodi_atm/install/atm_bringup/share/atm_bringup/scripts
copying systemd/atm-master-sentinel.service -> /home/gonzalo/grodi_atm/install/atm_bringup/share/atm_bringup/systemd
copying systemd/atm-slave-sentinel.service -> /home/gonzalo/grodi_atm/install/atm_bringup/share/atm_bringup/systemd
running install_egg_info
Copying ../../build/atm_bringup/atm_bringup.egg-info to /home/gonzalo/grodi_atm/install/atm_bringup/lib/python3.12/site-packages/atm_bringup-0.0.0-py3.12.egg-info
running install_scripts
writing list of installed files to '/home/gonzalo/grodi_atm/build/atm_bringup/install.log'
