[1.274s] Invoking command in '/home/gonzalo/grodi_atm/build/atm_bringup': AMENT_PREFIX_PATH=/home/gonzalo/grodi_atm/install/atm_slave:/home/gonzalo/grodi_atm/install/atm_master:/home/gonzalo/grodi_atm/install/atm_link:/home/gonzalo/grodi_atm/install/atm_bringup:/home/gonzalo/grodi_atm/install/atm_simulation:/home/gonzalo/grodi_atm/install/atm_logging:/home/gonzalo/grodi_atm/install/atm_interfaces:/opt/ros/jazzy PYTHONPATH=/home/gonzalo/grodi_atm/build/atm_bringup/prefix_override:/usr/lib/python3/dist-packages/colcon_core/task/python/colcon_distutils_commands:/home/gonzalo/grodi_atm/install/atm_bringup/lib/python3.12/site-packages:/home/gonzalo/grodi_atm/install/atm_slave/lib/python3.12/site-packages:/home/gonzalo/grodi_atm/install/atm_master/lib/python3.12/site-packages:/home/gonzalo/grodi_atm/install/atm_link/lib/python3.12/site-packages:/home/gonzalo/grodi_atm/install/atm_interfaces/lib/python3.12/site-packages:/home/gonzalo/grodi_atm/build/atm_bringup:/home/gonzalo/grodi_atm/install/atm_bringup/lib/python3.12/site-packages:/home/gonzalo/grodi_atm/build/atm_slave:/home/gonzalo/grodi_atm/build/atm_simulation:/home/gonzalo/grodi_atm/install/atm_simulation/lib/python3.12/site-packages:/home/gonzalo/grodi_atm/build/atm_master:/home/gonzalo/grodi_atm/build/atm_logging:/home/gonzalo/grodi_atm/install/atm_logging/lib/python3.12/site-packages:/home/gonzalo/grodi_atm/build/atm_link:/opt/ros/jazzy/lib/python3.12/site-packages /usr/bin/python3 -W ignore:setup.py install is deprecated -W ignore:easy_install command is deprecated setup.py develop --uninstall --editable --build-directory /home/gonzalo/grodi_atm/build/atm_bringup/build
[1.557s] running develop
[1.751s] Removing /home/gonzalo/grodi_atm/install/atm_bringup/lib/python3.12/site-packages/atm-bringup.egg-link (link to .)
[1.775s] Invoked command in '/home/gonzalo/grodi_atm/build/atm_bringup' returned '0': AMENT_PREFIX_PATH=/home/gonzalo/grodi_atm/install/atm_slave:/home/gonzalo/grodi_atm/install/atm_master:/home/gonzalo/grodi_atm/install/atm_link:/home/gonzalo/grodi_atm/install/atm_bringup:/home/gonzalo/grodi_atm/install/atm_simulation:/home/gonzalo/grodi_atm/install/atm_logging:/home/gonzalo/grodi_atm/install/atm_interfaces:/opt/ros/jazzy PYTHONPATH=/home/gonzalo/grodi_atm/build/atm_bringup/prefix_override:/usr/lib/python3/dist-packages/colcon_core/task/python/colcon_distutils_commands:/home/gonzalo/grodi_atm/install/atm_bringup/lib/python3.12/site-packages:/home/gonzalo/grodi_atm/install/atm_slave/lib/python3.12/site-packages:/home/gonzalo/grodi_atm/install/atm_master/lib/python3.12/site-packages:/home/gonzalo/grodi_atm/install/atm_link/lib/python3.12/site-packages:/home/gonzalo/grodi_atm/install/atm_interfaces/lib/python3.12/site-packages:/home/gonzalo/grodi_atm/build/atm_bringup:/home/gonzalo/grodi_atm/install/atm_bringup/lib/python3.12/site-packages:/home/gonzalo/grodi_atm/build/atm_slave:/home/gonzalo/grodi_atm/build/atm_simulation:/home/gonzalo/grodi_atm/install/atm_simulation/lib/python3.12/site-packages:/home/gonzalo/grodi_atm/build/atm_master:/home/gonzalo/grodi_atm/build/atm_logging:/home/gonzalo/grodi_atm/install/atm_logging/lib/python3.12/site-packages:/home/gonzalo/grodi_atm/build/atm_link:/opt/ros/jazzy/lib/python3.12/site-packages /usr/bin/python3 -W ignore:setup.py install is deprecated -W ignore:easy_install command is deprecated setup.py develop --uninstall --editable --build-directory /home/gonzalo/grodi_atm/build/atm_bringup/build
[1.777s] Invoking command in '/home/gonzalo/grodi_atm/src/atm_bringup': AMENT_PREFIX_PATH=/home/gonzalo/grodi_atm/install/atm_slave:/home/gonzalo/grodi_atm/install/atm_master:/home/gonzalo/grodi_atm/install/atm_link:/home/gonzalo/grodi_atm/install/atm_bringup:/home/gonzalo/grodi_atm/install/atm_simulation:/home/gonzalo/grodi_atm/install/atm_logging:/home/gonzalo/grodi_atm/install/atm_interfaces:/opt/ros/jazzy PYTHONPATH=/home/gonzalo/grodi_atm/build/atm_bringup/prefix_override:/usr/lib/python3/dist-packages/colcon_core/task/python/colcon_distutils_commands:/home/gonzalo/grodi_atm/install/atm_bringup/lib/python3.12/site-packages:/home/gonzalo/grodi_atm/install/atm_slave/lib/python3.12/site-packages:/home/gonzalo/grodi_atm/install/atm_master/lib/python3.12/site-packages:/home/gonzalo/grodi_atm/install/atm_link/lib/python3.12/site-packages:/home/gonzalo/grodi_atm/install/atm_interfaces/lib/python3.12/site-packages:/home/gonzalo/grodi_atm/build/atm_bringup:/home/gonzalo/grodi_atm/install/atm_bringup/lib/python3.12/site-packages:/home/gonzalo/grodi_atm/build/atm_slave:/home/gonzalo/grodi_atm/build/atm_simulation:/home/gonzalo/grodi_atm/install/atm_simulation/lib/python3.12/site-packages:/home/gonzalo/grodi_atm/build/atm_master:/home/gonzalo/grodi_atm/build/atm_logging:/home/gonzalo/grodi_atm/install/atm_logging/lib/python3.12/site-packages:/home/gonzalo/grodi_atm/build/atm_link:/opt/ros/jazzy/lib/python3.12/site-packages /usr/bin/python3 -W ignore:setup.py install is deprecated -W ignore:easy_install command is deprecated setup.py egg_info --egg-base ../../build/atm_bringup build --build-base /home/gonzalo/grodi_atm/build/atm_bringup/build install --record /home/gonzalo/grodi_atm/build/atm_bringup/install.log --single-version-externally-managed install_data --force
[2.031s] running egg_info
[2.049s] writing ../../build/atm_bringup/atm_bringup.egg-info/PKG-INFO
[2.050s] writing dependency_links to ../../build/atm_bringup/atm_bringup.egg-info/dependency_links.txt
[2.050s] writing requirements to ../../build/atm_bringup/atm_bringup.egg-info/requires.txt
[2.050s] writing top-level names to ../../build/atm_bringup/atm_bringup.egg-info/top_level.txt
[2.088s] reading manifest file '../../build/atm_bringup/atm_bringup.egg-info/SOURCES.txt'
[2.089s] writing manifest file '../../build/atm_bringup/atm_bringup.egg-info/SOURCES.txt'
[2.090s] running build
[2.090s] running build_py
[2.090s] creating /home/gonzalo/grodi_atm/build/atm_bringup/build
[2.090s] creating /home/gonzalo/grodi_atm/build/atm_bringup/build/lib
[2.090s] creating /home/gonzalo/grodi_atm/build/atm_bringup/build/lib/atm_bringup
[2.091s] copying atm_bringup/__init__.py -> /home/gonzalo/grodi_atm/build/atm_bringup/build/lib/atm_bringup
[2.091s] running install
[2.097s] running install_lib
[2.116s] creating /home/gonzalo/grodi_atm/install/atm_bringup/lib/python3.12/site-packages/atm_bringup
[2.117s] copying /home/gonzalo/grodi_atm/build/atm_bringup/build/lib/atm_bringup/__init__.py -> /home/gonzalo/grodi_atm/install/atm_bringup/lib/python3.12/site-packages/atm_bringup
[2.117s] byte-compiling /home/gonzalo/grodi_atm/install/atm_bringup/lib/python3.12/site-packages/atm_bringup/__init__.py to __init__.cpython-312.pyc
[2.118s] running install_data
[2.118s] copying resource/atm_bringup -> /home/gonzalo/grodi_atm/install/atm_bringup/share/ament_index/resource_index/packages
[2.118s] copying package.xml -> /home/gonzalo/grodi_atm/install/atm_bringup/share/atm_bringup
[2.119s] copying launch/system.launch.py -> /home/gonzalo/grodi_atm/install/atm_bringup/share/atm_bringup/launch
[2.120s] copying config/system_params.yaml -> /home/gonzalo/grodi_atm/install/atm_bringup/share/atm_bringup/config
[2.122s] copying scripts/atm_master_sentinel.py -> /home/gonzalo/grodi_atm/install/atm_bringup/share/atm_bringup/scripts
[2.123s] copying scripts/atm_slave_sentinel.py -> /home/gonzalo/grodi_atm/install/atm_bringup/share/atm_bringup/scripts
[2.123s] copying systemd/atm-master-sentinel.service -> /home/gonzalo/grodi_atm/install/atm_bringup/share/atm_bringup/systemd
[2.124s] copying systemd/atm-slave-sentinel.service -> /home/gonzalo/grodi_atm/install/atm_bringup/share/atm_bringup/systemd
[2.125s] running install_egg_info
[2.144s] Copying ../../build/atm_bringup/atm_bringup.egg-info to /home/gonzalo/grodi_atm/install/atm_bringup/lib/python3.12/site-packages/atm_bringup-0.0.0-py3.12.egg-info
[2.146s] running install_scripts
[2.268s] writing list of installed files to '/home/gonzalo/grodi_atm/build/atm_bringup/install.log'
[2.290s] Invoked command in '/home/gonzalo/grodi_atm/src/atm_bringup' returned '0': AMENT_PREFIX_PATH=/home/gonzalo/grodi_atm/install/atm_slave:/home/gonzalo/grodi_atm/install/atm_master:/home/gonzalo/grodi_atm/install/atm_link:/home/gonzalo/grodi_atm/install/atm_bringup:/home/gonzalo/grodi_atm/install/atm_simulation:/home/gonzalo/grodi_atm/install/atm_logging:/home/gonzalo/grodi_atm/install/atm_interfaces:/opt/ros/jazzy PYTHONPATH=/home/gonzalo/grodi_atm/build/atm_bringup/prefix_override:/usr/lib/python3/dist-packages/colcon_core/task/python/colcon_distutils_commands:/home/gonzalo/grodi_atm/install/atm_bringup/lib/python3.12/site-packages:/home/gonzalo/grodi_atm/install/atm_slave/lib/python3.12/site-packages:/home/gonzalo/grodi_atm/install/atm_master/lib/python3.12/site-packages:/home/gonzalo/grodi_atm/install/atm_link/lib/python3.12/site-packages:/home/gonzalo/grodi_atm/install/atm_interfaces/lib/python3.12/site-packages:/home/gonzalo/grodi_atm/build/atm_bringup:/home/gonzalo/grodi_atm/install/atm_bringup/lib/python3.12/site-packages:/home/gonzalo/grodi_atm/build/atm_slave:/home/gonzalo/grodi_atm/build/atm_simulation:/home/gonzalo/grodi_atm/install/atm_simulation/lib/python3.12/site-packages:/home/gonzalo/grodi_atm/build/atm_master:/home/gonzalo/grodi_atm/build/atm_logging:/home/gonzalo/grodi_atm/install/atm_logging/lib/python3.12/site-packages:/home/gonzalo/grodi_atm/build/atm_link:/opt/ros/jazzy/lib/python3.12/site-packages /usr/bin/python3 -W ignore:setup.py install is deprecated -W ignore:easy_install command is deprecated setup.py egg_info --egg-base ../../build/atm_bringup build --build-base /home/gonzalo/grodi_atm/build/atm_bringup/build install --record /home/gonzalo/grodi_atm/build/atm_bringup/install.log --single-version-externally-managed install_data --force
