running develop
running egg_info
writing atm_master.egg-info/PKG-INFO
writing dependency_links to atm_master.egg-info/dependency_links.txt
writing entry points to atm_master.egg-info/entry_points.txt
writing requirements to atm_master.egg-info/requires.txt
writing top-level names to atm_master.egg-info/top_level.txt
reading manifest file 'atm_master.egg-info/SOURCES.txt'
writing manifest file 'atm_master.egg-info/SOURCES.txt'
running build_ext
Creating /home/gonzalo/grodi_atm/install/atm_master/lib/python3.12/site-packages/atm-master.egg-link (link to .)
Installing admission_reel_controller_node script to /home/gonzalo/grodi_atm/install/atm_master/lib/atm_master
Installing master_health_publisher_node script to /home/gonzalo/grodi_atm/install/atm_master/lib/atm_master
Installing master_watchdog_node script to /home/gonzalo/grodi_atm/install/atm_master/lib/atm_master
Installing mission_event_logger_node script to /home/gonzalo/grodi_atm/install/atm_master/lib/atm_master
Installing mission_manager_node script to /home/gonzalo/grodi_atm/install/atm_master/lib/atm_master
Installing pump_controller_node script to /home/gonzalo/grodi_atm/install/atm_master/lib/atm_master
Installing server_mission_loader_node script to /home/gonzalo/grodi_atm/install/atm_master/lib/atm_master

Installed /home/gonzalo/grodi_atm/build/atm_master
running symlink_data
