running develop
running egg_info
creating atm_bringup.egg-info
writing atm_bringup.egg-info/PKG-INFO
writing dependency_links to atm_bringup.egg-info/dependency_links.txt
writing requirements to atm_bringup.egg-info/requires.txt
writing top-level names to atm_bringup.egg-info/top_level.txt
writing manifest file 'atm_bringup.egg-info/SOURCES.txt'
reading manifest file 'atm_bringup.egg-info/SOURCES.txt'
writing manifest file 'atm_bringup.egg-info/SOURCES.txt'
running build_ext
Creating /home/gonzalo/grodi_atm/install/atm_bringup/lib/python3.12/site-packages/atm-bringup.egg-link (link to .)

Installed /home/gonzalo/grodi_atm/build/atm_bringup
running symlink_data
creating /home/gonzalo/grodi_atm/install/atm_bringup/share/ament_index
creating /home/gonzalo/grodi_atm/install/atm_bringup/share/ament_index/resource_index
creating /home/gonzalo/grodi_atm/install/atm_bringup/share/ament_index/resource_index/packages
symbolically linking /home/gonzalo/grodi_atm/build/atm_bringup/resource/atm_bringup -> /home/gonzalo/grodi_atm/install/atm_bringup/share/ament_index/resource_index/packages
symbolically linking /home/gonzalo/grodi_atm/build/atm_bringup/package.xml -> /home/gonzalo/grodi_atm/install/atm_bringup/share/atm_bringup
creating /home/gonzalo/grodi_atm/install/atm_bringup/share/atm_bringup/launch
symbolically linking /home/gonzalo/grodi_atm/build/atm_bringup/launch/system.launch.py -> /home/gonzalo/grodi_atm/install/atm_bringup/share/atm_bringup/launch
creating /home/gonzalo/grodi_atm/install/atm_bringup/share/atm_bringup/config
symbolically linking /home/gonzalo/grodi_atm/build/atm_bringup/config/system_params.yaml -> /home/gonzalo/grodi_atm/install/atm_bringup/share/atm_bringup/config
